# JRE version: OpenJDK Runtime Environment (21.0.3) (build 21.0.3+-12282718-b509.11)
# Java VM: OpenJDK 64-Bit Server VM (21.0.3+-12282718-b509.11, mixed mode, tiered, compressed oops, compressed class ptrs, g1 gc, windows-amd64)
GC Precious Log:
 CardTable entry size: 512
 Card Set container configuration: InlinePtr #cards 5 size 8 Array Of Cards #cards 12 size 40 Howl #buckets 4 coarsen threshold 1843 Howl Bitmap #cards 512 size 80 coarsen threshold 460 Card regions per heap region 1 cards per card region 2048
 CPUs: 12 total, 12 available
 Memory: 7365M
 Large Page Support: Disabled
 NUMA Support: Disabled
 Compressed Oops: Enabled (32-bit)
 Heap Region Size: 1M
 Heap Min Capacity: 8M
 Heap Initial Capacity: 116M
 Heap Max Capacity: 2G
 Pre-touch: Disabled
 Parallel Workers: 10
 Concurrent Workers: 3
 Concurrent Refinement Workers: 10
 Periodic GC: Disabled
Heap:
 garbage-first heap   total 179200K, used 108276K [0x0000000080000000, 0x0000000100000000)
  region size 1024K, 29 young (29696K), 8 survivors (8192K)
 Metaspace       used 64123K, committed 65600K, reserved 491520K
  class space    used 8747K, committed 9472K, reserved 425984K
GC Heap History (20 events):
Event: 12.345 GC heap before
{Heap before GC invocations=33 (full 0):
 garbage-first heap   total 179200K, used 162149K [0x0000000080000000, 0x0000000100000000)
  region size 1024K, 85 young (87040K), 5 survivors (5120K)
 Metaspace       used 63387K, committed 64832K, reserved 491520K
  class space    used 8674K, committed 9408K, reserved 425984K
}
Event: 12.350 GC heap after
{Heap after GC invocations=34 (full 0):
 garbage-first heap   total 179200K, used 80745K [0x0000000080000000, 0x0000000100000000)
  region size 1024K, 5 young (5120K), 5 survivors (5120K)
 Metaspace       used 63387K, committed 64832K, reserved 491520K
  class space    used 8674K, committed 9408K, reserved 425984K
}
Event: 12.974 GC heap before
{Heap before GC invocations=34 (full 0):
 garbage-first heap   total 179200K, used 162665K [0x0000000080000000, 0x0000000100000000)
  region size 1024K, 85 young (87040K), 5 survivors (5120K)
 Metaspace       used 63389K, committed 64832K, reserved 491520K
  class space    used 8674K, committed 9408K, reserved 425984K
}
Event: 12.979 GC heap after
{Heap after GC invocations=35 (full 0):
 garbage-first heap   total 179200K, used 80702K [0x0000000080000000, 0x0000000100000000)
  region size 1024K, 6 young (6144K), 6 survivors (6144K)
 Metaspace       used 63389K, committed 64832K, reserved 491520K
  class space    used 8674K, committed 9408K, reserved 425984K
}
Event: 13.504 GC heap before
{Heap before GC invocations=35 (full 0):
 garbage-first heap   total 179200K, used 162622K [0x0000000080000000, 0x0000000100000000)
  region size 1024K, 86 young (88064K), 6 survivors (6144K)
 Metaspace       used 63412K, committed 64896K, reserved 491520K
  class space    used 8674K, committed 9408K, reserved 425984K
}
Event: 13.509 GC heap after
{Heap after GC invocations=36 (full 0):
 garbage-first heap   total 179200K, used 81503K [0x0000000080000000, 0x0000000100000000)
  region size 1024K, 7 young (7168K), 7 survivors (7168K)
 Metaspace       used 63412K, committed 64896K, reserved 491520K
  class space    used 8674K, committed 9408K, reserved 425984K
}
Event: 14.134 GC heap before
{Heap before GC invocations=37 (full 0):
 garbage-first heap   total 179200K, used 161375K [0x0000000080000000, 0x0000000100000000)
  region size 1024K, 85 young (87040K), 7 survivors (7168K)
 Metaspace       used 63422K, committed 64896K, reserved 491520K
  class space    used 8674K, committed 9408K, reserved 425984K
}
Event: 14.140 GC heap after
{Heap after GC invocations=38 (full 0):
 garbage-first heap   total 179200K, used 82409K [0x0000000080000000, 0x0000000100000000)
  region size 1024K, 7 young (7168K), 7 survivors (7168K)
 Metaspace       used 63422K, committed 64896K, reserved 491520K
  class space    used 8674K, committed 9408K, reserved 425984K
}
Event: 14.707 GC heap before
{Heap before GC invocations=38 (full 0):
 garbage-first heap   total 179200K, used 161257K [0x0000000080000000, 0x0000000100000000)
  region size 1024K, 84 young (86016K), 7 survivors (7168K)
 Metaspace       used 63422K, committed 64896K, reserved 491520K
  class space    used 8674K, committed 9408K, reserved 425984K
}
Event: 14.713 GC heap after
{Heap after GC invocations=39 (full 0):
 garbage-first heap   total 179200K, used 82170K [0x0000000080000000, 0x0000000100000000)
  region size 1024K, 7 young (7168K), 7 survivors (7168K)
 Metaspace       used 63422K, committed 64896K, reserved 491520K
  class space    used 8674K, committed 9408K, reserved 425984K
}
Event: 15.208 GC heap before
{Heap before GC invocations=39 (full 0):
 garbage-first heap   total 179200K, used 159994K [0x0000000080000000, 0x0000000100000000)
  region size 1024K, 83 young (84992K), 7 survivors (7168K)
 Metaspace       used 63431K, committed 64960K, reserved 491520K
  class space    used 8674K, committed 9408K, reserved 425984K
}
Event: 15.214 GC heap after
{Heap after GC invocations=40 (full 0):
 garbage-first heap   total 179200K, used 81629K [0x0000000080000000, 0x0000000100000000)
  region size 1024K, 7 young (7168K), 7 survivors (7168K)
 Metaspace       used 63431K, committed 64960K, reserved 491520K
  class space    used 8674K, committed 9408K, reserved 425984K
}
Event: 16.437 GC heap before
{Heap before GC invocations=41 (full 0):
 garbage-first heap   total 179200K, used 163549K [0x0000000080000000, 0x0000000100000000)
  region size 1024K, 85 young (87040K), 7 survivors (7168K)
 Metaspace       used 63569K, committed 65024K, reserved 491520K
  class space    used 8694K, committed 9408K, reserved 425984K
}
Event: 16.439 GC heap after
{Heap after GC invocations=42 (full 0):
 garbage-first heap   total 179200K, used 79305K [0x0000000080000000, 0x0000000100000000)
  region size 1024K, 3 young (3072K), 3 survivors (3072K)
 Metaspace       used 63569K, committed 65024K, reserved 491520K
  class space    used 8694K, committed 9408K, reserved 425984K
}
Event: 16.805 GC heap before
{Heap before GC invocations=42 (full 0):
 garbage-first heap   total 179200K, used 165321K [0x0000000080000000, 0x0000000100000000)
  region size 1024K, 87 young (89088K), 3 survivors (3072K)
 Metaspace       used 63569K, committed 65024K, reserved 491520K
  class space    used 8694K, committed 9408K, reserved 425984K
}
Event: 16.808 GC heap after
{Heap after GC invocations=43 (full 0):
 garbage-first heap   total 179200K, used 79670K [0x0000000080000000, 0x0000000100000000)
  region size 1024K, 4 young (4096K), 4 survivors (4096K)
 Metaspace       used 63569K, committed 65024K, reserved 491520K
  class space    used 8694K, committed 9408K, reserved 425984K
}
Event: 17.011 GC heap before
{Heap before GC invocations=43 (full 0):
 garbage-first heap   total 179200K, used 116534K [0x0000000080000000, 0x0000000100000000)
  region size 1024K, 41 young (41984K), 4 survivors (4096K)
 Metaspace       used 63608K, committed 65024K, reserved 491520K
  class space    used 8697K, committed 9408K, reserved 425984K
}
Event: 17.013 GC heap after
{Heap after GC invocations=44 (full 0):
 garbage-first heap   total 179200K, used 75360K [0x0000000080000000, 0x0000000100000000)
  region size 1024K, 2 young (2048K), 2 survivors (2048K)
 Metaspace       used 63608K, committed 65024K, reserved 491520K
  class space    used 8697K, committed 9408K, reserved 425984K
}
Event: 17.515 GC heap before
{Heap before GC invocations=45 (full 0):
 garbage-first heap   total 179200K, used 167520K [0x0000000080000000, 0x0000000100000000)
  region size 1024K, 90 young (92160K), 2 survivors (2048K)
 Metaspace       used 63903K, committed 65472K, reserved 491520K
  class space    used 8715K, committed 9472K, reserved 425984K
}
Event: 17.518 GC heap after
{Heap after GC invocations=46 (full 0):
 garbage-first heap   total 179200K, used 79898K [0x0000000080000000, 0x0000000100000000)
  region size 1024K, 4 young (4096K), 4 survivors (4096K)
 Metaspace       used 63903K, committed 65472K, reserved 491520K
  class space    used 8715K, committed 9472K, reserved 425984K
}

