# JRE version: OpenJDK Runtime Environment Temurin-17.0.13+11 (17.0.13+11) (build 17.0.13+11)
# Java VM: OpenJDK 64-Bit Server VM Temurin-17.0.13+11 (17.0.13+11, mixed mode, tiered, compressed oops, compressed class ptrs, parallel gc, windows-amd64)
GC Precious Log:
 CPUs: 12 total, 12 available
 Memory: 7365M
 Large Page Support: Disabled
 NUMA Support: Disabled
 Compressed Oops: Enabled (32-bit)
 Alignments: Space 512K, Generation 512K, Heap 2M
 Heap Min Capacity: 100M
 Heap Initial Capacity: 100M
 Heap Max Capacity: 1G
 Pre-touch: Disabled
 Parallel Workers: 10
Heap:
 PSYoungGen      total 2048K, used 2016K [0x00000000eab00000, 0x00000000eae80000, 0x0000000100000000)
  eden space 1536K, 100% used [0x00000000eab00000,0x00000000eac80000,0x00000000eac80000)
  from space 512K, 93% used [0x00000000eae00000,0x00000000eae78000,0x00000000eae80000)
  to   space 512K, 90% used [0x00000000ead80000,0x00000000eadf3a38,0x00000000eae00000)
 ParOldGen       total 142848K, used 128375K [0x00000000c0000000, 0x00000000c8b80000, 0x00000000eab00000)
  object space 142848K, 89% used [0x00000000c0000000,0x00000000c7d5dd30,0x00000000c8b80000)
 Metaspace       used 64929K, committed 66048K, reserved 1114112K
  class space    used 6815K, committed 7232K, reserved 1048576K
GC Heap History (20 events):
Event: 9.226 GC heap before
{Heap before GC invocations=78 (full 5):
 PSYoungGen      total 3072K, used 3070K [0x00000000eab00000, 0x00000000eb100000, 0x0000000100000000)
  eden space 1536K, 100% used [0x00000000eab00000,0x00000000eac80000,0x00000000eac80000)
  from space 1536K, 99% used [0x00000000eae80000,0x00000000eafffa60,0x00000000eb000000)
  to   space 2048K, 0% used [0x00000000eac80000,0x00000000eac80000,0x00000000eae80000)
 ParOldGen       total 142848K, used 123878K [0x00000000c0000000, 0x00000000c8b80000, 0x00000000eab00000)
  object space 142848K, 86% used [0x00000000c0000000,0x00000000c78f9988,0x00000000c8b80000)
 Metaspace       used 64431K, committed 65536K, reserved 1114112K
  class space    used 6734K, committed 7168K, reserved 1048576K
}
Event: 9.228 GC heap after
{Heap after GC invocations=78 (full 5):
 PSYoungGen      total 3072K, used 1026K [0x00000000eab00000, 0x00000000eaf80000, 0x0000000100000000)
  eden space 1536K, 0% used [0x00000000eab00000,0x00000000eab00000,0x00000000eac80000)
  from space 1536K, 66% used [0x00000000eac80000,0x00000000ead80908,0x00000000eae00000)
  to   space 1536K, 0% used [0x00000000eae00000,0x00000000eae00000,0x00000000eaf80000)
 ParOldGen       total 142848K, used 124678K [0x00000000c0000000, 0x00000000c8b80000, 0x00000000eab00000)
  object space 142848K, 87% used [0x00000000c0000000,0x00000000c79c1888,0x00000000c8b80000)
 Metaspace       used 64431K, committed 65536K, reserved 1114112K
  class space    used 6734K, committed 7168K, reserved 1048576K
}
Event: 9.239 GC heap before
{Heap before GC invocations=79 (full 5):
 PSYoungGen      total 3072K, used 2562K [0x00000000eab00000, 0x00000000eaf80000, 0x0000000100000000)
  eden space 1536K, 100% used [0x00000000eab00000,0x00000000eac80000,0x00000000eac80000)
  from space 1536K, 66% used [0x00000000eac80000,0x00000000ead80908,0x00000000eae00000)
  to   space 1536K, 0% used [0x00000000eae00000,0x00000000eae00000,0x00000000eaf80000)
 ParOldGen       total 142848K, used 124678K [0x00000000c0000000, 0x00000000c8b80000, 0x00000000eab00000)
  object space 142848K, 87% used [0x00000000c0000000,0x00000000c79c1888,0x00000000c8b80000)
 Metaspace       used 64431K, committed 65536K, reserved 1114112K
  class space    used 6734K, committed 7168K, reserved 1048576K
}
Event: 9.241 GC heap after
{Heap after GC invocations=79 (full 5):
 PSYoungGen      total 2560K, used 896K [0x00000000eab00000, 0x00000000eaf00000, 0x0000000100000000)
  eden space 1536K, 0% used [0x00000000eab00000,0x00000000eab00000,0x00000000eac80000)
  from space 1024K, 87% used [0x00000000eae00000,0x00000000eaee0000,0x00000000eaf00000)
  to   space 1024K, 0% used [0x00000000ead00000,0x00000000ead00000,0x00000000eae00000)
 ParOldGen       total 142848K, used 125121K [0x00000000c0000000, 0x00000000c8b80000, 0x00000000eab00000)
  object space 142848K, 87% used [0x00000000c0000000,0x00000000c7a30510,0x00000000c8b80000)
 Metaspace       used 64431K, committed 65536K, reserved 1114112K
  class space    used 6734K, committed 7168K, reserved 1048576K
}
Event: 9.257 GC heap before
{Heap before GC invocations=80 (full 5):
 PSYoungGen      total 2560K, used 2432K [0x00000000eab00000, 0x00000000eaf00000, 0x0000000100000000)
  eden space 1536K, 100% used [0x00000000eab00000,0x00000000eac80000,0x00000000eac80000)
  from space 1024K, 87% used [0x00000000eae00000,0x00000000eaee0000,0x00000000eaf00000)
  to   space 1024K, 0% used [0x00000000ead00000,0x00000000ead00000,0x00000000eae00000)
 ParOldGen       total 142848K, used 125121K [0x00000000c0000000, 0x00000000c8b80000, 0x00000000eab00000)
  object space 142848K, 87% used [0x00000000c0000000,0x00000000c7a30510,0x00000000c8b80000)
 Metaspace       used 64431K, committed 65536K, reserved 1114112K
  class space    used 6734K, committed 7168K, reserved 1048576K
}
Event: 9.258 GC heap after
{Heap after GC invocations=80 (full 5):
 PSYoungGen      total 2560K, used 706K [0x00000000eab00000, 0x00000000eae80000, 0x0000000100000000)
  eden space 1536K, 0% used [0x00000000eab00000,0x00000000eab00000,0x00000000eac80000)
  from space 1024K, 69% used [0x00000000ead00000,0x00000000eadb0be0,0x00000000eae00000)
  to   space 512K, 0% used [0x00000000eae00000,0x00000000eae00000,0x00000000eae80000)
 ParOldGen       total 142848K, used 125581K [0x00000000c0000000, 0x00000000c8b80000, 0x00000000eab00000)
  object space 142848K, 87% used [0x00000000c0000000,0x00000000c7aa35d0,0x00000000c8b80000)
 Metaspace       used 64431K, committed 65536K, reserved 1114112K
  class space    used 6734K, committed 7168K, reserved 1048576K
}
Event: 9.276 GC heap before
{Heap before GC invocations=81 (full 5):
 PSYoungGen      total 2560K, used 2242K [0x00000000eab00000, 0x00000000eae80000, 0x0000000100000000)
  eden space 1536K, 100% used [0x00000000eab00000,0x00000000eac80000,0x00000000eac80000)
  from space 1024K, 69% used [0x00000000ead00000,0x00000000eadb0be0,0x00000000eae00000)
  to   space 512K, 0% used [0x00000000eae00000,0x00000000eae00000,0x00000000eae80000)
 ParOldGen       total 142848K, used 125581K [0x00000000c0000000, 0x00000000c8b80000, 0x00000000eab00000)
  object space 142848K, 87% used [0x00000000c0000000,0x00000000c7aa35d0,0x00000000c8b80000)
 Metaspace       used 64431K, committed 65536K, reserved 1114112K
  class space    used 6734K, committed 7168K, reserved 1048576K
}
Event: 9.277 GC heap after
{Heap after GC invocations=81 (full 5):
 PSYoungGen      total 2048K, used 448K [0x00000000eab00000, 0x00000000eae80000, 0x0000000100000000)
  eden space 1536K, 0% used [0x00000000eab00000,0x00000000eab00000,0x00000000eac80000)
  from space 512K, 87% used [0x00000000eae00000,0x00000000eae70000,0x00000000eae80000)
  to   space 1024K, 0% used [0x00000000eac80000,0x00000000eac80000,0x00000000ead80000)
 ParOldGen       total 142848K, used 126126K [0x00000000c0000000, 0x00000000c8b80000, 0x00000000eab00000)
  object space 142848K, 88% used [0x00000000c0000000,0x00000000c7b2b838,0x00000000c8b80000)
 Metaspace       used 64431K, committed 65536K, reserved 1114112K
  class space    used 6734K, committed 7168K, reserved 1048576K
}
Event: 9.296 GC heap before
{Heap before GC invocations=82 (full 5):
 PSYoungGen      total 2048K, used 1984K [0x00000000eab00000, 0x00000000eae80000, 0x0000000100000000)
  eden space 1536K, 100% used [0x00000000eab00000,0x00000000eac80000,0x00000000eac80000)
  from space 512K, 87% used [0x00000000eae00000,0x00000000eae70000,0x00000000eae80000)
  to   space 1024K, 0% used [0x00000000eac80000,0x00000000eac80000,0x00000000ead80000)
 ParOldGen       total 142848K, used 126126K [0x00000000c0000000, 0x00000000c8b80000, 0x00000000eab00000)
  object space 142848K, 88% used [0x00000000c0000000,0x00000000c7b2b838,0x00000000c8b80000)
 Metaspace       used 64431K, committed 65536K, reserved 1114112K
  class space    used 6734K, committed 7168K, reserved 1048576K
}
Event: 9.298 GC heap after
{Heap after GC invocations=82 (full 5):
 PSYoungGen      total 2560K, used 423K [0x00000000eab00000, 0x00000000eae80000, 0x0000000100000000)
  eden space 1536K, 0% used [0x00000000eab00000,0x00000000eab00000,0x00000000eac80000)
  from space 1024K, 41% used [0x00000000eac80000,0x00000000eace9e88,0x00000000ead80000)
  to   space 512K, 0% used [0x00000000eae00000,0x00000000eae00000,0x00000000eae80000)
 ParOldGen       total 142848K, used 126357K [0x00000000c0000000, 0x00000000c8b80000, 0x00000000eab00000)
  object space 142848K, 88% used [0x00000000c0000000,0x00000000c7b656b0,0x00000000c8b80000)
 Metaspace       used 64431K, committed 65536K, reserved 1114112K
  class space    used 6734K, committed 7168K, reserved 1048576K
}
Event: 9.323 GC heap before
{Heap before GC invocations=83 (full 5):
 PSYoungGen      total 2560K, used 1956K [0x00000000eab00000, 0x00000000eae80000, 0x0000000100000000)
  eden space 1536K, 99% used [0x00000000eab00000,0x00000000eac7f368,0x00000000eac80000)
  from space 1024K, 41% used [0x00000000eac80000,0x00000000eace9e88,0x00000000ead80000)
  to   space 512K, 0% used [0x00000000eae00000,0x00000000eae00000,0x00000000eae80000)
 ParOldGen       total 142848K, used 126357K [0x00000000c0000000, 0x00000000c8b80000, 0x00000000eab00000)
  object space 142848K, 88% used [0x00000000c0000000,0x00000000c7b656b0,0x00000000c8b80000)
 Metaspace       used 64431K, committed 65536K, reserved 1114112K
  class space    used 6734K, committed 7168K, reserved 1048576K
}
Event: 9.324 GC heap after
{Heap after GC invocations=83 (full 5):
 PSYoungGen      total 2048K, used 352K [0x00000000eab00000, 0x00000000eae80000, 0x0000000100000000)
  eden space 1536K, 0% used [0x00000000eab00000,0x00000000eab00000,0x00000000eac80000)
  from space 512K, 68% used [0x00000000eae00000,0x00000000eae58000,0x00000000eae80000)
  to   space 512K, 0% used [0x00000000ead80000,0x00000000ead80000,0x00000000eae00000)
 ParOldGen       total 142848K, used 126642K [0x00000000c0000000, 0x00000000c8b80000, 0x00000000eab00000)
  object space 142848K, 88% used [0x00000000c0000000,0x00000000c7bac8c0,0x00000000c8b80000)
 Metaspace       used 64431K, committed 65536K, reserved 1114112K
  class space    used 6734K, committed 7168K, reserved 1048576K
}
Event: 9.353 GC heap before
{Heap before GC invocations=84 (full 5):
 PSYoungGen      total 2048K, used 1888K [0x00000000eab00000, 0x00000000eae80000, 0x0000000100000000)
  eden space 1536K, 100% used [0x00000000eab00000,0x00000000eac80000,0x00000000eac80000)
  from space 512K, 68% used [0x00000000eae00000,0x00000000eae58000,0x00000000eae80000)
  to   space 512K, 0% used [0x00000000ead80000,0x00000000ead80000,0x00000000eae00000)
 ParOldGen       total 142848K, used 126642K [0x00000000c0000000, 0x00000000c8b80000, 0x00000000eab00000)
  object space 142848K, 88% used [0x00000000c0000000,0x00000000c7bac8c0,0x00000000c8b80000)
 Metaspace       used 64516K, committed 65600K, reserved 1114112K
  class space    used 6743K, committed 7168K, reserved 1048576K
}
Event: 9.367 GC heap after
{Heap after GC invocations=84 (full 5):
 PSYoungGen      total 2048K, used 457K [0x00000000eab00000, 0x00000000eae80000, 0x0000000100000000)
  eden space 1536K, 0% used [0x00000000eab00000,0x00000000eab00000,0x00000000eac80000)
  from space 512K, 89% used [0x00000000ead80000,0x00000000eadf27a0,0x00000000eae00000)
  to   space 512K, 0% used [0x00000000eae00000,0x00000000eae00000,0x00000000eae80000)
 ParOldGen       total 142848K, used 126862K [0x00000000c0000000, 0x00000000c8b80000, 0x00000000eab00000)
  object space 142848K, 88% used [0x00000000c0000000,0x00000000c7be3868,0x00000000c8b80000)
 Metaspace       used 64516K, committed 65600K, reserved 1114112K
  class space    used 6743K, committed 7168K, reserved 1048576K
}
Event: 9.380 GC heap before
{Heap before GC invocations=85 (full 5):
 PSYoungGen      total 2048K, used 1993K [0x00000000eab00000, 0x00000000eae80000, 0x0000000100000000)
  eden space 1536K, 100% used [0x00000000eab00000,0x00000000eac80000,0x00000000eac80000)
  from space 512K, 89% used [0x00000000ead80000,0x00000000eadf27a0,0x00000000eae00000)
  to   space 512K, 0% used [0x00000000eae00000,0x00000000eae00000,0x00000000eae80000)
 ParOldGen       total 142848K, used 126862K [0x00000000c0000000, 0x00000000c8b80000, 0x00000000eab00000)
  object space 142848K, 88% used [0x00000000c0000000,0x00000000c7be3868,0x00000000c8b80000)
 Metaspace       used 64575K, committed 65664K, reserved 1114112K
  class space    used 6753K, committed 7168K, reserved 1048576K
}
Event: 9.382 GC heap after
{Heap after GC invocations=85 (full 5):
 PSYoungGen      total 2048K, used 448K [0x00000000eab00000, 0x00000000eae80000, 0x0000000100000000)
  eden space 1536K, 0% used [0x00000000eab00000,0x00000000eab00000,0x00000000eac80000)
  from space 512K, 87% used [0x00000000eae00000,0x00000000eae70000,0x00000000eae80000)
  to   space 512K, 0% used [0x00000000ead80000,0x00000000ead80000,0x00000000eae00000)
 ParOldGen       total 142848K, used 127125K [0x00000000c0000000, 0x00000000c8b80000, 0x00000000eab00000)
  object space 142848K, 88% used [0x00000000c0000000,0x00000000c7c25418,0x00000000c8b80000)
 Metaspace       used 64575K, committed 65664K, reserved 1114112K
  class space    used 6753K, committed 7168K, reserved 1048576K
}
Event: 9.397 GC heap before
{Heap before GC invocations=86 (full 5):
 PSYoungGen      total 2048K, used 1984K [0x00000000eab00000, 0x00000000eae80000, 0x0000000100000000)
  eden space 1536K, 100% used [0x00000000eab00000,0x00000000eac80000,0x00000000eac80000)
  from space 512K, 87% used [0x00000000eae00000,0x00000000eae70000,0x00000000eae80000)
  to   space 512K, 0% used [0x00000000ead80000,0x00000000ead80000,0x00000000eae00000)
 ParOldGen       total 142848K, used 127125K [0x00000000c0000000, 0x00000000c8b80000, 0x00000000eab00000)
  object space 142848K, 88% used [0x00000000c0000000,0x00000000c7c25418,0x00000000c8b80000)
 Metaspace       used 64637K, committed 65728K, reserved 1114112K
  class space    used 6768K, committed 7168K, reserved 1048576K
}
Event: 9.399 GC heap after
{Heap after GC invocations=86 (full 5):
 PSYoungGen      total 2048K, used 306K [0x00000000eab00000, 0x00000000eae80000, 0x0000000100000000)
  eden space 1536K, 0% used [0x00000000eab00000,0x00000000eab00000,0x00000000eac80000)
  from space 512K, 59% used [0x00000000ead80000,0x00000000eadcc9e0,0x00000000eae00000)
  to   space 512K, 0% used [0x00000000eae00000,0x00000000eae00000,0x00000000eae80000)
 ParOldGen       total 142848K, used 127400K [0x00000000c0000000, 0x00000000c8b80000, 0x00000000eab00000)
  object space 142848K, 89% used [0x00000000c0000000,0x00000000c7c6a050,0x00000000c8b80000)
 Metaspace       used 64637K, committed 65728K, reserved 1114112K
  class space    used 6768K, committed 7168K, reserved 1048576K
}
Event: 9.411 GC heap before
{Heap before GC invocations=87 (full 5):
 PSYoungGen      total 2048K, used 1842K [0x00000000eab00000, 0x00000000eae80000, 0x0000000100000000)
  eden space 1536K, 100% used [0x00000000eab00000,0x00000000eac80000,0x00000000eac80000)
  from space 512K, 59% used [0x00000000ead80000,0x00000000eadcc9e0,0x00000000eae00000)
  to   space 512K, 0% used [0x00000000eae00000,0x00000000eae00000,0x00000000eae80000)
 ParOldGen       total 142848K, used 127400K [0x00000000c0000000, 0x00000000c8b80000, 0x00000000eab00000)
  object space 142848K, 89% used [0x00000000c0000000,0x00000000c7c6a050,0x00000000c8b80000)
 Metaspace       used 64693K, committed 65792K, reserved 1114112K
  class space    used 6778K, committed 7168K, reserved 1048576K
}
Event: 9.414 GC heap after
{Heap after GC invocations=87 (full 5):
 PSYoungGen      total 2048K, used 416K [0x00000000eab00000, 0x00000000eae80000, 0x0000000100000000)
  eden space 1536K, 0% used [0x00000000eab00000,0x00000000eab00000,0x00000000eac80000)
  from space 512K, 81% used [0x00000000eae00000,0x00000000eae68000,0x00000000eae80000)
  to   space 512K, 0% used [0x00000000ead80000,0x00000000ead80000,0x00000000eae00000)
 ParOldGen       total 142848K, used 127641K [0x00000000c0000000, 0x00000000c8b80000, 0x00000000eab00000)
  object space 142848K, 89% used [0x00000000c0000000,0x00000000c7ca6510,0x00000000c8b80000)
 Metaspace       used 64693K, committed 65792K, reserved 1114112K
  class space    used 6778K, committed 7168K, reserved 1048576K
}

