# JRE version: OpenJDK Runtime Environment Temurin-17.0.13+11 (17.0.13+11) (build 17.0.13+11)
# Java VM: OpenJDK 64-Bit Server VM Temurin-17.0.13+11 (17.0.13+11, mixed mode, tiered, compressed oops, compressed class ptrs, parallel gc, windows-amd64)
GC Precious Log:
 CPUs: 12 total, 12 available
 Memory: 7365M
 Large Page Support: Disabled
 NUMA Support: Disabled
 Compressed Oops: Enabled (32-bit)
 Alignments: Space 512K, Generation 512K, Heap 2M
 Heap Min Capacity: 100M
 Heap Initial Capacity: 100M
 Heap Max Capacity: 1G
 Pre-touch: Disabled
 Parallel Workers: 10
Heap:
 PSYoungGen      total 23040K, used 9745K [0x00000000eab00000, 0x00000000ec680000, 0x0000000100000000)
  eden space 20992K, 36% used [0x00000000eab00000,0x00000000eb286018,0x00000000ebf80000)
  from space 2048K, 99% used [0x00000000ec000000,0x00000000ec1fe680,0x00000000ec200000)
  to   space 3584K, 0% used [0x00000000ec300000,0x00000000ec300000,0x00000000ec680000)
 ParOldGen       total 68608K, used 39713K [0x00000000c0000000, 0x00000000c4300000, 0x00000000eab00000)
  object space 68608K, 57% used [0x00000000c0000000,0x00000000c26c8438,0x00000000c4300000)
 Metaspace       used 61138K, committed 62208K, reserved 1114112K
  class space    used 6459K, committed 6912K, reserved 1048576K
GC Heap History (20 events):
Event: 5.694 GC heap before
{Heap before GC invocations=23 (full 2):
 PSYoungGen      total 23552K, used 23083K [0x00000000eab00000, 0x00000000ec480000, 0x0000000100000000)
  eden space 21504K, 100% used [0x00000000eab00000,0x00000000ec000000,0x00000000ec000000)
  from space 2048K, 77% used [0x00000000ec280000,0x00000000ec40ac38,0x00000000ec480000)
  to   space 2048K, 0% used [0x00000000ec080000,0x00000000ec080000,0x00000000ec280000)
 ParOldGen       total 68608K, used 30509K [0x00000000c0000000, 0x00000000c4300000, 0x00000000eab00000)
  object space 68608K, 44% used [0x00000000c0000000,0x00000000c1dcb480,0x00000000c4300000)
 Metaspace       used 50750K, committed 51776K, reserved 1114112K
  class space    used 5301K, committed 5696K, reserved 1048576K
}
Event: 5.696 GC heap after
{Heap after GC invocations=23 (full 2):
 PSYoungGen      total 23552K, used 2029K [0x00000000eab00000, 0x00000000ec700000, 0x0000000100000000)
  eden space 21504K, 0% used [0x00000000eab00000,0x00000000eab00000,0x00000000ec000000)
  from space 2048K, 99% used [0x00000000ec080000,0x00000000ec27b5c0,0x00000000ec280000)
  to   space 3584K, 0% used [0x00000000ec380000,0x00000000ec380000,0x00000000ec700000)
 ParOldGen       total 68608K, used 31744K [0x00000000c0000000, 0x00000000c4300000, 0x00000000eab00000)
  object space 68608K, 46% used [0x00000000c0000000,0x00000000c1f002f8,0x00000000c4300000)
 Metaspace       used 50750K, committed 51776K, reserved 1114112K
  class space    used 5301K, committed 5696K, reserved 1048576K
}
Event: 5.956 GC heap before
{Heap before GC invocations=24 (full 2):
 PSYoungGen      total 23552K, used 23533K [0x00000000eab00000, 0x00000000ec700000, 0x0000000100000000)
  eden space 21504K, 100% used [0x00000000eab00000,0x00000000ec000000,0x00000000ec000000)
  from space 2048K, 99% used [0x00000000ec080000,0x00000000ec27b5c0,0x00000000ec280000)
  to   space 3584K, 0% used [0x00000000ec380000,0x00000000ec380000,0x00000000ec700000)
 ParOldGen       total 68608K, used 31744K [0x00000000c0000000, 0x00000000c4300000, 0x00000000eab00000)
  object space 68608K, 46% used [0x00000000c0000000,0x00000000c1f002f8,0x00000000c4300000)
 Metaspace       used 52500K, committed 53568K, reserved 1114112K
  class space    used 5513K, committed 5952K, reserved 1048576K
}
Event: 5.958 GC heap after
{Heap after GC invocations=24 (full 2):
 PSYoungGen      total 24064K, used 2128K [0x00000000eab00000, 0x00000000ec600000, 0x0000000100000000)
  eden space 21504K, 0% used [0x00000000eab00000,0x00000000eab00000,0x00000000ec000000)
  from space 2560K, 83% used [0x00000000ec380000,0x00000000ec594368,0x00000000ec600000)
  to   space 2560K, 0% used [0x00000000ec100000,0x00000000ec100000,0x00000000ec380000)
 ParOldGen       total 68608K, used 33700K [0x00000000c0000000, 0x00000000c4300000, 0x00000000eab00000)
  object space 68608K, 49% used [0x00000000c0000000,0x00000000c20e9198,0x00000000c4300000)
 Metaspace       used 52500K, committed 53568K, reserved 1114112K
  class space    used 5513K, committed 5952K, reserved 1048576K
}
Event: 6.302 GC heap before
{Heap before GC invocations=25 (full 2):
 PSYoungGen      total 24064K, used 23576K [0x00000000eab00000, 0x00000000ec600000, 0x0000000100000000)
  eden space 21504K, 99% used [0x00000000eab00000,0x00000000ebff1fe0,0x00000000ec000000)
  from space 2560K, 83% used [0x00000000ec380000,0x00000000ec594368,0x00000000ec600000)
  to   space 2560K, 0% used [0x00000000ec100000,0x00000000ec100000,0x00000000ec380000)
 ParOldGen       total 68608K, used 33700K [0x00000000c0000000, 0x00000000c4300000, 0x00000000eab00000)
  object space 68608K, 49% used [0x00000000c0000000,0x00000000c20e9198,0x00000000c4300000)
 Metaspace       used 54008K, committed 55104K, reserved 1114112K
  class space    used 5723K, committed 6208K, reserved 1048576K
}
Event: 6.304 GC heap after
{Heap after GC invocations=25 (full 2):
 PSYoungGen      total 23040K, used 1171K [0x00000000eab00000, 0x00000000ec400000, 0x0000000100000000)
  eden space 21504K, 0% used [0x00000000eab00000,0x00000000eab00000,0x00000000ec000000)
  from space 1536K, 76% used [0x00000000ec100000,0x00000000ec224c98,0x00000000ec280000)
  to   space 1536K, 0% used [0x00000000ec280000,0x00000000ec280000,0x00000000ec400000)
 ParOldGen       total 68608K, used 35606K [0x00000000c0000000, 0x00000000c4300000, 0x00000000eab00000)
  object space 68608K, 51% used [0x00000000c0000000,0x00000000c22c5a38,0x00000000c4300000)
 Metaspace       used 54008K, committed 55104K, reserved 1114112K
  class space    used 5723K, committed 6208K, reserved 1048576K
}
Event: 6.622 GC heap before
{Heap before GC invocations=26 (full 2):
 PSYoungGen      total 23040K, used 22675K [0x00000000eab00000, 0x00000000ec400000, 0x0000000100000000)
  eden space 21504K, 100% used [0x00000000eab00000,0x00000000ec000000,0x00000000ec000000)
  from space 1536K, 76% used [0x00000000ec100000,0x00000000ec224c98,0x00000000ec280000)
  to   space 1536K, 0% used [0x00000000ec280000,0x00000000ec280000,0x00000000ec400000)
 ParOldGen       total 68608K, used 35606K [0x00000000c0000000, 0x00000000c4300000, 0x00000000eab00000)
  object space 68608K, 51% used [0x00000000c0000000,0x00000000c22c5a38,0x00000000c4300000)
 Metaspace       used 55923K, committed 56960K, reserved 1114112K
  class space    used 5968K, committed 6400K, reserved 1048576K
}
Event: 6.623 GC heap after
{Heap after GC invocations=26 (full 2):
 PSYoungGen      total 22528K, used 1504K [0x00000000eab00000, 0x00000000ec600000, 0x0000000100000000)
  eden space 20992K, 0% used [0x00000000eab00000,0x00000000eab00000,0x00000000ebf80000)
  from space 1536K, 97% used [0x00000000ec280000,0x00000000ec3f8278,0x00000000ec400000)
  to   space 3072K, 0% used [0x00000000ebf80000,0x00000000ebf80000,0x00000000ec280000)
 ParOldGen       total 68608K, used 36587K [0x00000000c0000000, 0x00000000c4300000, 0x00000000eab00000)
  object space 68608K, 53% used [0x00000000c0000000,0x00000000c23baf40,0x00000000c4300000)
 Metaspace       used 55923K, committed 56960K, reserved 1114112K
  class space    used 5968K, committed 6400K, reserved 1048576K
}
Event: 7.025 GC heap before
{Heap before GC invocations=27 (full 2):
 PSYoungGen      total 22528K, used 22496K [0x00000000eab00000, 0x00000000ec600000, 0x0000000100000000)
  eden space 20992K, 100% used [0x00000000eab00000,0x00000000ebf80000,0x00000000ebf80000)
  from space 1536K, 97% used [0x00000000ec280000,0x00000000ec3f8278,0x00000000ec400000)
  to   space 3072K, 0% used [0x00000000ebf80000,0x00000000ebf80000,0x00000000ec280000)
 ParOldGen       total 68608K, used 36587K [0x00000000c0000000, 0x00000000c4300000, 0x00000000eab00000)
  object space 68608K, 53% used [0x00000000c0000000,0x00000000c23baf40,0x00000000c4300000)
 Metaspace       used 57683K, committed 58752K, reserved 1114112K
  class space    used 6163K, committed 6592K, reserved 1048576K
}
Event: 7.027 GC heap after
{Heap after GC invocations=27 (full 2):
 PSYoungGen      total 22016K, used 992K [0x00000000eab00000, 0x00000000ec300000, 0x0000000100000000)
  eden space 20992K, 0% used [0x00000000eab00000,0x00000000eab00000,0x00000000ebf80000)
  from space 1024K, 96% used [0x00000000ebf80000,0x00000000ec078000,0x00000000ec080000)
  to   space 1536K, 0% used [0x00000000ec180000,0x00000000ec180000,0x00000000ec300000)
 ParOldGen       total 68608K, used 37953K [0x00000000c0000000, 0x00000000c4300000, 0x00000000eab00000)
  object space 68608K, 55% used [0x00000000c0000000,0x00000000c2510538,0x00000000c4300000)
 Metaspace       used 57683K, committed 58752K, reserved 1114112K
  class space    used 6163K, committed 6592K, reserved 1048576K
}
Event: 7.145 GC heap before
{Heap before GC invocations=28 (full 2):
 PSYoungGen      total 22016K, used 9756K [0x00000000eab00000, 0x00000000ec300000, 0x0000000100000000)
  eden space 20992K, 41% used [0x00000000eab00000,0x00000000eb38f110,0x00000000ebf80000)
  from space 1024K, 96% used [0x00000000ebf80000,0x00000000ec078000,0x00000000ec080000)
  to   space 1536K, 0% used [0x00000000ec180000,0x00000000ec180000,0x00000000ec300000)
 ParOldGen       total 68608K, used 37953K [0x00000000c0000000, 0x00000000c4300000, 0x00000000eab00000)
  object space 68608K, 55% used [0x00000000c0000000,0x00000000c2510538,0x00000000c4300000)
 Metaspace       used 58761K, committed 59776K, reserved 1114112K
  class space    used 6257K, committed 6656K, reserved 1048576K
}
Event: 7.147 GC heap after
{Heap after GC invocations=28 (full 2):
 PSYoungGen      total 22528K, used 1152K [0x00000000eab00000, 0x00000000ec300000, 0x0000000100000000)
  eden space 20992K, 0% used [0x00000000eab00000,0x00000000eab00000,0x00000000ebf80000)
  from space 1536K, 75% used [0x00000000ec180000,0x00000000ec2a0020,0x00000000ec300000)
  to   space 1536K, 0% used [0x00000000ec000000,0x00000000ec000000,0x00000000ec180000)
 ParOldGen       total 68608K, used 38746K [0x00000000c0000000, 0x00000000c4300000, 0x00000000eab00000)
  object space 68608K, 56% used [0x00000000c0000000,0x00000000c25d6a08,0x00000000c4300000)
 Metaspace       used 58761K, committed 59776K, reserved 1114112K
  class space    used 6257K, committed 6656K, reserved 1048576K
}
Event: 7.147 GC heap before
{Heap before GC invocations=29 (full 3):
 PSYoungGen      total 22528K, used 1152K [0x00000000eab00000, 0x00000000ec300000, 0x0000000100000000)
  eden space 20992K, 0% used [0x00000000eab00000,0x00000000eab00000,0x00000000ebf80000)
  from space 1536K, 75% used [0x00000000ec180000,0x00000000ec2a0020,0x00000000ec300000)
  to   space 1536K, 0% used [0x00000000ec000000,0x00000000ec000000,0x00000000ec180000)
 ParOldGen       total 68608K, used 38746K [0x00000000c0000000, 0x00000000c4300000, 0x00000000eab00000)
  object space 68608K, 56% used [0x00000000c0000000,0x00000000c25d6a08,0x00000000c4300000)
 Metaspace       used 58761K, committed 59776K, reserved 1114112K
  class space    used 6257K, committed 6656K, reserved 1048576K
}
Event: 7.204 GC heap after
{Heap after GC invocations=29 (full 3):
 PSYoungGen      total 22528K, used 0K [0x00000000eab00000, 0x00000000ec300000, 0x0000000100000000)
  eden space 20992K, 0% used [0x00000000eab00000,0x00000000eab00000,0x00000000ebf80000)
  from space 1536K, 0% used [0x00000000ec180000,0x00000000ec180000,0x00000000ec300000)
  to   space 1536K, 0% used [0x00000000ec000000,0x00000000ec000000,0x00000000ec180000)
 ParOldGen       total 68608K, used 36040K [0x00000000c0000000, 0x00000000c4300000, 0x00000000eab00000)
  object space 68608K, 52% used [0x00000000c0000000,0x00000000c23322b8,0x00000000c4300000)
 Metaspace       used 58750K, committed 59776K, reserved 1114112K
  class space    used 6254K, committed 6656K, reserved 1048576K
}
Event: 7.510 GC heap before
{Heap before GC invocations=30 (full 3):
 PSYoungGen      total 22528K, used 20992K [0x00000000eab00000, 0x00000000ec300000, 0x0000000100000000)
  eden space 20992K, 100% used [0x00000000eab00000,0x00000000ebf80000,0x00000000ebf80000)
  from space 1536K, 0% used [0x00000000ec180000,0x00000000ec180000,0x00000000ec300000)
  to   space 1536K, 0% used [0x00000000ec000000,0x00000000ec000000,0x00000000ec180000)
 ParOldGen       total 68608K, used 36040K [0x00000000c0000000, 0x00000000c4300000, 0x00000000eab00000)
  object space 68608K, 52% used [0x00000000c0000000,0x00000000c23322b8,0x00000000c4300000)
 Metaspace       used 59449K, committed 60544K, reserved 1114112K
  class space    used 6317K, committed 6784K, reserved 1048576K
}
Event: 7.512 GC heap after
{Heap after GC invocations=30 (full 3):
 PSYoungGen      total 22528K, used 1521K [0x00000000eab00000, 0x00000000ec680000, 0x0000000100000000)
  eden space 20992K, 0% used [0x00000000eab00000,0x00000000eab00000,0x00000000ebf80000)
  from space 1536K, 99% used [0x00000000ec000000,0x00000000ec17c520,0x00000000ec180000)
  to   space 3584K, 0% used [0x00000000ec300000,0x00000000ec300000,0x00000000ec680000)
 ParOldGen       total 68608K, used 37588K [0x00000000c0000000, 0x00000000c4300000, 0x00000000eab00000)
  object space 68608K, 54% used [0x00000000c0000000,0x00000000c24b5080,0x00000000c4300000)
 Metaspace       used 59449K, committed 60544K, reserved 1114112K
  class space    used 6317K, committed 6784K, reserved 1048576K
}
Event: 7.628 GC heap before
{Heap before GC invocations=31 (full 3):
 PSYoungGen      total 22528K, used 22513K [0x00000000eab00000, 0x00000000ec680000, 0x0000000100000000)
  eden space 20992K, 100% used [0x00000000eab00000,0x00000000ebf80000,0x00000000ebf80000)
  from space 1536K, 99% used [0x00000000ec000000,0x00000000ec17c520,0x00000000ec180000)
  to   space 3584K, 0% used [0x00000000ec300000,0x00000000ec300000,0x00000000ec680000)
 ParOldGen       total 68608K, used 37588K [0x00000000c0000000, 0x00000000c4300000, 0x00000000eab00000)
  object space 68608K, 54% used [0x00000000c0000000,0x00000000c24b5080,0x00000000c4300000)
 Metaspace       used 59480K, committed 60608K, reserved 1114112K
  class space    used 6317K, committed 6784K, reserved 1048576K
}
Event: 7.629 GC heap after
{Heap after GC invocations=31 (full 3):
 PSYoungGen      total 22016K, used 1010K [0x00000000eab00000, 0x00000000ec400000, 0x0000000100000000)
  eden space 20992K, 0% used [0x00000000eab00000,0x00000000eab00000,0x00000000ebf80000)
  from space 1024K, 98% used [0x00000000ec300000,0x00000000ec3fcb98,0x00000000ec400000)
  to   space 2048K, 0% used [0x00000000ec000000,0x00000000ec000000,0x00000000ec200000)
 ParOldGen       total 68608K, used 38930K [0x00000000c0000000, 0x00000000c4300000, 0x00000000eab00000)
  object space 68608K, 56% used [0x00000000c0000000,0x00000000c2604bb0,0x00000000c4300000)
 Metaspace       used 59480K, committed 60608K, reserved 1114112K
  class space    used 6317K, committed 6784K, reserved 1048576K
}
Event: 7.896 GC heap before
{Heap before GC invocations=32 (full 3):
 PSYoungGen      total 22016K, used 22002K [0x00000000eab00000, 0x00000000ec400000, 0x0000000100000000)
  eden space 20992K, 100% used [0x00000000eab00000,0x00000000ebf80000,0x00000000ebf80000)
  from space 1024K, 98% used [0x00000000ec300000,0x00000000ec3fcb98,0x00000000ec400000)
  to   space 2048K, 0% used [0x00000000ec000000,0x00000000ec000000,0x00000000ec200000)
 ParOldGen       total 68608K, used 38930K [0x00000000c0000000, 0x00000000c4300000, 0x00000000eab00000)
  object space 68608K, 56% used [0x00000000c0000000,0x00000000c2604bb0,0x00000000c4300000)
 Metaspace       used 60883K, committed 61952K, reserved 1114112K
  class space    used 6449K, committed 6912K, reserved 1048576K
}
Event: 7.898 GC heap after
{Heap after GC invocations=32 (full 3):
 PSYoungGen      total 23040K, used 2041K [0x00000000eab00000, 0x00000000ec680000, 0x0000000100000000)
  eden space 20992K, 0% used [0x00000000eab00000,0x00000000eab00000,0x00000000ebf80000)
  from space 2048K, 99% used [0x00000000ec000000,0x00000000ec1fe680,0x00000000ec200000)
  to   space 3584K, 0% used [0x00000000ec300000,0x00000000ec300000,0x00000000ec680000)
 ParOldGen       total 68608K, used 39713K [0x00000000c0000000, 0x00000000c4300000, 0x00000000eab00000)
  object space 68608K, 57% used [0x00000000c0000000,0x00000000c26c8438,0x00000000c4300000)
 Metaspace       used 60883K, committed 61952K, reserved 1114112K
  class space    used 6449K, committed 6912K, reserved 1048576K
}

