# JRE version: OpenJDK Runtime Environment Temurin-17.0.13+11 (17.0.13+11) (build 17.0.13+11)
# Java VM: OpenJDK 64-Bit Server VM Temurin-17.0.13+11 (17.0.13+11, mixed mode, tiered, compressed oops, compressed class ptrs, parallel gc, windows-amd64)
GC Precious Log:
 CPUs: 12 total, 12 available
 Memory: 7365M
 Large Page Support: Disabled
 NUMA Support: Disabled
 Compressed Oops: Enabled (32-bit)
 Alignments: Space 512K, Generation 512K, Heap 2M
 Heap Min Capacity: 100M
 Heap Initial Capacity: 100M
 Heap Max Capacity: 1G
 Pre-touch: Disabled
 Parallel Workers: 10
Heap:
 PSYoungGen      total 22016K, used 3563K [0x00000000eab00000, 0x00000000ec500000, 0x0000000100000000)
  eden space 18432K, 0% used [0x00000000eab00000,0x00000000eab00000,0x00000000ebd00000)
  from space 3584K, 99% used [0x00000000ebe00000,0x00000000ec17ac60,0x00000000ec180000)
  to   space 3584K, 0% used [0x00000000ec180000,0x00000000ec180000,0x00000000ec500000)
 ParOldGen       total 95744K, used 84382K [0x00000000c0000000, 0x00000000c5d80000, 0x00000000eab00000)
  object space 95744K, 88% used [0x00000000c0000000,0x00000000c5267900,0x00000000c5d80000)
 Metaspace       used 59324K, committed 60352K, reserved 1114112K
  class space    used 6308K, committed 6784K, reserved 1048576K
GC Heap History (20 events):
Event: 4.384 GC heap before
{Heap before GC invocations=31 (full 2):
 PSYoungGen      total 20992K, used 20962K [0x00000000eab00000, 0x00000000ecb00000, 0x0000000100000000)
  eden space 18432K, 100% used [0x00000000eab00000,0x00000000ebd00000,0x00000000ebd00000)
  from space 2560K, 98% used [0x00000000ec380000,0x00000000ec5f8818,0x00000000ec600000)
  to   space 6656K, 0% used [0x00000000ebd00000,0x00000000ebd00000,0x00000000ec380000)
 ParOldGen       total 68608K, used 57540K [0x00000000c0000000, 0x00000000c4300000, 0x00000000eab00000)
  object space 68608K, 83% used [0x00000000c0000000,0x00000000c3831348,0x00000000c4300000)
 Metaspace       used 54275K, committed 55296K, reserved 1114112K
  class space    used 5761K, committed 6272K, reserved 1048576K
}
Event: 4.387 GC heap after
{Heap after GC invocations=31 (full 2):
 PSYoungGen      total 20992K, used 2501K [0x00000000eab00000, 0x00000000ec500000, 0x0000000100000000)
  eden space 18432K, 0% used [0x00000000eab00000,0x00000000eab00000,0x00000000ebd00000)
  from space 2560K, 97% used [0x00000000ebd00000,0x00000000ebf717a0,0x00000000ebf80000)
  to   space 4096K, 0% used [0x00000000ec100000,0x00000000ec100000,0x00000000ec500000)
 ParOldGen       total 68608K, used 60041K [0x00000000c0000000, 0x00000000c4300000, 0x00000000eab00000)
  object space 68608K, 87% used [0x00000000c0000000,0x00000000c3aa2628,0x00000000c4300000)
 Metaspace       used 54275K, committed 55296K, reserved 1114112K
  class space    used 5761K, committed 6272K, reserved 1048576K
}
Event: 4.449 GC heap before
{Heap before GC invocations=32 (full 2):
 PSYoungGen      total 20992K, used 20933K [0x00000000eab00000, 0x00000000ec500000, 0x0000000100000000)
  eden space 18432K, 100% used [0x00000000eab00000,0x00000000ebd00000,0x00000000ebd00000)
  from space 2560K, 97% used [0x00000000ebd00000,0x00000000ebf717a0,0x00000000ebf80000)
  to   space 4096K, 0% used [0x00000000ec100000,0x00000000ec100000,0x00000000ec500000)
 ParOldGen       total 68608K, used 60041K [0x00000000c0000000, 0x00000000c4300000, 0x00000000eab00000)
  object space 68608K, 87% used [0x00000000c0000000,0x00000000c3aa2628,0x00000000c4300000)
 Metaspace       used 54948K, committed 56000K, reserved 1114112K
  class space    used 5829K, committed 6336K, reserved 1048576K
}
Event: 4.452 GC heap after
{Heap after GC invocations=32 (full 2):
 PSYoungGen      total 21504K, used 3070K [0x00000000eab00000, 0x00000000ec400000, 0x0000000100000000)
  eden space 18432K, 0% used [0x00000000eab00000,0x00000000eab00000,0x00000000ebd00000)
  from space 3072K, 99% used [0x00000000ec100000,0x00000000ec3ffab8,0x00000000ec400000)
  to   space 3584K, 0% used [0x00000000ebd00000,0x00000000ebd00000,0x00000000ec080000)
 ParOldGen       total 68608K, used 62323K [0x00000000c0000000, 0x00000000c4300000, 0x00000000eab00000)
  object space 68608K, 90% used [0x00000000c0000000,0x00000000c3cdcd18,0x00000000c4300000)
 Metaspace       used 54948K, committed 56000K, reserved 1114112K
  class space    used 5829K, committed 6336K, reserved 1048576K
}
Event: 4.516 GC heap before
{Heap before GC invocations=33 (full 2):
 PSYoungGen      total 21504K, used 21502K [0x00000000eab00000, 0x00000000ec400000, 0x0000000100000000)
  eden space 18432K, 100% used [0x00000000eab00000,0x00000000ebd00000,0x00000000ebd00000)
  from space 3072K, 99% used [0x00000000ec100000,0x00000000ec3ffab8,0x00000000ec400000)
  to   space 3584K, 0% used [0x00000000ebd00000,0x00000000ebd00000,0x00000000ec080000)
 ParOldGen       total 68608K, used 62323K [0x00000000c0000000, 0x00000000c4300000, 0x00000000eab00000)
  object space 68608K, 90% used [0x00000000c0000000,0x00000000c3cdcd18,0x00000000c4300000)
 Metaspace       used 55558K, committed 56576K, reserved 1114112K
  class space    used 5901K, committed 6400K, reserved 1048576K
}
Event: 4.519 GC heap after
{Heap after GC invocations=33 (full 2):
 PSYoungGen      total 22016K, used 3582K [0x00000000eab00000, 0x00000000ecb00000, 0x0000000100000000)
  eden space 18432K, 0% used [0x00000000eab00000,0x00000000eab00000,0x00000000ebd00000)
  from space 3584K, 99% used [0x00000000ebd00000,0x00000000ec07f918,0x00000000ec080000)
  to   space 7168K, 0% used [0x00000000ec400000,0x00000000ec400000,0x00000000ecb00000)
 ParOldGen       total 68608K, used 65197K [0x00000000c0000000, 0x00000000c4300000, 0x00000000eab00000)
  object space 68608K, 95% used [0x00000000c0000000,0x00000000c3fab5a0,0x00000000c4300000)
 Metaspace       used 55558K, committed 56576K, reserved 1114112K
  class space    used 5901K, committed 6400K, reserved 1048576K
}
Event: 4.569 GC heap before
{Heap before GC invocations=34 (full 2):
 PSYoungGen      total 22016K, used 22014K [0x00000000eab00000, 0x00000000ecb00000, 0x0000000100000000)
  eden space 18432K, 100% used [0x00000000eab00000,0x00000000ebd00000,0x00000000ebd00000)
  from space 3584K, 99% used [0x00000000ebd00000,0x00000000ec07f918,0x00000000ec080000)
  to   space 7168K, 0% used [0x00000000ec400000,0x00000000ec400000,0x00000000ecb00000)
 ParOldGen       total 68608K, used 65197K [0x00000000c0000000, 0x00000000c4300000, 0x00000000eab00000)
  object space 68608K, 95% used [0x00000000c0000000,0x00000000c3fab5a0,0x00000000c4300000)
 Metaspace       used 55947K, committed 56960K, reserved 1114112K
  class space    used 5966K, committed 6464K, reserved 1048576K
}
Event: 4.573 GC heap after
{Heap after GC invocations=34 (full 2):
 PSYoungGen      total 21504K, used 3050K [0x00000000eab00000, 0x00000000ec700000, 0x0000000100000000)
  eden space 18432K, 0% used [0x00000000eab00000,0x00000000eab00000,0x00000000ebd00000)
  from space 3072K, 99% used [0x00000000ec400000,0x00000000ec6fa868,0x00000000ec700000)
  to   space 4608K, 0% used [0x00000000ebe00000,0x00000000ebe00000,0x00000000ec280000)
 ParOldGen       total 68608K, used 68575K [0x00000000c0000000, 0x00000000c4300000, 0x00000000eab00000)
  object space 68608K, 99% used [0x00000000c0000000,0x00000000c42f7d68,0x00000000c4300000)
 Metaspace       used 55947K, committed 56960K, reserved 1114112K
  class space    used 5966K, committed 6464K, reserved 1048576K
}
Event: 4.620 GC heap before
{Heap before GC invocations=35 (full 3):
 PSYoungGen      total 21504K, used 21482K [0x00000000eab00000, 0x00000000ec700000, 0x0000000100000000)
  eden space 18432K, 100% used [0x00000000eab00000,0x00000000ebd00000,0x00000000ebd00000)
  from space 3072K, 99% used [0x00000000ec400000,0x00000000ec6fa868,0x00000000ec700000)
  to   space 4608K, 0% used [0x00000000ebe00000,0x00000000ebe00000,0x00000000ec280000)
 ParOldGen       total 68608K, used 68575K [0x00000000c0000000, 0x00000000c4300000, 0x00000000eab00000)
  object space 68608K, 99% used [0x00000000c0000000,0x00000000c42f7d68,0x00000000c4300000)
 Metaspace       used 56425K, committed 57472K, reserved 1114112K
  class space    used 6028K, committed 6528K, reserved 1048576K
}
Event: 4.673 GC heap after
{Heap after GC invocations=35 (full 3):
 PSYoungGen      total 18944K, used 0K [0x00000000eab00000, 0x00000000ec600000, 0x0000000100000000)
  eden space 18432K, 0% used [0x00000000eab00000,0x00000000eab00000,0x00000000ebd00000)
  from space 512K, 0% used [0x00000000ebe00000,0x00000000ebe00000,0x00000000ebe80000)
  to   space 4608K, 0% used [0x00000000ec180000,0x00000000ec180000,0x00000000ec600000)
 ParOldGen       total 95744K, used 67050K [0x00000000c0000000, 0x00000000c5d80000, 0x00000000eab00000)
  object space 95744K, 70% used [0x00000000c0000000,0x00000000c417a8a0,0x00000000c5d80000)
 Metaspace       used 56425K, committed 57472K, reserved 1114112K
  class space    used 6028K, committed 6528K, reserved 1048576K
}
Event: 4.716 GC heap before
{Heap before GC invocations=36 (full 3):
 PSYoungGen      total 18944K, used 18432K [0x00000000eab00000, 0x00000000ec600000, 0x0000000100000000)
  eden space 18432K, 100% used [0x00000000eab00000,0x00000000ebd00000,0x00000000ebd00000)
  from space 512K, 0% used [0x00000000ebe00000,0x00000000ebe00000,0x00000000ebe80000)
  to   space 4608K, 0% used [0x00000000ec180000,0x00000000ec180000,0x00000000ec600000)
 ParOldGen       total 95744K, used 67050K [0x00000000c0000000, 0x00000000c5d80000, 0x00000000eab00000)
  object space 95744K, 70% used [0x00000000c0000000,0x00000000c417a8a0,0x00000000c5d80000)
 Metaspace       used 56944K, committed 58048K, reserved 1114112K
  class space    used 6105K, committed 6656K, reserved 1048576K
}
Event: 4.718 GC heap after
{Heap after GC invocations=36 (full 3):
 PSYoungGen      total 21504K, used 3052K [0x00000000eab00000, 0x00000000ec480000, 0x0000000100000000)
  eden space 18432K, 0% used [0x00000000eab00000,0x00000000eab00000,0x00000000ebd00000)
  from space 3072K, 99% used [0x00000000ec180000,0x00000000ec47b020,0x00000000ec480000)
  to   space 3584K, 0% used [0x00000000ebd80000,0x00000000ebd80000,0x00000000ec100000)
 ParOldGen       total 95744K, used 67058K [0x00000000c0000000, 0x00000000c5d80000, 0x00000000eab00000)
  object space 95744K, 70% used [0x00000000c0000000,0x00000000c417c8a0,0x00000000c5d80000)
 Metaspace       used 56944K, committed 58048K, reserved 1114112K
  class space    used 6105K, committed 6656K, reserved 1048576K
}
Event: 4.766 GC heap before
{Heap before GC invocations=37 (full 3):
 PSYoungGen      total 21504K, used 21484K [0x00000000eab00000, 0x00000000ec480000, 0x0000000100000000)
  eden space 18432K, 100% used [0x00000000eab00000,0x00000000ebd00000,0x00000000ebd00000)
  from space 3072K, 99% used [0x00000000ec180000,0x00000000ec47b020,0x00000000ec480000)
  to   space 3584K, 0% used [0x00000000ebd80000,0x00000000ebd80000,0x00000000ec100000)
 ParOldGen       total 95744K, used 67058K [0x00000000c0000000, 0x00000000c5d80000, 0x00000000eab00000)
  object space 95744K, 70% used [0x00000000c0000000,0x00000000c417c8a0,0x00000000c5d80000)
 Metaspace       used 57547K, committed 58688K, reserved 1114112K
  class space    used 6153K, committed 6720K, reserved 1048576K
}
Event: 4.769 GC heap after
{Heap after GC invocations=37 (full 3):
 PSYoungGen      total 22016K, used 3573K [0x00000000eab00000, 0x00000000ecb00000, 0x0000000100000000)
  eden space 18432K, 0% used [0x00000000eab00000,0x00000000eab00000,0x00000000ebd00000)
  from space 3584K, 99% used [0x00000000ebd80000,0x00000000ec0fd640,0x00000000ec100000)
  to   space 7168K, 0% used [0x00000000ec400000,0x00000000ec400000,0x00000000ecb00000)
 ParOldGen       total 95744K, used 69903K [0x00000000c0000000, 0x00000000c5d80000, 0x00000000eab00000)
  object space 95744K, 73% used [0x00000000c0000000,0x00000000c4443e00,0x00000000c5d80000)
 Metaspace       used 57547K, committed 58688K, reserved 1114112K
  class space    used 6153K, committed 6720K, reserved 1048576K
}
Event: 4.822 GC heap before
{Heap before GC invocations=38 (full 3):
 PSYoungGen      total 22016K, used 22005K [0x00000000eab00000, 0x00000000ecb00000, 0x0000000100000000)
  eden space 18432K, 100% used [0x00000000eab00000,0x00000000ebd00000,0x00000000ebd00000)
  from space 3584K, 99% used [0x00000000ebd80000,0x00000000ec0fd640,0x00000000ec100000)
  to   space 7168K, 0% used [0x00000000ec400000,0x00000000ec400000,0x00000000ecb00000)
 ParOldGen       total 95744K, used 69903K [0x00000000c0000000, 0x00000000c5d80000, 0x00000000eab00000)
  object space 95744K, 73% used [0x00000000c0000000,0x00000000c4443e00,0x00000000c5d80000)
 Metaspace       used 58351K, committed 59456K, reserved 1114112K
  class space    used 6214K, committed 6784K, reserved 1048576K
}
Event: 4.825 GC heap after
{Heap after GC invocations=38 (full 3):
 PSYoungGen      total 22528K, used 3920K [0x00000000eab00000, 0x00000000ec800000, 0x0000000100000000)
  eden space 18432K, 0% used [0x00000000eab00000,0x00000000eab00000,0x00000000ebd00000)
  from space 4096K, 95% used [0x00000000ec400000,0x00000000ec7d41b0,0x00000000ec800000)
  to   space 5120K, 0% used [0x00000000ebe00000,0x00000000ebe00000,0x00000000ec300000)
 ParOldGen       total 95744K, used 73326K [0x00000000c0000000, 0x00000000c5d80000, 0x00000000eab00000)
  object space 95744K, 76% used [0x00000000c0000000,0x00000000c479ba70,0x00000000c5d80000)
 Metaspace       used 58351K, committed 59456K, reserved 1114112K
  class space    used 6214K, committed 6784K, reserved 1048576K
}
Event: 4.887 GC heap before
{Heap before GC invocations=39 (full 3):
 PSYoungGen      total 22528K, used 22352K [0x00000000eab00000, 0x00000000ec800000, 0x0000000100000000)
  eden space 18432K, 100% used [0x00000000eab00000,0x00000000ebd00000,0x00000000ebd00000)
  from space 4096K, 95% used [0x00000000ec400000,0x00000000ec7d41b0,0x00000000ec800000)
  to   space 5120K, 0% used [0x00000000ebe00000,0x00000000ebe00000,0x00000000ec300000)
 ParOldGen       total 95744K, used 73326K [0x00000000c0000000, 0x00000000c5d80000, 0x00000000eab00000)
  object space 95744K, 76% used [0x00000000c0000000,0x00000000c479ba70,0x00000000c5d80000)
 Metaspace       used 58898K, committed 59968K, reserved 1114112K
  class space    used 6283K, committed 6784K, reserved 1048576K
}
Event: 4.890 GC heap after
{Heap after GC invocations=39 (full 3):
 PSYoungGen      total 22016K, used 3397K [0x00000000eab00000, 0x00000000ec500000, 0x0000000100000000)
  eden space 18432K, 0% used [0x00000000eab00000,0x00000000eab00000,0x00000000ebd00000)
  from space 3584K, 94% used [0x00000000ebe00000,0x00000000ec151508,0x00000000ec180000)
  to   space 3584K, 0% used [0x00000000ec180000,0x00000000ec180000,0x00000000ec500000)
 ParOldGen       total 95744K, used 77023K [0x00000000c0000000, 0x00000000c5d80000, 0x00000000eab00000)
  object space 95744K, 80% used [0x00000000c0000000,0x00000000c4b37f10,0x00000000c5d80000)
 Metaspace       used 58898K, committed 59968K, reserved 1114112K
  class space    used 6283K, committed 6784K, reserved 1048576K
}
Event: 4.959 GC heap before
{Heap before GC invocations=40 (full 3):
 PSYoungGen      total 22016K, used 21829K [0x00000000eab00000, 0x00000000ec500000, 0x0000000100000000)
  eden space 18432K, 100% used [0x00000000eab00000,0x00000000ebd00000,0x00000000ebd00000)
  from space 3584K, 94% used [0x00000000ebe00000,0x00000000ec151508,0x00000000ec180000)
  to   space 3584K, 0% used [0x00000000ec180000,0x00000000ec180000,0x00000000ec500000)
 ParOldGen       total 95744K, used 77023K [0x00000000c0000000, 0x00000000c5d80000, 0x00000000eab00000)
  object space 95744K, 80% used [0x00000000c0000000,0x00000000c4b37f10,0x00000000c5d80000)
 Metaspace       used 59055K, committed 60096K, reserved 1114112K
  class space    used 6291K, committed 6784K, reserved 1048576K
}
Event: 4.964 GC heap after
{Heap after GC invocations=40 (full 3):
 PSYoungGen      total 22016K, used 3566K [0x00000000eab00000, 0x00000000ec500000, 0x0000000100000000)
  eden space 18432K, 0% used [0x00000000eab00000,0x00000000eab00000,0x00000000ebd00000)
  from space 3584K, 99% used [0x00000000ec180000,0x00000000ec4fb890,0x00000000ec500000)
  to   space 3584K, 0% used [0x00000000ebe00000,0x00000000ebe00000,0x00000000ec180000)
 ParOldGen       total 95744K, used 80986K [0x00000000c0000000, 0x00000000c5d80000, 0x00000000eab00000)
  object space 95744K, 84% used [0x00000000c0000000,0x00000000c4f16990,0x00000000c5d80000)
 Metaspace       used 59055K, committed 60096K, reserved 1114112K
  class space    used 6291K, committed 6784K, reserved 1048576K
}

