# JRE version: OpenJDK Runtime Environment Temurin-17.0.13+11 (17.0.13+11) (build 17.0.13+11)
# Java VM: OpenJDK 64-Bit Server VM Temurin-17.0.13+11 (17.0.13+11, mixed mode, tiered, compressed oops, compressed class ptrs, parallel gc, windows-amd64)
GC Precious Log:
 CPUs: 12 total, 12 available
 Memory: 7365M
 Large Page Support: Disabled
 NUMA Support: Disabled
 Compressed Oops: Enabled (32-bit)
 Alignments: Space 512K, Generation 512K, Heap 2M
 Heap Min Capacity: 100M
 Heap Initial Capacity: 100M
 Heap Max Capacity: 1G
 Pre-touch: Disabled
 Parallel Workers: 10
Heap:
 PSYoungGen      total 18432K, used 10033K [0x00000000eab00000, 0x00000000ec280000, 0x0000000100000000)
  eden space 15360K, 47% used [0x00000000eab00000,0x00000000eb220f18,0x00000000eba00000)
  from space 3072K, 89% used [0x00000000ebf80000,0x00000000ec22b890,0x00000000ec280000)
  to   space 4096K, 0% used [0x00000000eba80000,0x00000000eba80000,0x00000000ebe80000)
 ParOldGen       total 97280K, used 84189K [0x00000000c0000000, 0x00000000c5f00000, 0x00000000eab00000)
  object space 97280K, 86% used [0x00000000c0000000,0x00000000c52377e8,0x00000000c5f00000)
 Metaspace       used 61984K, committed 63104K, reserved 1114112K
  class space    used 6537K, committed 7040K, reserved 1048576K
GC Heap History (20 events):
Event: 8.194 GC heap before
{Heap before GC invocations=37 (full 3):
 PSYoungGen      total 15872K, used 13824K [0x00000000eab00000, 0x00000000ebf80000, 0x0000000100000000)
  eden space 13824K, 100% used [0x00000000eab00000,0x00000000eb880000,0x00000000eb880000)
  from space 2048K, 0% used [0x00000000eb880000,0x00000000eb880000,0x00000000eba80000)
  to   space 3584K, 0% used [0x00000000ebc00000,0x00000000ebc00000,0x00000000ebf80000)
 ParOldGen       total 69120K, used 64843K [0x00000000c0000000, 0x00000000c4380000, 0x00000000eab00000)
  object space 69120K, 93% used [0x00000000c0000000,0x00000000c3f52c30,0x00000000c4380000)
 Metaspace       used 59029K, committed 60096K, reserved 1114112K
  class space    used 6286K, committed 6784K, reserved 1048576K
}
Event: 8.197 GC heap after
{Heap after GC invocations=37 (full 3):
 PSYoungGen      total 17408K, used 3173K [0x00000000eab00000, 0x00000000ebf80000, 0x0000000100000000)
  eden space 13824K, 0% used [0x00000000eab00000,0x00000000eab00000,0x00000000eb880000)
  from space 3584K, 88% used [0x00000000ebc00000,0x00000000ebf195d8,0x00000000ebf80000)
  to   space 3584K, 0% used [0x00000000eb880000,0x00000000eb880000,0x00000000ebc00000)
 ParOldGen       total 69120K, used 64851K [0x00000000c0000000, 0x00000000c4380000, 0x00000000eab00000)
  object space 69120K, 93% used [0x00000000c0000000,0x00000000c3f54c30,0x00000000c4380000)
 Metaspace       used 59029K, committed 60096K, reserved 1114112K
  class space    used 6286K, committed 6784K, reserved 1048576K
}
Event: 8.327 GC heap before
{Heap before GC invocations=38 (full 3):
 PSYoungGen      total 17408K, used 16997K [0x00000000eab00000, 0x00000000ebf80000, 0x0000000100000000)
  eden space 13824K, 100% used [0x00000000eab00000,0x00000000eb880000,0x00000000eb880000)
  from space 3584K, 88% used [0x00000000ebc00000,0x00000000ebf195d8,0x00000000ebf80000)
  to   space 3584K, 0% used [0x00000000eb880000,0x00000000eb880000,0x00000000ebc00000)
 ParOldGen       total 69120K, used 64854K [0x00000000c0000000, 0x00000000c4380000, 0x00000000eab00000)
  object space 69120K, 93% used [0x00000000c0000000,0x00000000c3f55840,0x00000000c4380000)
 Metaspace       used 59343K, committed 60480K, reserved 1114112K
  class space    used 6310K, committed 6848K, reserved 1048576K
}
Event: 8.330 GC heap after
{Heap after GC invocations=38 (full 3):
 PSYoungGen      total 16896K, used 2679K [0x00000000eab00000, 0x00000000ebe80000, 0x0000000100000000)
  eden space 13824K, 0% used [0x00000000eab00000,0x00000000eab00000,0x00000000eb880000)
  from space 3072K, 87% used [0x00000000eb880000,0x00000000ebb1de58,0x00000000ebb80000)
  to   space 3072K, 0% used [0x00000000ebb80000,0x00000000ebb80000,0x00000000ebe80000)
 ParOldGen       total 69120K, used 67828K [0x00000000c0000000, 0x00000000c4380000, 0x00000000eab00000)
  object space 69120K, 98% used [0x00000000c0000000,0x00000000c423d200,0x00000000c4380000)
 Metaspace       used 59343K, committed 60480K, reserved 1114112K
  class space    used 6310K, committed 6848K, reserved 1048576K
}
Event: 8.404 GC heap before
{Heap before GC invocations=39 (full 4):
 PSYoungGen      total 16896K, used 16503K [0x00000000eab00000, 0x00000000ebe80000, 0x0000000100000000)
  eden space 13824K, 100% used [0x00000000eab00000,0x00000000eb880000,0x00000000eb880000)
  from space 3072K, 87% used [0x00000000eb880000,0x00000000ebb1de58,0x00000000ebb80000)
  to   space 3072K, 0% used [0x00000000ebb80000,0x00000000ebb80000,0x00000000ebe80000)
 ParOldGen       total 69120K, used 67828K [0x00000000c0000000, 0x00000000c4380000, 0x00000000eab00000)
  object space 69120K, 98% used [0x00000000c0000000,0x00000000c423d200,0x00000000c4380000)
 Metaspace       used 59403K, committed 60544K, reserved 1114112K
  class space    used 6322K, committed 6848K, reserved 1048576K
}
Event: 8.479 GC heap after
{Heap after GC invocations=39 (full 4):
 PSYoungGen      total 16896K, used 2098K [0x00000000eab00000, 0x00000000ebe80000, 0x0000000100000000)
  eden space 13824K, 0% used [0x00000000eab00000,0x00000000eab00000,0x00000000eb880000)
  from space 3072K, 68% used [0x00000000eb880000,0x00000000eba8cb88,0x00000000ebb80000)
  to   space 3072K, 0% used [0x00000000ebb80000,0x00000000ebb80000,0x00000000ebe80000)
 ParOldGen       total 97280K, used 68645K [0x00000000c0000000, 0x00000000c5f00000, 0x00000000eab00000)
  object space 97280K, 70% used [0x00000000c0000000,0x00000000c4309738,0x00000000c5f00000)
 Metaspace       used 59403K, committed 60544K, reserved 1114112K
  class space    used 6322K, committed 6848K, reserved 1048576K
}
Event: 8.509 GC heap before
{Heap before GC invocations=40 (full 4):
 PSYoungGen      total 16896K, used 15922K [0x00000000eab00000, 0x00000000ebe80000, 0x0000000100000000)
  eden space 13824K, 100% used [0x00000000eab00000,0x00000000eb880000,0x00000000eb880000)
  from space 3072K, 68% used [0x00000000eb880000,0x00000000eba8cb88,0x00000000ebb80000)
  to   space 3072K, 0% used [0x00000000ebb80000,0x00000000ebb80000,0x00000000ebe80000)
 ParOldGen       total 97280K, used 68645K [0x00000000c0000000, 0x00000000c5f00000, 0x00000000eab00000)
  object space 97280K, 70% used [0x00000000c0000000,0x00000000c4309738,0x00000000c5f00000)
 Metaspace       used 59464K, committed 60608K, reserved 1114112K
  class space    used 6326K, committed 6848K, reserved 1048576K
}
Event: 8.515 GC heap after
{Heap after GC invocations=40 (full 4):
 PSYoungGen      total 15360K, used 1491K [0x00000000eab00000, 0x00000000ebd00000, 0x0000000100000000)
  eden space 13824K, 0% used [0x00000000eab00000,0x00000000eab00000,0x00000000eb880000)
  from space 1536K, 97% used [0x00000000ebb80000,0x00000000ebcf4da8,0x00000000ebd00000)
  to   space 2048K, 0% used [0x00000000eb900000,0x00000000eb900000,0x00000000ebb00000)
 ParOldGen       total 97280K, used 70968K [0x00000000c0000000, 0x00000000c5f00000, 0x00000000eab00000)
  object space 97280K, 72% used [0x00000000c0000000,0x00000000c454e3a0,0x00000000c5f00000)
 Metaspace       used 59464K, committed 60608K, reserved 1114112K
  class space    used 6326K, committed 6848K, reserved 1048576K
}
Event: 8.553 GC heap before
{Heap before GC invocations=41 (full 4):
 PSYoungGen      total 15360K, used 15315K [0x00000000eab00000, 0x00000000ebd00000, 0x0000000100000000)
  eden space 13824K, 100% used [0x00000000eab00000,0x00000000eb880000,0x00000000eb880000)
  from space 1536K, 97% used [0x00000000ebb80000,0x00000000ebcf4da8,0x00000000ebd00000)
  to   space 2048K, 0% used [0x00000000eb900000,0x00000000eb900000,0x00000000ebb00000)
 ParOldGen       total 97280K, used 70968K [0x00000000c0000000, 0x00000000c5f00000, 0x00000000eab00000)
  object space 97280K, 72% used [0x00000000c0000000,0x00000000c454e3a0,0x00000000c5f00000)
 Metaspace       used 59843K, committed 60992K, reserved 1114112K
  class space    used 6357K, committed 6912K, reserved 1048576K
}
Event: 8.555 GC heap after
{Heap after GC invocations=41 (full 4):
 PSYoungGen      total 15872K, used 2043K [0x00000000eab00000, 0x00000000ebd80000, 0x0000000100000000)
  eden space 13824K, 0% used [0x00000000eab00000,0x00000000eab00000,0x00000000eb880000)
  from space 2048K, 99% used [0x00000000eb900000,0x00000000ebafef98,0x00000000ebb00000)
  to   space 2560K, 0% used [0x00000000ebb00000,0x00000000ebb00000,0x00000000ebd80000)
 ParOldGen       total 97280K, used 71100K [0x00000000c0000000, 0x00000000c5f00000, 0x00000000eab00000)
  object space 97280K, 73% used [0x00000000c0000000,0x00000000c456f2f0,0x00000000c5f00000)
 Metaspace       used 59843K, committed 60992K, reserved 1114112K
  class space    used 6357K, committed 6912K, reserved 1048576K
}
Event: 8.615 GC heap before
{Heap before GC invocations=42 (full 4):
 PSYoungGen      total 15872K, used 15867K [0x00000000eab00000, 0x00000000ebd80000, 0x0000000100000000)
  eden space 13824K, 100% used [0x00000000eab00000,0x00000000eb880000,0x00000000eb880000)
  from space 2048K, 99% used [0x00000000eb900000,0x00000000ebafef98,0x00000000ebb00000)
  to   space 2560K, 0% used [0x00000000ebb00000,0x00000000ebb00000,0x00000000ebd80000)
 ParOldGen       total 97280K, used 71100K [0x00000000c0000000, 0x00000000c5f00000, 0x00000000eab00000)
  object space 97280K, 73% used [0x00000000c0000000,0x00000000c456f2f0,0x00000000c5f00000)
 Metaspace       used 60555K, committed 61760K, reserved 1114112K
  class space    used 6426K, committed 6976K, reserved 1048576K
}
Event: 8.618 GC heap after
{Heap after GC invocations=42 (full 4):
 PSYoungGen      total 15872K, used 2480K [0x00000000eab00000, 0x00000000ebf80000, 0x0000000100000000)
  eden space 13312K, 0% used [0x00000000eab00000,0x00000000eab00000,0x00000000eb800000)
  from space 2560K, 96% used [0x00000000ebb00000,0x00000000ebd6c090,0x00000000ebd80000)
  to   space 3072K, 0% used [0x00000000eb800000,0x00000000eb800000,0x00000000ebb00000)
 ParOldGen       total 97280K, used 73111K [0x00000000c0000000, 0x00000000c5f00000, 0x00000000eab00000)
  object space 97280K, 75% used [0x00000000c0000000,0x00000000c4765f00,0x00000000c5f00000)
 Metaspace       used 60555K, committed 61760K, reserved 1114112K
  class space    used 6426K, committed 6976K, reserved 1048576K
}
Event: 8.742 GC heap before
{Heap before GC invocations=43 (full 4):
 PSYoungGen      total 15872K, used 15792K [0x00000000eab00000, 0x00000000ebf80000, 0x0000000100000000)
  eden space 13312K, 100% used [0x00000000eab00000,0x00000000eb800000,0x00000000eb800000)
  from space 2560K, 96% used [0x00000000ebb00000,0x00000000ebd6c090,0x00000000ebd80000)
  to   space 3072K, 0% used [0x00000000eb800000,0x00000000eb800000,0x00000000ebb00000)
 ParOldGen       total 97280K, used 73111K [0x00000000c0000000, 0x00000000c5f00000, 0x00000000eab00000)
  object space 97280K, 75% used [0x00000000c0000000,0x00000000c4765f00,0x00000000c5f00000)
 Metaspace       used 60850K, committed 61952K, reserved 1114112K
  class space    used 6457K, committed 6976K, reserved 1048576K
}
Event: 8.745 GC heap after
{Heap after GC invocations=43 (full 4):
 PSYoungGen      total 16384K, used 3068K [0x00000000eab00000, 0x00000000ec400000, 0x0000000100000000)
  eden space 13312K, 0% used [0x00000000eab00000,0x00000000eab00000,0x00000000eb800000)
  from space 3072K, 99% used [0x00000000eb800000,0x00000000ebaff388,0x00000000ebb00000)
  to   space 6144K, 0% used [0x00000000ebe00000,0x00000000ebe00000,0x00000000ec400000)
 ParOldGen       total 97280K, used 75378K [0x00000000c0000000, 0x00000000c5f00000, 0x00000000eab00000)
  object space 97280K, 77% used [0x00000000c0000000,0x00000000c499c9b0,0x00000000c5f00000)
 Metaspace       used 60850K, committed 61952K, reserved 1114112K
  class space    used 6457K, committed 6976K, reserved 1048576K
}
Event: 8.841 GC heap before
{Heap before GC invocations=44 (full 4):
 PSYoungGen      total 16384K, used 16380K [0x00000000eab00000, 0x00000000ec400000, 0x0000000100000000)
  eden space 13312K, 100% used [0x00000000eab00000,0x00000000eb800000,0x00000000eb800000)
  from space 3072K, 99% used [0x00000000eb800000,0x00000000ebaff388,0x00000000ebb00000)
  to   space 6144K, 0% used [0x00000000ebe00000,0x00000000ebe00000,0x00000000ec400000)
 ParOldGen       total 97280K, used 75378K [0x00000000c0000000, 0x00000000c5f00000, 0x00000000eab00000)
  object space 97280K, 77% used [0x00000000c0000000,0x00000000c499c9b0,0x00000000c5f00000)
 Metaspace       used 61132K, committed 62208K, reserved 1114112K
  class space    used 6469K, committed 6976K, reserved 1048576K
}
Event: 8.845 GC heap after
{Heap after GC invocations=44 (full 4):
 PSYoungGen      total 16896K, used 3342K [0x00000000eab00000, 0x00000000ec180000, 0x0000000100000000)
  eden space 13312K, 0% used [0x00000000eab00000,0x00000000eab00000,0x00000000eb800000)
  from space 3584K, 93% used [0x00000000ebe00000,0x00000000ec143b40,0x00000000ec180000)
  to   space 4096K, 0% used [0x00000000eb980000,0x00000000eb980000,0x00000000ebd80000)
 ParOldGen       total 97280K, used 78440K [0x00000000c0000000, 0x00000000c5f00000, 0x00000000eab00000)
  object space 97280K, 80% used [0x00000000c0000000,0x00000000c4c9a018,0x00000000c5f00000)
 Metaspace       used 61132K, committed 62208K, reserved 1114112K
  class space    used 6469K, committed 6976K, reserved 1048576K
}
Event: 8.924 GC heap before
{Heap before GC invocations=45 (full 4):
 PSYoungGen      total 16896K, used 16654K [0x00000000eab00000, 0x00000000ec180000, 0x0000000100000000)
  eden space 13312K, 100% used [0x00000000eab00000,0x00000000eb800000,0x00000000eb800000)
  from space 3584K, 93% used [0x00000000ebe00000,0x00000000ec143b40,0x00000000ec180000)
  to   space 4096K, 0% used [0x00000000eb980000,0x00000000eb980000,0x00000000ebd80000)
 ParOldGen       total 97280K, used 78440K [0x00000000c0000000, 0x00000000c5f00000, 0x00000000eab00000)
  object space 97280K, 80% used [0x00000000c0000000,0x00000000c4c9a018,0x00000000c5f00000)
 Metaspace       used 61539K, committed 62656K, reserved 1114112K
  class space    used 6524K, committed 7040K, reserved 1048576K
}
Event: 8.928 GC heap after
{Heap after GC invocations=45 (full 4):
 PSYoungGen      total 18432K, used 4087K [0x00000000eab00000, 0x00000000ec600000, 0x0000000100000000)
  eden space 14336K, 0% used [0x00000000eab00000,0x00000000eab00000,0x00000000eb900000)
  from space 4096K, 99% used [0x00000000eb980000,0x00000000ebd7ddd8,0x00000000ebd80000)
  to   space 6656K, 0% used [0x00000000ebf80000,0x00000000ebf80000,0x00000000ec600000)
 ParOldGen       total 97280K, used 80100K [0x00000000c0000000, 0x00000000c5f00000, 0x00000000eab00000)
  object space 97280K, 82% used [0x00000000c0000000,0x00000000c4e392c0,0x00000000c5f00000)
 Metaspace       used 61539K, committed 62656K, reserved 1114112K
  class space    used 6524K, committed 7040K, reserved 1048576K
}
Event: 9.037 GC heap before
{Heap before GC invocations=46 (full 4):
 PSYoungGen      total 18432K, used 18423K [0x00000000eab00000, 0x00000000ec600000, 0x0000000100000000)
  eden space 14336K, 100% used [0x00000000eab00000,0x00000000eb900000,0x00000000eb900000)
  from space 4096K, 99% used [0x00000000eb980000,0x00000000ebd7ddd8,0x00000000ebd80000)
  to   space 6656K, 0% used [0x00000000ebf80000,0x00000000ebf80000,0x00000000ec600000)
 ParOldGen       total 97280K, used 80100K [0x00000000c0000000, 0x00000000c5f00000, 0x00000000eab00000)
  object space 97280K, 82% used [0x00000000c0000000,0x00000000c4e392c0,0x00000000c5f00000)
 Metaspace       used 61804K, committed 62912K, reserved 1114112K
  class space    used 6535K, committed 7040K, reserved 1048576K
}
Event: 9.040 GC heap after
{Heap after GC invocations=46 (full 4):
 PSYoungGen      total 18432K, used 2734K [0x00000000eab00000, 0x00000000ec280000, 0x0000000100000000)
  eden space 15360K, 0% used [0x00000000eab00000,0x00000000eab00000,0x00000000eba00000)
  from space 3072K, 89% used [0x00000000ebf80000,0x00000000ec22b890,0x00000000ec280000)
  to   space 4096K, 0% used [0x00000000eba80000,0x00000000eba80000,0x00000000ebe80000)
 ParOldGen       total 97280K, used 84189K [0x00000000c0000000, 0x00000000c5f00000, 0x00000000eab00000)
  object space 97280K, 86% used [0x00000000c0000000,0x00000000c52377e8,0x00000000c5f00000)
 Metaspace       used 61804K, committed 62912K, reserved 1114112K
  class space    used 6535K, committed 7040K, reserved 1048576K
}

