# JRE version: OpenJDK Runtime Environment Temurin-17.0.13+11 (17.0.13+11) (build 17.0.13+11)
# Java VM: OpenJDK 64-Bit Server VM Temurin-17.0.13+11 (17.0.13+11, mixed mode, tiered, compressed oops, compressed class ptrs, parallel gc, windows-amd64)
GC Precious Log:
 CPUs: 12 total, 12 available
 Memory: 7365M
 Large Page Support: Disabled
 NUMA Support: Disabled
 Compressed Oops: Enabled (32-bit)
 Alignments: Space 512K, Generation 512K, Heap 2M
 Heap Min Capacity: 100M
 Heap Initial Capacity: 100M
 Heap Max Capacity: 1G
 Pre-touch: Disabled
 Parallel Workers: 10
Heap:
 PSYoungGen      total 27648K, used 19456K [0x00000000eab00000, 0x00000000ed380000, 0x0000000100000000)
  eden space 19456K, 100% used [0x00000000eab00000,0x00000000ebe00000,0x00000000ebe00000)
  from space 8192K, 0% used [0x00000000ecb00000,0x00000000ecb00000,0x00000000ed300000)
  to   space 10752K, 0% used [0x00000000ebe00000,0x00000000ebe00000,0x00000000ec880000)
 ParOldGen       total 164864K, used 164769K [0x00000000c0000000, 0x00000000ca100000, 0x00000000eab00000)
  object space 164864K, 99% used [0x00000000c0000000,0x00000000ca0e87f0,0x00000000ca100000)
 Metaspace       used 73321K, committed 74560K, reserved 1179648K
  class space    used 8192K, committed 8704K, reserved 1048576K
GC Heap History (20 events):
Event: 12.355 GC heap before
{Heap before GC invocations=70 (full 5):
 PSYoungGen      total 31232K, used 30960K [0x00000000eab00000, 0x00000000ed400000, 0x0000000100000000)
  eden space 23552K, 100% used [0x00000000eab00000,0x00000000ec200000,0x00000000ec200000)
  from space 7680K, 96% used [0x00000000ec200000,0x00000000ec93c208,0x00000000ec980000)
  to   space 9216K, 0% used [0x00000000ecb00000,0x00000000ecb00000,0x00000000ed400000)
 ParOldGen       total 164864K, used 142602K [0x00000000c0000000, 0x00000000ca100000, 0x00000000eab00000)
  object space 164864K, 86% used [0x00000000c0000000,0x00000000c8b42bd0,0x00000000ca100000)
 Metaspace       used 68487K, committed 69632K, reserved 1114112K
  class space    used 7410K, committed 7872K, reserved 1048576K
}
Event: 12.359 GC heap after
{Heap after GC invocations=70 (full 5):
 PSYoungGen      total 30720K, used 9209K [0x00000000eab00000, 0x00000000ed800000, 0x0000000100000000)
  eden space 21504K, 0% used [0x00000000eab00000,0x00000000eab00000,0x00000000ec000000)
  from space 9216K, 99% used [0x00000000ecb00000,0x00000000ed3fe428,0x00000000ed400000)
  to   space 11264K, 0% used [0x00000000ec000000,0x00000000ec000000,0x00000000ecb00000)
 ParOldGen       total 164864K, used 143798K [0x00000000c0000000, 0x00000000ca100000, 0x00000000eab00000)
  object space 164864K, 87% used [0x00000000c0000000,0x00000000c8c6d998,0x00000000ca100000)
 Metaspace       used 68487K, committed 69632K, reserved 1114112K
  class space    used 7410K, committed 7872K, reserved 1048576K
}
Event: 12.642 GC heap before
{Heap before GC invocations=71 (full 5):
 PSYoungGen      total 30720K, used 30713K [0x00000000eab00000, 0x00000000ed800000, 0x0000000100000000)
  eden space 21504K, 100% used [0x00000000eab00000,0x00000000ec000000,0x00000000ec000000)
  from space 9216K, 99% used [0x00000000ecb00000,0x00000000ed3fe428,0x00000000ed400000)
  to   space 11264K, 0% used [0x00000000ec000000,0x00000000ec000000,0x00000000ecb00000)
 ParOldGen       total 164864K, used 143798K [0x00000000c0000000, 0x00000000ca100000, 0x00000000eab00000)
  object space 164864K, 87% used [0x00000000c0000000,0x00000000c8c6d998,0x00000000ca100000)
 Metaspace       used 68565K, committed 69696K, reserved 1114112K
  class space    used 7420K, committed 7872K, reserved 1048576K
}
Event: 12.646 GC heap after
{Heap after GC invocations=71 (full 5):
 PSYoungGen      total 32768K, used 11215K [0x00000000eab00000, 0x00000000ed700000, 0x0000000100000000)
  eden space 21504K, 0% used [0x00000000eab00000,0x00000000eab00000,0x00000000ec000000)
  from space 11264K, 99% used [0x00000000ec000000,0x00000000ecaf3c10,0x00000000ecb00000)
  to   space 11776K, 0% used [0x00000000ecb80000,0x00000000ecb80000,0x00000000ed700000)
 ParOldGen       total 164864K, used 147214K [0x00000000c0000000, 0x00000000ca100000, 0x00000000eab00000)
  object space 164864K, 89% used [0x00000000c0000000,0x00000000c8fc39c8,0x00000000ca100000)
 Metaspace       used 68565K, committed 69696K, reserved 1114112K
  class space    used 7420K, committed 7872K, reserved 1048576K
}
Event: 13.139 GC heap before
{Heap before GC invocations=72 (full 5):
 PSYoungGen      total 32768K, used 32719K [0x00000000eab00000, 0x00000000ed700000, 0x0000000100000000)
  eden space 21504K, 100% used [0x00000000eab00000,0x00000000ec000000,0x00000000ec000000)
  from space 11264K, 99% used [0x00000000ec000000,0x00000000ecaf3c10,0x00000000ecb00000)
  to   space 11776K, 0% used [0x00000000ecb80000,0x00000000ecb80000,0x00000000ed700000)
 ParOldGen       total 164864K, used 147214K [0x00000000c0000000, 0x00000000ca100000, 0x00000000eab00000)
  object space 164864K, 89% used [0x00000000c0000000,0x00000000c8fc39c8,0x00000000ca100000)
 Metaspace       used 69235K, committed 70400K, reserved 1114112K
  class space    used 7567K, committed 8064K, reserved 1048576K
}
Event: 13.144 GC heap after
{Heap after GC invocations=72 (full 5):
 PSYoungGen      total 31232K, used 11758K [0x00000000eab00000, 0x00000000edb00000, 0x0000000100000000)
  eden space 19456K, 0% used [0x00000000eab00000,0x00000000eab00000,0x00000000ebe00000)
  from space 11776K, 99% used [0x00000000ecb80000,0x00000000ed6fbb88,0x00000000ed700000)
  to   space 13824K, 0% used [0x00000000ebe00000,0x00000000ebe00000,0x00000000ecb80000)
 ParOldGen       total 164864K, used 148834K [0x00000000c0000000, 0x00000000ca100000, 0x00000000eab00000)
  object space 164864K, 90% used [0x00000000c0000000,0x00000000c9158b90,0x00000000ca100000)
 Metaspace       used 69235K, committed 70400K, reserved 1114112K
  class space    used 7567K, committed 8064K, reserved 1048576K
}
Event: 13.612 GC heap before
{Heap before GC invocations=73 (full 5):
 PSYoungGen      total 31232K, used 31214K [0x00000000eab00000, 0x00000000edb00000, 0x0000000100000000)
  eden space 19456K, 100% used [0x00000000eab00000,0x00000000ebe00000,0x00000000ebe00000)
  from space 11776K, 99% used [0x00000000ecb80000,0x00000000ed6fbb88,0x00000000ed700000)
  to   space 13824K, 0% used [0x00000000ebe00000,0x00000000ebe00000,0x00000000ecb80000)
 ParOldGen       total 164864K, used 148834K [0x00000000c0000000, 0x00000000ca100000, 0x00000000eab00000)
  object space 164864K, 90% used [0x00000000c0000000,0x00000000c9158b90,0x00000000ca100000)
 Metaspace       used 70749K, committed 71936K, reserved 1114112K
  class space    used 7803K, committed 8320K, reserved 1048576K
}
Event: 13.618 GC heap after
{Heap after GC invocations=73 (full 5):
 PSYoungGen      total 28160K, used 8463K [0x00000000eab00000, 0x00000000ed300000, 0x0000000100000000)
  eden space 19456K, 0% used [0x00000000eab00000,0x00000000eab00000,0x00000000ebe00000)
  from space 8704K, 97% used [0x00000000ebe00000,0x00000000ec643e68,0x00000000ec680000)
  to   space 10752K, 0% used [0x00000000ec880000,0x00000000ec880000,0x00000000ed300000)
 ParOldGen       total 164864K, used 153871K [0x00000000c0000000, 0x00000000ca100000, 0x00000000eab00000)
  object space 164864K, 93% used [0x00000000c0000000,0x00000000c9643c90,0x00000000ca100000)
 Metaspace       used 70749K, committed 71936K, reserved 1114112K
  class space    used 7803K, committed 8320K, reserved 1048576K
}
Event: 13.954 GC heap before
{Heap before GC invocations=74 (full 5):
 PSYoungGen      total 28160K, used 27919K [0x00000000eab00000, 0x00000000ed300000, 0x0000000100000000)
  eden space 19456K, 100% used [0x00000000eab00000,0x00000000ebe00000,0x00000000ebe00000)
  from space 8704K, 97% used [0x00000000ebe00000,0x00000000ec643e68,0x00000000ec680000)
  to   space 10752K, 0% used [0x00000000ec880000,0x00000000ec880000,0x00000000ed300000)
 ParOldGen       total 164864K, used 153871K [0x00000000c0000000, 0x00000000ca100000, 0x00000000eab00000)
  object space 164864K, 93% used [0x00000000c0000000,0x00000000c9643c90,0x00000000ca100000)
 Metaspace       used 72017K, committed 73216K, reserved 1114112K
  class space    used 8031K, committed 8576K, reserved 1048576K
}
Event: 13.959 GC heap after
{Heap after GC invocations=74 (full 5):
 PSYoungGen      total 30208K, used 10127K [0x00000000eab00000, 0x00000000ed300000, 0x0000000100000000)
  eden space 19456K, 0% used [0x00000000eab00000,0x00000000eab00000,0x00000000ebe00000)
  from space 10752K, 94% used [0x00000000ec880000,0x00000000ed263da0,0x00000000ed300000)
  to   space 10752K, 0% used [0x00000000ebe00000,0x00000000ebe00000,0x00000000ec880000)
 ParOldGen       total 164864K, used 153871K [0x00000000c0000000, 0x00000000ca100000, 0x00000000eab00000)
  object space 164864K, 93% used [0x00000000c0000000,0x00000000c9643c90,0x00000000ca100000)
 Metaspace       used 72017K, committed 73216K, reserved 1114112K
  class space    used 8031K, committed 8576K, reserved 1048576K
}
Event: 14.185 GC heap before
{Heap before GC invocations=75 (full 5):
 PSYoungGen      total 30208K, used 29583K [0x00000000eab00000, 0x00000000ed300000, 0x0000000100000000)
  eden space 19456K, 100% used [0x00000000eab00000,0x00000000ebe00000,0x00000000ebe00000)
  from space 10752K, 94% used [0x00000000ec880000,0x00000000ed263da0,0x00000000ed300000)
  to   space 10752K, 0% used [0x00000000ebe00000,0x00000000ebe00000,0x00000000ec880000)
 ParOldGen       total 164864K, used 153871K [0x00000000c0000000, 0x00000000ca100000, 0x00000000eab00000)
  object space 164864K, 93% used [0x00000000c0000000,0x00000000c9643c90,0x00000000ca100000)
 Metaspace       used 72956K, committed 74176K, reserved 1179648K
  class space    used 8151K, committed 8640K, reserved 1048576K
}
Event: 14.190 GC heap after
{Heap after GC invocations=75 (full 5):
 PSYoungGen      total 30208K, used 10746K [0x00000000eab00000, 0x00000000ed800000, 0x0000000100000000)
  eden space 19456K, 0% used [0x00000000eab00000,0x00000000eab00000,0x00000000ebe00000)
  from space 10752K, 99% used [0x00000000ebe00000,0x00000000ec87eaa0,0x00000000ec880000)
  to   space 13312K, 0% used [0x00000000ecb00000,0x00000000ecb00000,0x00000000ed800000)
 ParOldGen       total 164864K, used 155906K [0x00000000c0000000, 0x00000000ca100000, 0x00000000eab00000)
  object space 164864K, 94% used [0x00000000c0000000,0x00000000c98408d0,0x00000000ca100000)
 Metaspace       used 72956K, committed 74176K, reserved 1179648K
  class space    used 8151K, committed 8640K, reserved 1048576K
}
Event: 14.461 GC heap before
{Heap before GC invocations=76 (full 5):
 PSYoungGen      total 30208K, used 30202K [0x00000000eab00000, 0x00000000ed800000, 0x0000000100000000)
  eden space 19456K, 100% used [0x00000000eab00000,0x00000000ebe00000,0x00000000ebe00000)
  from space 10752K, 99% used [0x00000000ebe00000,0x00000000ec87eaa0,0x00000000ec880000)
  to   space 13312K, 0% used [0x00000000ecb00000,0x00000000ecb00000,0x00000000ed800000)
 ParOldGen       total 164864K, used 155906K [0x00000000c0000000, 0x00000000ca100000, 0x00000000eab00000)
  object space 164864K, 94% used [0x00000000c0000000,0x00000000c98408d0,0x00000000ca100000)
 Metaspace       used 73252K, committed 74560K, reserved 1179648K
  class space    used 8183K, committed 8704K, reserved 1048576K
}
Event: 14.466 GC heap after
{Heap after GC invocations=76 (full 5):
 PSYoungGen      total 28672K, used 9082K [0x00000000eab00000, 0x00000000ed400000, 0x0000000100000000)
  eden space 19456K, 0% used [0x00000000eab00000,0x00000000eab00000,0x00000000ebe00000)
  from space 9216K, 98% used [0x00000000ecb00000,0x00000000ed3de818,0x00000000ed400000)
  to   space 10752K, 0% used [0x00000000ebf00000,0x00000000ebf00000,0x00000000ec980000)
 ParOldGen       total 164864K, used 161746K [0x00000000c0000000, 0x00000000ca100000, 0x00000000eab00000)
  object space 164864K, 98% used [0x00000000c0000000,0x00000000c9df4888,0x00000000ca100000)
 Metaspace       used 73252K, committed 74560K, reserved 1179648K
  class space    used 8183K, committed 8704K, reserved 1048576K
}
Event: 14.587 GC heap before
{Heap before GC invocations=77 (full 6):
 PSYoungGen      total 28672K, used 28538K [0x00000000eab00000, 0x00000000ed400000, 0x0000000100000000)
  eden space 19456K, 100% used [0x00000000eab00000,0x00000000ebe00000,0x00000000ebe00000)
  from space 9216K, 98% used [0x00000000ecb00000,0x00000000ed3de818,0x00000000ed400000)
  to   space 10752K, 0% used [0x00000000ebf00000,0x00000000ebf00000,0x00000000ec980000)
 ParOldGen       total 164864K, used 161746K [0x00000000c0000000, 0x00000000ca100000, 0x00000000eab00000)
  object space 164864K, 98% used [0x00000000c0000000,0x00000000c9df4888,0x00000000ca100000)
 Metaspace       used 73319K, committed 74560K, reserved 1179648K
  class space    used 8192K, committed 8704K, reserved 1048576K
}
Event: 14.736 GC heap after
{Heap after GC invocations=77 (full 6):
 PSYoungGen      total 27648K, used 4095K [0x00000000eab00000, 0x00000000ed300000, 0x0000000100000000)
  eden space 19456K, 0% used [0x00000000eab00000,0x00000000eab00000,0x00000000ebe00000)
  from space 8192K, 49% used [0x00000000ecb00000,0x00000000eceffcf0,0x00000000ed300000)
  to   space 10752K, 0% used [0x00000000ebe00000,0x00000000ebe00000,0x00000000ec880000)
 ParOldGen       total 164864K, used 164421K [0x00000000c0000000, 0x00000000ca100000, 0x00000000eab00000)
  object space 164864K, 99% used [0x00000000c0000000,0x00000000ca091688,0x00000000ca100000)
 Metaspace       used 73319K, committed 74560K, reserved 1179648K
  class space    used 8192K, committed 8704K, reserved 1048576K
}
Event: 14.871 GC heap before
{Heap before GC invocations=78 (full 7):
 PSYoungGen      total 27648K, used 23551K [0x00000000eab00000, 0x00000000ed300000, 0x0000000100000000)
  eden space 19456K, 100% used [0x00000000eab00000,0x00000000ebe00000,0x00000000ebe00000)
  from space 8192K, 49% used [0x00000000ecb00000,0x00000000eceffcf0,0x00000000ed300000)
  to   space 10752K, 0% used [0x00000000ebe00000,0x00000000ebe00000,0x00000000ec880000)
 ParOldGen       total 164864K, used 164421K [0x00000000c0000000, 0x00000000ca100000, 0x00000000eab00000)
  object space 164864K, 99% used [0x00000000c0000000,0x00000000ca091688,0x00000000ca100000)
 Metaspace       used 73319K, committed 74560K, reserved 1179648K
  class space    used 8192K, committed 8704K, reserved 1048576K
}
Event: 14.941 GC heap after
{Heap after GC invocations=78 (full 7):
 PSYoungGen      total 30208K, used 5957K [0x00000000eab00000, 0x00000000ed300000, 0x0000000100000000)
  eden space 19456K, 30% used [0x00000000eab00000,0x00000000eb0d1538,0x00000000ebe00000)
  from space 10752K, 0% used [0x00000000ebe00000,0x00000000ebe00000,0x00000000ec880000)
  to   space 8192K, 0% used [0x00000000ecb00000,0x00000000ecb00000,0x00000000ed300000)
 ParOldGen       total 164864K, used 164848K [0x00000000c0000000, 0x00000000ca100000, 0x00000000eab00000)
  object space 164864K, 99% used [0x00000000c0000000,0x00000000ca0fc000,0x00000000ca100000)
 Metaspace       used 73319K, committed 74560K, reserved 1179648K
  class space    used 8192K, committed 8704K, reserved 1048576K
}
Event: 15.064 GC heap before
{Heap before GC invocations=79 (full 8):
 PSYoungGen      total 30208K, used 19456K [0x00000000eab00000, 0x00000000ed300000, 0x0000000100000000)
  eden space 19456K, 100% used [0x00000000eab00000,0x00000000ebe00000,0x00000000ebe00000)
  from space 10752K, 0% used [0x00000000ebe00000,0x00000000ebe00000,0x00000000ec880000)
  to   space 8192K, 0% used [0x00000000ecb00000,0x00000000ecb00000,0x00000000ed300000)
 ParOldGen       total 164864K, used 164848K [0x00000000c0000000, 0x00000000ca100000, 0x00000000eab00000)
  object space 164864K, 99% used [0x00000000c0000000,0x00000000ca0fc000,0x00000000ca100000)
 Metaspace       used 73319K, committed 74560K, reserved 1179648K
  class space    used 8192K, committed 8704K, reserved 1048576K
}
Event: 15.127 GC heap after
{Heap after GC invocations=79 (full 8):
 PSYoungGen      total 27648K, used 7330K [0x00000000eab00000, 0x00000000ed380000, 0x0000000100000000)
  eden space 19456K, 37% used [0x00000000eab00000,0x00000000eb228b90,0x00000000ebe00000)
  from space 8192K, 0% used [0x00000000ecb00000,0x00000000ecb00000,0x00000000ed300000)
  to   space 10752K, 0% used [0x00000000ebe00000,0x00000000ebe00000,0x00000000ec880000)
 ParOldGen       total 164864K, used 164769K [0x00000000c0000000, 0x00000000ca100000, 0x00000000eab00000)
  object space 164864K, 99% used [0x00000000c0000000,0x00000000ca0e87f0,0x00000000ca100000)
 Metaspace       used 73319K, committed 74560K, reserved 1179648K
  class space    used 8192K, committed 8704K, reserved 1048576K
}

