# JRE version: OpenJDK Runtime Environment Temurin-17.0.13+11 (17.0.13+11) (build 17.0.13+11)
# Java VM: OpenJDK 64-Bit Server VM Temurin-17.0.13+11 (17.0.13+11, mixed mode, tiered, compressed oops, compressed class ptrs, parallel gc, windows-amd64)
GC Precious Log:
 CPUs: 12 total, 12 available
 Memory: 7365M
 Large Page Support: Disabled
 NUMA Support: Disabled
 Compressed Oops: Enabled (32-bit)
 Alignments: Space 512K, Generation 512K, Heap 2M
 Heap Min Capacity: 100M
 Heap Initial Capacity: 100M
 Heap Max Capacity: 1G
 Pre-touch: Disabled
 Parallel Workers: 10
Heap:
 PSYoungGen      total 5632K, used 5169K [0x00000000eab00000, 0x00000000eb280000, 0x0000000100000000)
  eden space 4608K, 96% used [0x00000000eab00000,0x00000000eaf545d0,0x00000000eaf80000)
  from space 1024K, 71% used [0x00000000eb180000,0x00000000eb238000,0x00000000eb280000)
  to   space 1536K, 0% used [0x00000000eaf80000,0x00000000eaf80000,0x00000000eb100000)
 ParOldGen       total 223744K, used 207657K [0x00000000c0000000, 0x00000000cda80000, 0x00000000eab00000)
  object space 223744K, 92% used [0x00000000c0000000,0x00000000ccaca410,0x00000000cda80000)
 Metaspace       used 74563K, committed 75712K, reserved 1179648K
  class space    used 8275K, committed 8768K, reserved 1048576K
GC Heap History (20 events):
Event: 16.174 GC heap before
{Heap before GC invocations=232 (full 10):
 PSYoungGen      total 5120K, used 4602K [0x00000000eab00000, 0x00000000eb180000, 0x0000000100000000)
  eden space 4608K, 99% used [0x00000000eab00000,0x00000000eaf7e840,0x00000000eaf80000)
  from space 512K, 0% used [0x00000000eb100000,0x00000000eb100000,0x00000000eb180000)
  to   space 1024K, 0% used [0x00000000eaf80000,0x00000000eaf80000,0x00000000eb080000)
 ParOldGen       total 223744K, used 197105K [0x00000000c0000000, 0x00000000cda80000, 0x00000000eab00000)
  object space 223744K, 88% used [0x00000000c0000000,0x00000000cc07c550,0x00000000cda80000)
 Metaspace       used 73747K, committed 74944K, reserved 1179648K
  class space    used 8190K, committed 8704K, reserved 1048576K
}
Event: 16.175 GC heap after
{Heap after GC invocations=232 (full 10):
 PSYoungGen      total 5632K, used 912K [0x00000000eab00000, 0x00000000eb180000, 0x0000000100000000)
  eden space 4608K, 0% used [0x00000000eab00000,0x00000000eab00000,0x00000000eaf80000)
  from space 1024K, 89% used [0x00000000eaf80000,0x00000000eb0643c8,0x00000000eb080000)
  to   space 1024K, 0% used [0x00000000eb080000,0x00000000eb080000,0x00000000eb180000)
 ParOldGen       total 223744K, used 197105K [0x00000000c0000000, 0x00000000cda80000, 0x00000000eab00000)
  object space 223744K, 88% used [0x00000000c0000000,0x00000000cc07c550,0x00000000cda80000)
 Metaspace       used 73747K, committed 74944K, reserved 1179648K
  class space    used 8190K, committed 8704K, reserved 1048576K
}
Event: 16.185 GC heap before
{Heap before GC invocations=233 (full 10):
 PSYoungGen      total 5632K, used 5520K [0x00000000eab00000, 0x00000000eb180000, 0x0000000100000000)
  eden space 4608K, 100% used [0x00000000eab00000,0x00000000eaf80000,0x00000000eaf80000)
  from space 1024K, 89% used [0x00000000eaf80000,0x00000000eb0643c8,0x00000000eb080000)
  to   space 1024K, 0% used [0x00000000eb080000,0x00000000eb080000,0x00000000eb180000)
 ParOldGen       total 223744K, used 197105K [0x00000000c0000000, 0x00000000cda80000, 0x00000000eab00000)
  object space 223744K, 88% used [0x00000000c0000000,0x00000000cc07c550,0x00000000cda80000)
 Metaspace       used 73764K, committed 74944K, reserved 1179648K
  class space    used 8194K, committed 8704K, reserved 1048576K
}
Event: 16.187 GC heap after
{Heap after GC invocations=233 (full 10):
 PSYoungGen      total 5632K, used 985K [0x00000000eab00000, 0x00000000eb180000, 0x0000000100000000)
  eden space 4608K, 0% used [0x00000000eab00000,0x00000000eab00000,0x00000000eaf80000)
  from space 1024K, 96% used [0x00000000eb080000,0x00000000eb176740,0x00000000eb180000)
  to   space 1024K, 0% used [0x00000000eaf80000,0x00000000eaf80000,0x00000000eb080000)
 ParOldGen       total 223744K, used 197994K [0x00000000c0000000, 0x00000000cda80000, 0x00000000eab00000)
  object space 223744K, 88% used [0x00000000c0000000,0x00000000cc15abd8,0x00000000cda80000)
 Metaspace       used 73764K, committed 74944K, reserved 1179648K
  class space    used 8194K, committed 8704K, reserved 1048576K
}
Event: 16.200 GC heap before
{Heap before GC invocations=234 (full 10):
 PSYoungGen      total 5632K, used 5593K [0x00000000eab00000, 0x00000000eb180000, 0x0000000100000000)
  eden space 4608K, 100% used [0x00000000eab00000,0x00000000eaf80000,0x00000000eaf80000)
  from space 1024K, 96% used [0x00000000eb080000,0x00000000eb176740,0x00000000eb180000)
  to   space 1024K, 0% used [0x00000000eaf80000,0x00000000eaf80000,0x00000000eb080000)
 ParOldGen       total 223744K, used 197994K [0x00000000c0000000, 0x00000000cda80000, 0x00000000eab00000)
  object space 223744K, 88% used [0x00000000c0000000,0x00000000cc15abd8,0x00000000cda80000)
 Metaspace       used 73774K, committed 74944K, reserved 1179648K
  class space    used 8196K, committed 8704K, reserved 1048576K
}
Event: 16.202 GC heap after
{Heap after GC invocations=234 (full 10):
 PSYoungGen      total 5632K, used 1022K [0x00000000eab00000, 0x00000000eb480000, 0x0000000100000000)
  eden space 4608K, 0% used [0x00000000eab00000,0x00000000eab00000,0x00000000eaf80000)
  from space 1024K, 99% used [0x00000000eaf80000,0x00000000eb07fb10,0x00000000eb080000)
  to   space 2560K, 0% used [0x00000000eb200000,0x00000000eb200000,0x00000000eb480000)
 ParOldGen       total 223744K, used 199111K [0x00000000c0000000, 0x00000000cda80000, 0x00000000eab00000)
  object space 223744K, 88% used [0x00000000c0000000,0x00000000cc271c98,0x00000000cda80000)
 Metaspace       used 73774K, committed 74944K, reserved 1179648K
  class space    used 8196K, committed 8704K, reserved 1048576K
}
Event: 16.215 GC heap before
{Heap before GC invocations=235 (full 10):
 PSYoungGen      total 5632K, used 5630K [0x00000000eab00000, 0x00000000eb480000, 0x0000000100000000)
  eden space 4608K, 100% used [0x00000000eab00000,0x00000000eaf80000,0x00000000eaf80000)
  from space 1024K, 99% used [0x00000000eaf80000,0x00000000eb07fb10,0x00000000eb080000)
  to   space 2560K, 0% used [0x00000000eb200000,0x00000000eb200000,0x00000000eb480000)
 ParOldGen       total 223744K, used 199111K [0x00000000c0000000, 0x00000000cda80000, 0x00000000eab00000)
  object space 223744K, 88% used [0x00000000c0000000,0x00000000cc271c98,0x00000000cda80000)
 Metaspace       used 73866K, committed 75072K, reserved 1179648K
  class space    used 8203K, committed 8704K, reserved 1048576K
}
Event: 16.216 GC heap after
{Heap after GC invocations=235 (full 10):
 PSYoungGen      total 6144K, used 1319K [0x00000000eab00000, 0x00000000eb380000, 0x0000000100000000)
  eden space 4608K, 0% used [0x00000000eab00000,0x00000000eab00000,0x00000000eaf80000)
  from space 1536K, 85% used [0x00000000eb200000,0x00000000eb349d50,0x00000000eb380000)
  to   space 2048K, 0% used [0x00000000eaf80000,0x00000000eaf80000,0x00000000eb180000)
 ParOldGen       total 223744K, used 200112K [0x00000000c0000000, 0x00000000cda80000, 0x00000000eab00000)
  object space 223744K, 89% used [0x00000000c0000000,0x00000000cc36c380,0x00000000cda80000)
 Metaspace       used 73866K, committed 75072K, reserved 1179648K
  class space    used 8203K, committed 8704K, reserved 1048576K
}
Event: 16.261 GC heap before
{Heap before GC invocations=236 (full 10):
 PSYoungGen      total 6144K, used 5924K [0x00000000eab00000, 0x00000000eb380000, 0x0000000100000000)
  eden space 4608K, 99% used [0x00000000eab00000,0x00000000eaf7f5b8,0x00000000eaf80000)
  from space 1536K, 85% used [0x00000000eb200000,0x00000000eb349d50,0x00000000eb380000)
  to   space 2048K, 0% used [0x00000000eaf80000,0x00000000eaf80000,0x00000000eb180000)
 ParOldGen       total 223744K, used 200112K [0x00000000c0000000, 0x00000000cda80000, 0x00000000eab00000)
  object space 223744K, 89% used [0x00000000c0000000,0x00000000cc36c380,0x00000000cda80000)
 Metaspace       used 73997K, committed 75200K, reserved 1179648K
  class space    used 8217K, committed 8704K, reserved 1048576K
}
Event: 16.263 GC heap after
{Heap after GC invocations=236 (full 10):
 PSYoungGen      total 5632K, used 983K [0x00000000eab00000, 0x00000000eb280000, 0x0000000100000000)
  eden space 4608K, 0% used [0x00000000eab00000,0x00000000eab00000,0x00000000eaf80000)
  from space 1024K, 96% used [0x00000000eaf80000,0x00000000eb075f28,0x00000000eb080000)
  to   space 1536K, 0% used [0x00000000eb100000,0x00000000eb100000,0x00000000eb280000)
 ParOldGen       total 223744K, used 201296K [0x00000000c0000000, 0x00000000cda80000, 0x00000000eab00000)
  object space 223744K, 89% used [0x00000000c0000000,0x00000000cc494390,0x00000000cda80000)
 Metaspace       used 73997K, committed 75200K, reserved 1179648K
  class space    used 8217K, committed 8704K, reserved 1048576K
}
Event: 16.298 GC heap before
{Heap before GC invocations=237 (full 10):
 PSYoungGen      total 5632K, used 5591K [0x00000000eab00000, 0x00000000eb280000, 0x0000000100000000)
  eden space 4608K, 100% used [0x00000000eab00000,0x00000000eaf80000,0x00000000eaf80000)
  from space 1024K, 96% used [0x00000000eaf80000,0x00000000eb075f28,0x00000000eb080000)
  to   space 1536K, 0% used [0x00000000eb100000,0x00000000eb100000,0x00000000eb280000)
 ParOldGen       total 223744K, used 201296K [0x00000000c0000000, 0x00000000cda80000, 0x00000000eab00000)
  object space 223744K, 89% used [0x00000000c0000000,0x00000000cc494390,0x00000000cda80000)
 Metaspace       used 74096K, committed 75328K, reserved 1179648K
  class space    used 8229K, committed 8768K, reserved 1048576K
}
Event: 16.299 GC heap after
{Heap after GC invocations=237 (full 10):
 PSYoungGen      total 6144K, used 1171K [0x00000000eab00000, 0x00000000eb280000, 0x0000000100000000)
  eden space 4608K, 0% used [0x00000000eab00000,0x00000000eab00000,0x00000000eaf80000)
  from space 1536K, 76% used [0x00000000eb100000,0x00000000eb224de0,0x00000000eb280000)
  to   space 1536K, 0% used [0x00000000eaf80000,0x00000000eaf80000,0x00000000eb100000)
 ParOldGen       total 223744K, used 202105K [0x00000000c0000000, 0x00000000cda80000, 0x00000000eab00000)
  object space 223744K, 90% used [0x00000000c0000000,0x00000000cc55e4b8,0x00000000cda80000)
 Metaspace       used 74096K, committed 75328K, reserved 1179648K
  class space    used 8229K, committed 8768K, reserved 1048576K
}
Event: 16.316 GC heap before
{Heap before GC invocations=238 (full 10):
 PSYoungGen      total 6144K, used 5779K [0x00000000eab00000, 0x00000000eb280000, 0x0000000100000000)
  eden space 4608K, 100% used [0x00000000eab00000,0x00000000eaf80000,0x00000000eaf80000)
  from space 1536K, 76% used [0x00000000eb100000,0x00000000eb224de0,0x00000000eb280000)
  to   space 1536K, 0% used [0x00000000eaf80000,0x00000000eaf80000,0x00000000eb100000)
 ParOldGen       total 223744K, used 202105K [0x00000000c0000000, 0x00000000cda80000, 0x00000000eab00000)
  object space 223744K, 90% used [0x00000000c0000000,0x00000000cc55e4b8,0x00000000cda80000)
 Metaspace       used 74096K, committed 75328K, reserved 1179648K
  class space    used 8229K, committed 8768K, reserved 1048576K
}
Event: 16.318 GC heap after
{Heap after GC invocations=238 (full 10):
 PSYoungGen      total 6144K, used 1531K [0x00000000eab00000, 0x00000000eb480000, 0x0000000100000000)
  eden space 4608K, 0% used [0x00000000eab00000,0x00000000eab00000,0x00000000eaf80000)
  from space 1536K, 99% used [0x00000000eaf80000,0x00000000eb0fec90,0x00000000eb100000)
  to   space 2560K, 0% used [0x00000000eb200000,0x00000000eb200000,0x00000000eb480000)
 ParOldGen       total 223744K, used 202663K [0x00000000c0000000, 0x00000000cda80000, 0x00000000eab00000)
  object space 223744K, 90% used [0x00000000c0000000,0x00000000cc5e9c00,0x00000000cda80000)
 Metaspace       used 74096K, committed 75328K, reserved 1179648K
  class space    used 8229K, committed 8768K, reserved 1048576K
}
Event: 16.342 GC heap before
{Heap before GC invocations=239 (full 10):
 PSYoungGen      total 6144K, used 6139K [0x00000000eab00000, 0x00000000eb480000, 0x0000000100000000)
  eden space 4608K, 100% used [0x00000000eab00000,0x00000000eaf80000,0x00000000eaf80000)
  from space 1536K, 99% used [0x00000000eaf80000,0x00000000eb0fec90,0x00000000eb100000)
  to   space 2560K, 0% used [0x00000000eb200000,0x00000000eb200000,0x00000000eb480000)
 ParOldGen       total 223744K, used 202663K [0x00000000c0000000, 0x00000000cda80000, 0x00000000eab00000)
  object space 223744K, 90% used [0x00000000c0000000,0x00000000cc5e9c00,0x00000000cda80000)
 Metaspace       used 74191K, committed 75392K, reserved 1179648K
  class space    used 8235K, committed 8768K, reserved 1048576K
}
Event: 16.345 GC heap after
{Heap after GC invocations=239 (full 10):
 PSYoungGen      total 6144K, used 1112K [0x00000000eab00000, 0x00000000eb380000, 0x0000000100000000)
  eden space 4608K, 0% used [0x00000000eab00000,0x00000000eab00000,0x00000000eaf80000)
  from space 1536K, 72% used [0x00000000eb200000,0x00000000eb3160e0,0x00000000eb380000)
  to   space 1536K, 0% used [0x00000000eaf80000,0x00000000eaf80000,0x00000000eb100000)
 ParOldGen       total 223744K, used 204187K [0x00000000c0000000, 0x00000000cda80000, 0x00000000eab00000)
  object space 223744K, 91% used [0x00000000c0000000,0x00000000cc766c20,0x00000000cda80000)
 Metaspace       used 74191K, committed 75392K, reserved 1179648K
  class space    used 8235K, committed 8768K, reserved 1048576K
}
Event: 16.365 GC heap before
{Heap before GC invocations=240 (full 10):
 PSYoungGen      total 6144K, used 5720K [0x00000000eab00000, 0x00000000eb380000, 0x0000000100000000)
  eden space 4608K, 100% used [0x00000000eab00000,0x00000000eaf80000,0x00000000eaf80000)
  from space 1536K, 72% used [0x00000000eb200000,0x00000000eb3160e0,0x00000000eb380000)
  to   space 1536K, 0% used [0x00000000eaf80000,0x00000000eaf80000,0x00000000eb100000)
 ParOldGen       total 223744K, used 204187K [0x00000000c0000000, 0x00000000cda80000, 0x00000000eab00000)
  object space 223744K, 91% used [0x00000000c0000000,0x00000000cc766c20,0x00000000cda80000)
 Metaspace       used 74296K, committed 75520K, reserved 1179648K
  class space    used 8241K, committed 8768K, reserved 1048576K
}
Event: 16.366 GC heap after
{Heap after GC invocations=240 (full 10):
 PSYoungGen      total 6144K, used 1525K [0x00000000eab00000, 0x00000000eb380000, 0x0000000100000000)
  eden space 4608K, 0% used [0x00000000eab00000,0x00000000eab00000,0x00000000eaf80000)
  from space 1536K, 99% used [0x00000000eaf80000,0x00000000eb0fd670,0x00000000eb100000)
  to   space 2048K, 0% used [0x00000000eb180000,0x00000000eb180000,0x00000000eb380000)
 ParOldGen       total 223744K, used 204432K [0x00000000c0000000, 0x00000000cda80000, 0x00000000eab00000)
  object space 223744K, 91% used [0x00000000c0000000,0x00000000cc7a42b8,0x00000000cda80000)
 Metaspace       used 74296K, committed 75520K, reserved 1179648K
  class space    used 8241K, committed 8768K, reserved 1048576K
}
Event: 16.386 GC heap before
{Heap before GC invocations=241 (full 10):
 PSYoungGen      total 6144K, used 6133K [0x00000000eab00000, 0x00000000eb380000, 0x0000000100000000)
  eden space 4608K, 100% used [0x00000000eab00000,0x00000000eaf80000,0x00000000eaf80000)
  from space 1536K, 99% used [0x00000000eaf80000,0x00000000eb0fd670,0x00000000eb100000)
  to   space 2048K, 0% used [0x00000000eb180000,0x00000000eb180000,0x00000000eb380000)
 ParOldGen       total 223744K, used 204432K [0x00000000c0000000, 0x00000000cda80000, 0x00000000eab00000)
  object space 223744K, 91% used [0x00000000c0000000,0x00000000cc7a42b8,0x00000000cda80000)
 Metaspace       used 74412K, committed 75584K, reserved 1179648K
  class space    used 8253K, committed 8768K, reserved 1048576K
}
Event: 16.388 GC heap after
{Heap after GC invocations=241 (full 10):
 PSYoungGen      total 6144K, used 1097K [0x00000000eab00000, 0x00000000eb300000, 0x0000000100000000)
  eden space 4608K, 0% used [0x00000000eab00000,0x00000000eab00000,0x00000000eaf80000)
  from space 1536K, 71% used [0x00000000eb180000,0x00000000eb292788,0x00000000eb300000)
  to   space 1536K, 0% used [0x00000000eaf80000,0x00000000eaf80000,0x00000000eb100000)
 ParOldGen       total 223744K, used 205910K [0x00000000c0000000, 0x00000000cda80000, 0x00000000eab00000)
  object space 223744K, 92% used [0x00000000c0000000,0x00000000cc915ba0,0x00000000cda80000)
 Metaspace       used 74412K, committed 75584K, reserved 1179648K
  class space    used 8253K, committed 8768K, reserved 1048576K
}

