# JRE version: OpenJDK Runtime Environment Temurin-17.0.13+11 (17.0.13+11) (build 17.0.13+11)
# Java VM: OpenJDK 64-Bit Server VM Temurin-17.0.13+11 (17.0.13+11, mixed mode, tiered, compressed oops, compressed class ptrs, parallel gc, windows-amd64)
GC Precious Log:
 CPUs: 12 total, 12 available
 Memory: 7365M
 Large Page Support: Disabled
 NUMA Support: Disabled
 Compressed Oops: Enabled (32-bit)
 Alignments: Space 512K, Generation 512K, Heap 2M
 Heap Min Capacity: 100M
 Heap Initial Capacity: 100M
 Heap Max Capacity: 1G
 Pre-touch: Disabled
 Parallel Workers: 10
Heap:
 PSYoungGen      total 17920K, used 5654K [0x00000000eab00000, 0x00000000ec400000, 0x0000000100000000)
  eden space 17408K, 32% used [0x00000000eab00000,0x00000000eb085b78,0x00000000ebc00000)
  from space 512K, 0% used [0x00000000ebe00000,0x00000000ebe00000,0x00000000ebe80000)
  to   space 4096K, 0% used [0x00000000ec000000,0x00000000ec000000,0x00000000ec400000)
 ParOldGen       total 68608K, used 68460K [0x00000000c0000000, 0x00000000c4300000, 0x00000000eab00000)
  object space 68608K, 99% used [0x00000000c0000000,0x00000000c42db280,0x00000000c4300000)
 Metaspace       used 62995K, committed 64064K, reserved 1114112K
  class space    used 6648K, committed 7104K, reserved 1048576K
GC Heap History (20 events):
Event: 9.072 GC heap before
{Heap before GC invocations=35 (full 2):
 PSYoungGen      total 21504K, used 8682K [0x00000000eab00000, 0x00000000ec480000, 0x0000000100000000)
  eden space 18944K, 34% used [0x00000000eab00000,0x00000000eb16e6a0,0x00000000ebd80000)
  from space 2560K, 81% used [0x00000000ec200000,0x00000000ec40c338,0x00000000ec480000)
  to   space 2560K, 0% used [0x00000000ebf80000,0x00000000ebf80000,0x00000000ec200000)
 ParOldGen       total 68608K, used 58130K [0x00000000c0000000, 0x00000000c4300000, 0x00000000eab00000)
  object space 68608K, 84% used [0x00000000c0000000,0x00000000c38c48c0,0x00000000c4300000)
 Metaspace       used 58701K, committed 59776K, reserved 1114112K
  class space    used 6303K, committed 6784K, reserved 1048576K
}
Event: 9.078 GC heap after
{Heap after GC invocations=35 (full 2):
 PSYoungGen      total 20480K, used 1323K [0x00000000eab00000, 0x00000000ec280000, 0x0000000100000000)
  eden space 18944K, 0% used [0x00000000eab00000,0x00000000eab00000,0x00000000ebd80000)
  from space 1536K, 86% used [0x00000000ebf80000,0x00000000ec0cafe0,0x00000000ec100000)
  to   space 1536K, 0% used [0x00000000ec100000,0x00000000ec100000,0x00000000ec280000)
 ParOldGen       total 68608K, used 60098K [0x00000000c0000000, 0x00000000c4300000, 0x00000000eab00000)
  object space 68608K, 87% used [0x00000000c0000000,0x00000000c3ab0b28,0x00000000c4300000)
 Metaspace       used 58701K, committed 59776K, reserved 1114112K
  class space    used 6303K, committed 6784K, reserved 1048576K
}
Event: 9.078 GC heap before
{Heap before GC invocations=36 (full 3):
 PSYoungGen      total 20480K, used 1323K [0x00000000eab00000, 0x00000000ec280000, 0x0000000100000000)
  eden space 18944K, 0% used [0x00000000eab00000,0x00000000eab00000,0x00000000ebd80000)
  from space 1536K, 86% used [0x00000000ebf80000,0x00000000ec0cafe0,0x00000000ec100000)
  to   space 1536K, 0% used [0x00000000ec100000,0x00000000ec100000,0x00000000ec280000)
 ParOldGen       total 68608K, used 60098K [0x00000000c0000000, 0x00000000c4300000, 0x00000000eab00000)
  object space 68608K, 87% used [0x00000000c0000000,0x00000000c3ab0b28,0x00000000c4300000)
 Metaspace       used 58701K, committed 59776K, reserved 1114112K
  class space    used 6303K, committed 6784K, reserved 1048576K
}
Event: 9.143 GC heap after
{Heap after GC invocations=36 (full 3):
 PSYoungGen      total 20480K, used 0K [0x00000000eab00000, 0x00000000ec280000, 0x0000000100000000)
  eden space 18944K, 0% used [0x00000000eab00000,0x00000000eab00000,0x00000000ebd80000)
  from space 1536K, 0% used [0x00000000ebf80000,0x00000000ebf80000,0x00000000ec100000)
  to   space 1536K, 0% used [0x00000000ec100000,0x00000000ec100000,0x00000000ec280000)
 ParOldGen       total 68608K, used 54588K [0x00000000c0000000, 0x00000000c4300000, 0x00000000eab00000)
  object space 68608K, 79% used [0x00000000c0000000,0x00000000c354f2d0,0x00000000c4300000)
 Metaspace       used 58701K, committed 59776K, reserved 1114112K
  class space    used 6303K, committed 6784K, reserved 1048576K
}
Event: 9.374 GC heap before
{Heap before GC invocations=37 (full 3):
 PSYoungGen      total 20480K, used 18944K [0x00000000eab00000, 0x00000000ec280000, 0x0000000100000000)
  eden space 18944K, 100% used [0x00000000eab00000,0x00000000ebd80000,0x00000000ebd80000)
  from space 1536K, 0% used [0x00000000ebf80000,0x00000000ebf80000,0x00000000ec100000)
  to   space 1536K, 0% used [0x00000000ec100000,0x00000000ec100000,0x00000000ec280000)
 ParOldGen       total 68608K, used 54588K [0x00000000c0000000, 0x00000000c4300000, 0x00000000eab00000)
  object space 68608K, 79% used [0x00000000c0000000,0x00000000c354f2d0,0x00000000c4300000)
 Metaspace       used 59903K, committed 60992K, reserved 1114112K
  class space    used 6372K, committed 6848K, reserved 1048576K
}
Event: 9.376 GC heap after
{Heap after GC invocations=37 (full 3):
 PSYoungGen      total 18944K, used 1528K [0x00000000eab00000, 0x00000000ec780000, 0x0000000100000000)
  eden space 17408K, 0% used [0x00000000eab00000,0x00000000eab00000,0x00000000ebc00000)
  from space 1536K, 99% used [0x00000000ec100000,0x00000000ec27e140,0x00000000ec280000)
  to   space 5120K, 0% used [0x00000000ebc00000,0x00000000ebc00000,0x00000000ec100000)
 ParOldGen       total 68608K, used 57368K [0x00000000c0000000, 0x00000000c4300000, 0x00000000eab00000)
  object space 68608K, 83% used [0x00000000c0000000,0x00000000c3806080,0x00000000c4300000)
 Metaspace       used 59903K, committed 60992K, reserved 1114112K
  class space    used 6372K, committed 6848K, reserved 1048576K
}
Event: 9.439 GC heap before
{Heap before GC invocations=38 (full 3):
 PSYoungGen      total 18944K, used 18936K [0x00000000eab00000, 0x00000000ec780000, 0x0000000100000000)
  eden space 17408K, 100% used [0x00000000eab00000,0x00000000ebc00000,0x00000000ebc00000)
  from space 1536K, 99% used [0x00000000ec100000,0x00000000ec27e140,0x00000000ec280000)
  to   space 5120K, 0% used [0x00000000ebc00000,0x00000000ebc00000,0x00000000ec100000)
 ParOldGen       total 68608K, used 57368K [0x00000000c0000000, 0x00000000c4300000, 0x00000000eab00000)
  object space 68608K, 83% used [0x00000000c0000000,0x00000000c3806080,0x00000000c4300000)
 Metaspace       used 60028K, committed 61120K, reserved 1114112K
  class space    used 6390K, committed 6848K, reserved 1048576K
}
Event: 9.442 GC heap after
{Heap after GC invocations=38 (full 3):
 PSYoungGen      total 18944K, used 1368K [0x00000000eab00000, 0x00000000ec180000, 0x0000000100000000)
  eden space 17408K, 0% used [0x00000000eab00000,0x00000000eab00000,0x00000000ebc00000)
  from space 1536K, 89% used [0x00000000ebc00000,0x00000000ebd56010,0x00000000ebd80000)
  to   space 2560K, 0% used [0x00000000ebf00000,0x00000000ebf00000,0x00000000ec180000)
 ParOldGen       total 68608K, used 58882K [0x00000000c0000000, 0x00000000c4300000, 0x00000000eab00000)
  object space 68608K, 85% used [0x00000000c0000000,0x00000000c3980a40,0x00000000c4300000)
 Metaspace       used 60028K, committed 61120K, reserved 1114112K
  class space    used 6390K, committed 6848K, reserved 1048576K
}
Event: 9.510 GC heap before
{Heap before GC invocations=39 (full 3):
 PSYoungGen      total 18944K, used 18727K [0x00000000eab00000, 0x00000000ec180000, 0x0000000100000000)
  eden space 17408K, 99% used [0x00000000eab00000,0x00000000ebbf3c90,0x00000000ebc00000)
  from space 1536K, 89% used [0x00000000ebc00000,0x00000000ebd56010,0x00000000ebd80000)
  to   space 2560K, 0% used [0x00000000ebf00000,0x00000000ebf00000,0x00000000ec180000)
 ParOldGen       total 68608K, used 58882K [0x00000000c0000000, 0x00000000c4300000, 0x00000000eab00000)
  object space 68608K, 85% used [0x00000000c0000000,0x00000000c3980a40,0x00000000c4300000)
 Metaspace       used 60029K, committed 61120K, reserved 1114112K
  class space    used 6390K, committed 6848K, reserved 1048576K
}
Event: 9.512 GC heap after
{Heap after GC invocations=39 (full 3):
 PSYoungGen      total 18944K, used 1210K [0x00000000eab00000, 0x00000000ec080000, 0x0000000100000000)
  eden space 17408K, 0% used [0x00000000eab00000,0x00000000eab00000,0x00000000ebc00000)
  from space 1536K, 78% used [0x00000000ebf00000,0x00000000ec02ea20,0x00000000ec080000)
  to   space 1536K, 0% used [0x00000000ebc00000,0x00000000ebc00000,0x00000000ebd80000)
 ParOldGen       total 68608K, used 59305K [0x00000000c0000000, 0x00000000c4300000, 0x00000000eab00000)
  object space 68608K, 86% used [0x00000000c0000000,0x00000000c39ea518,0x00000000c4300000)
 Metaspace       used 60029K, committed 61120K, reserved 1114112K
  class space    used 6390K, committed 6848K, reserved 1048576K
}
Event: 9.730 GC heap before
{Heap before GC invocations=40 (full 3):
 PSYoungGen      total 18944K, used 18618K [0x00000000eab00000, 0x00000000ec080000, 0x0000000100000000)
  eden space 17408K, 100% used [0x00000000eab00000,0x00000000ebc00000,0x00000000ebc00000)
  from space 1536K, 78% used [0x00000000ebf00000,0x00000000ec02ea20,0x00000000ec080000)
  to   space 1536K, 0% used [0x00000000ebc00000,0x00000000ebc00000,0x00000000ebd80000)
 ParOldGen       total 68608K, used 59305K [0x00000000c0000000, 0x00000000c4300000, 0x00000000eab00000)
  object space 68608K, 86% used [0x00000000c0000000,0x00000000c39ea518,0x00000000c4300000)
 Metaspace       used 61294K, committed 62400K, reserved 1114112K
  class space    used 6520K, committed 6976K, reserved 1048576K
}
Event: 9.731 GC heap after
{Heap after GC invocations=40 (full 3):
 PSYoungGen      total 18944K, used 1527K [0x00000000eab00000, 0x00000000ec200000, 0x0000000100000000)
  eden space 17408K, 0% used [0x00000000eab00000,0x00000000eab00000,0x00000000ebc00000)
  from space 1536K, 99% used [0x00000000ebc00000,0x00000000ebd7dd90,0x00000000ebd80000)
  to   space 3072K, 0% used [0x00000000ebf00000,0x00000000ebf00000,0x00000000ec200000)
 ParOldGen       total 68608K, used 60289K [0x00000000c0000000, 0x00000000c4300000, 0x00000000eab00000)
  object space 68608K, 87% used [0x00000000c0000000,0x00000000c3ae0528,0x00000000c4300000)
 Metaspace       used 61294K, committed 62400K, reserved 1114112K
  class space    used 6520K, committed 6976K, reserved 1048576K
}
Event: 10.225 GC heap before
{Heap before GC invocations=41 (full 3):
 PSYoungGen      total 18944K, used 18935K [0x00000000eab00000, 0x00000000ec200000, 0x0000000100000000)
  eden space 17408K, 100% used [0x00000000eab00000,0x00000000ebc00000,0x00000000ebc00000)
  from space 1536K, 99% used [0x00000000ebc00000,0x00000000ebd7dd90,0x00000000ebd80000)
  to   space 3072K, 0% used [0x00000000ebf00000,0x00000000ebf00000,0x00000000ec200000)
 ParOldGen       total 68608K, used 60289K [0x00000000c0000000, 0x00000000c4300000, 0x00000000eab00000)
  object space 68608K, 87% used [0x00000000c0000000,0x00000000c3ae0528,0x00000000c4300000)
 Metaspace       used 62355K, committed 63488K, reserved 1114112K
  class space    used 6620K, committed 7104K, reserved 1048576K
}
Event: 10.230 GC heap after
{Heap after GC invocations=41 (full 3):
 PSYoungGen      total 20480K, used 2593K [0x00000000eab00000, 0x00000000ec200000, 0x0000000100000000)
  eden space 17408K, 0% used [0x00000000eab00000,0x00000000eab00000,0x00000000ebc00000)
  from space 3072K, 84% used [0x00000000ebf00000,0x00000000ec1886e0,0x00000000ec200000)
  to   space 3072K, 0% used [0x00000000ebc00000,0x00000000ebc00000,0x00000000ebf00000)
 ParOldGen       total 68608K, used 61794K [0x00000000c0000000, 0x00000000c4300000, 0x00000000eab00000)
  object space 68608K, 90% used [0x00000000c0000000,0x00000000c3c58938,0x00000000c4300000)
 Metaspace       used 62355K, committed 63488K, reserved 1114112K
  class space    used 6620K, committed 7104K, reserved 1048576K
}
Event: 10.717 GC heap before
{Heap before GC invocations=42 (full 3):
 PSYoungGen      total 20480K, used 20001K [0x00000000eab00000, 0x00000000ec200000, 0x0000000100000000)
  eden space 17408K, 100% used [0x00000000eab00000,0x00000000ebc00000,0x00000000ebc00000)
  from space 3072K, 84% used [0x00000000ebf00000,0x00000000ec1886e0,0x00000000ec200000)
  to   space 3072K, 0% used [0x00000000ebc00000,0x00000000ebc00000,0x00000000ebf00000)
 ParOldGen       total 68608K, used 61794K [0x00000000c0000000, 0x00000000c4300000, 0x00000000eab00000)
  object space 68608K, 90% used [0x00000000c0000000,0x00000000c3c58938,0x00000000c4300000)
 Metaspace       used 62876K, committed 64000K, reserved 1114112K
  class space    used 6644K, committed 7104K, reserved 1048576K
}
Event: 10.720 GC heap after
{Heap after GC invocations=42 (full 3):
 PSYoungGen      total 20480K, used 3056K [0x00000000eab00000, 0x00000000ec900000, 0x0000000100000000)
  eden space 17408K, 0% used [0x00000000eab00000,0x00000000eab00000,0x00000000ebc00000)
  from space 3072K, 99% used [0x00000000ebc00000,0x00000000ebefc270,0x00000000ebf00000)
  to   space 6656K, 0% used [0x00000000ec280000,0x00000000ec280000,0x00000000ec900000)
 ParOldGen       total 68608K, used 64366K [0x00000000c0000000, 0x00000000c4300000, 0x00000000eab00000)
  object space 68608K, 93% used [0x00000000c0000000,0x00000000c3edb9a8,0x00000000c4300000)
 Metaspace       used 62876K, committed 64000K, reserved 1114112K
  class space    used 6644K, committed 7104K, reserved 1048576K
}
Event: 10.861 GC heap before
{Heap before GC invocations=43 (full 3):
 PSYoungGen      total 20480K, used 20464K [0x00000000eab00000, 0x00000000ec900000, 0x0000000100000000)
  eden space 17408K, 100% used [0x00000000eab00000,0x00000000ebc00000,0x00000000ebc00000)
  from space 3072K, 99% used [0x00000000ebc00000,0x00000000ebefc270,0x00000000ebf00000)
  to   space 6656K, 0% used [0x00000000ec280000,0x00000000ec280000,0x00000000ec900000)
 ParOldGen       total 68608K, used 64366K [0x00000000c0000000, 0x00000000c4300000, 0x00000000eab00000)
  object space 68608K, 93% used [0x00000000c0000000,0x00000000c3edb9a8,0x00000000c4300000)
 Metaspace       used 62963K, committed 64064K, reserved 1114112K
  class space    used 6648K, committed 7104K, reserved 1048576K
}
Event: 10.864 GC heap after
{Heap after GC invocations=43 (full 3):
 PSYoungGen      total 20992K, used 3132K [0x00000000eab00000, 0x00000000ec600000, 0x0000000100000000)
  eden space 17408K, 0% used [0x00000000eab00000,0x00000000eab00000,0x00000000ebc00000)
  from space 3584K, 87% used [0x00000000ec280000,0x00000000ec58f0f0,0x00000000ec600000)
  to   space 4096K, 0% used [0x00000000ebe00000,0x00000000ebe00000,0x00000000ec200000)
 ParOldGen       total 68608K, used 67188K [0x00000000c0000000, 0x00000000c4300000, 0x00000000eab00000)
  object space 68608K, 97% used [0x00000000c0000000,0x00000000c419d350,0x00000000c4300000)
 Metaspace       used 62963K, committed 64064K, reserved 1114112K
  class space    used 6648K, committed 7104K, reserved 1048576K
}
Event: 10.996 GC heap before
{Heap before GC invocations=44 (full 4):
 PSYoungGen      total 20992K, used 20540K [0x00000000eab00000, 0x00000000ec600000, 0x0000000100000000)
  eden space 17408K, 100% used [0x00000000eab00000,0x00000000ebc00000,0x00000000ebc00000)
  from space 3584K, 87% used [0x00000000ec280000,0x00000000ec58f0f0,0x00000000ec600000)
  to   space 4096K, 0% used [0x00000000ebe00000,0x00000000ebe00000,0x00000000ec200000)
 ParOldGen       total 68608K, used 67188K [0x00000000c0000000, 0x00000000c4300000, 0x00000000eab00000)
  object space 68608K, 97% used [0x00000000c0000000,0x00000000c419d350,0x00000000c4300000)
 Metaspace       used 62973K, committed 64064K, reserved 1114112K
  class space    used 6648K, committed 7104K, reserved 1048576K
}
Event: 11.053 GC heap after
{Heap after GC invocations=44 (full 4):
 PSYoungGen      total 17920K, used 0K [0x00000000eab00000, 0x00000000ec400000, 0x0000000100000000)
  eden space 17408K, 0% used [0x00000000eab00000,0x00000000eab00000,0x00000000ebc00000)
  from space 512K, 0% used [0x00000000ebe00000,0x00000000ebe00000,0x00000000ebe80000)
  to   space 4096K, 0% used [0x00000000ec000000,0x00000000ec000000,0x00000000ec400000)
 ParOldGen       total 68608K, used 68460K [0x00000000c0000000, 0x00000000c4300000, 0x00000000eab00000)
  object space 68608K, 99% used [0x00000000c0000000,0x00000000c42db280,0x00000000c4300000)
 Metaspace       used 62973K, committed 64064K, reserved 1114112K
  class space    used 6648K, committed 7104K, reserved 1048576K
}

