# JRE version: OpenJDK Runtime Environment Temurin-17.0.13+11 (17.0.13+11) (build 17.0.13+11)
# Java VM: OpenJDK 64-Bit Server VM Temurin-17.0.13+11 (17.0.13+11, mixed mode, tiered, compressed oops, compressed class ptrs, parallel gc, windows-amd64)
GC Precious Log:
 CPUs: 12 total, 12 available
 Memory: 7365M
 Large Page Support: Disabled
 NUMA Support: Disabled
 Compressed Oops: Enabled (32-bit)
 Alignments: Space 512K, Generation 512K, Heap 2M
 Heap Min Capacity: 100M
 Heap Initial Capacity: 100M
 Heap Max Capacity: 1G
 Pre-touch: Disabled
 Parallel Workers: 10
Heap:
 PSYoungGen      total 8704K, used 5655K [0x00000000eab00000, 0x00000000eb880000, 0x0000000100000000)
  eden space 6144K, 50% used [0x00000000eab00000,0x00000000eae07f38,0x00000000eb100000)
  from space 2560K, 99% used [0x00000000eb100000,0x00000000eb37ddf0,0x00000000eb380000)
  to   space 3584K, 0% used [0x00000000eb500000,0x00000000eb500000,0x00000000eb880000)
 ParOldGen       total 172544K, used 150414K [0x00000000c0000000, 0x00000000ca880000, 0x00000000eab00000)
  object space 172544K, 87% used [0x00000000c0000000,0x00000000c92e3bc0,0x00000000ca880000)
 Metaspace       used 63740K, committed 64704K, reserved 1114112K
  class space    used 6702K, committed 7104K, reserved 1048576K
GC Heap History (20 events):
Event: 6.932 GC heap before
{Heap before GC invocations=96 (full 6):
 PSYoungGen      total 5120K, used 5091K [0x00000000eab00000, 0x00000000eb380000, 0x0000000100000000)
  eden space 3072K, 100% used [0x00000000eab00000,0x00000000eae00000,0x00000000eae00000)
  from space 2048K, 98% used [0x00000000eae00000,0x00000000eaff8d18,0x00000000eb000000)
  to   space 2560K, 0% used [0x00000000eb100000,0x00000000eb100000,0x00000000eb380000)
 ParOldGen       total 172544K, used 141883K [0x00000000c0000000, 0x00000000ca880000, 0x00000000eab00000)
  object space 172544K, 82% used [0x00000000c0000000,0x00000000c8a8ef38,0x00000000ca880000)
 Metaspace       used 63036K, committed 64064K, reserved 1114112K
  class space    used 6619K, committed 7040K, reserved 1048576K
}
Event: 6.934 GC heap after
{Heap after GC invocations=96 (full 6):
 PSYoungGen      total 5120K, used 1479K [0x00000000eab00000, 0x00000000eb280000, 0x0000000100000000)
  eden space 3584K, 0% used [0x00000000eab00000,0x00000000eab00000,0x00000000eae80000)
  from space 1536K, 96% used [0x00000000eb100000,0x00000000eb271fb8,0x00000000eb280000)
  to   space 2048K, 0% used [0x00000000eae80000,0x00000000eae80000,0x00000000eb080000)
 ParOldGen       total 172544K, used 143210K [0x00000000c0000000, 0x00000000ca880000, 0x00000000eab00000)
  object space 172544K, 82% used [0x00000000c0000000,0x00000000c8bdaa00,0x00000000ca880000)
 Metaspace       used 63036K, committed 64064K, reserved 1114112K
  class space    used 6619K, committed 7040K, reserved 1048576K
}
Event: 6.950 GC heap before
{Heap before GC invocations=97 (full 6):
 PSYoungGen      total 5120K, used 5063K [0x00000000eab00000, 0x00000000eb280000, 0x0000000100000000)
  eden space 3584K, 100% used [0x00000000eab00000,0x00000000eae80000,0x00000000eae80000)
  from space 1536K, 96% used [0x00000000eb100000,0x00000000eb271fb8,0x00000000eb280000)
  to   space 2048K, 0% used [0x00000000eae80000,0x00000000eae80000,0x00000000eb080000)
 ParOldGen       total 172544K, used 143210K [0x00000000c0000000, 0x00000000ca880000, 0x00000000eab00000)
  object space 172544K, 82% used [0x00000000c0000000,0x00000000c8bdaa00,0x00000000ca880000)
 Metaspace       used 63056K, committed 64064K, reserved 1114112K
  class space    used 6620K, committed 7040K, reserved 1048576K
}
Event: 6.951 GC heap after
{Heap after GC invocations=97 (full 6):
 PSYoungGen      total 5632K, used 2045K [0x00000000eab00000, 0x00000000eb400000, 0x0000000100000000)
  eden space 3584K, 0% used [0x00000000eab00000,0x00000000eab00000,0x00000000eae80000)
  from space 2048K, 99% used [0x00000000eae80000,0x00000000eb07f558,0x00000000eb080000)
  to   space 2560K, 0% used [0x00000000eb180000,0x00000000eb180000,0x00000000eb400000)
 ParOldGen       total 172544K, used 143296K [0x00000000c0000000, 0x00000000ca880000, 0x00000000eab00000)
  object space 172544K, 83% used [0x00000000c0000000,0x00000000c8bf00c8,0x00000000ca880000)
 Metaspace       used 63056K, committed 64064K, reserved 1114112K
  class space    used 6620K, committed 7040K, reserved 1048576K
}
Event: 6.962 GC heap before
{Heap before GC invocations=98 (full 6):
 PSYoungGen      total 5632K, used 5629K [0x00000000eab00000, 0x00000000eb400000, 0x0000000100000000)
  eden space 3584K, 100% used [0x00000000eab00000,0x00000000eae80000,0x00000000eae80000)
  from space 2048K, 99% used [0x00000000eae80000,0x00000000eb07f558,0x00000000eb080000)
  to   space 2560K, 0% used [0x00000000eb180000,0x00000000eb180000,0x00000000eb400000)
 ParOldGen       total 172544K, used 143296K [0x00000000c0000000, 0x00000000ca880000, 0x00000000eab00000)
  object space 172544K, 83% used [0x00000000c0000000,0x00000000c8bf00c8,0x00000000ca880000)
 Metaspace       used 63092K, committed 64128K, reserved 1114112K
  class space    used 6620K, committed 7040K, reserved 1048576K
}
Event: 6.964 GC heap after
{Heap after GC invocations=98 (full 6):
 PSYoungGen      total 6144K, used 1702K [0x00000000eab00000, 0x00000000eb380000, 0x0000000100000000)
  eden space 4096K, 0% used [0x00000000eab00000,0x00000000eab00000,0x00000000eaf00000)
  from space 2048K, 83% used [0x00000000eb180000,0x00000000eb329a90,0x00000000eb380000)
  to   space 2048K, 0% used [0x00000000eaf80000,0x00000000eaf80000,0x00000000eb180000)
 ParOldGen       total 172544K, used 144544K [0x00000000c0000000, 0x00000000ca880000, 0x00000000eab00000)
  object space 172544K, 83% used [0x00000000c0000000,0x00000000c8d28370,0x00000000ca880000)
 Metaspace       used 63092K, committed 64128K, reserved 1114112K
  class space    used 6620K, committed 7040K, reserved 1048576K
}
Event: 6.980 GC heap before
{Heap before GC invocations=99 (full 6):
 PSYoungGen      total 6144K, used 5798K [0x00000000eab00000, 0x00000000eb380000, 0x0000000100000000)
  eden space 4096K, 100% used [0x00000000eab00000,0x00000000eaf00000,0x00000000eaf00000)
  from space 2048K, 83% used [0x00000000eb180000,0x00000000eb329a90,0x00000000eb380000)
  to   space 2048K, 0% used [0x00000000eaf80000,0x00000000eaf80000,0x00000000eb180000)
 ParOldGen       total 172544K, used 144544K [0x00000000c0000000, 0x00000000ca880000, 0x00000000eab00000)
  object space 172544K, 83% used [0x00000000c0000000,0x00000000c8d28370,0x00000000ca880000)
 Metaspace       used 63104K, committed 64128K, reserved 1114112K
  class space    used 6621K, committed 7040K, reserved 1048576K
}
Event: 6.982 GC heap after
{Heap after GC invocations=99 (full 6):
 PSYoungGen      total 6656K, used 2045K [0x00000000eab00000, 0x00000000eb480000, 0x0000000100000000)
  eden space 4608K, 0% used [0x00000000eab00000,0x00000000eab00000,0x00000000eaf80000)
  from space 2048K, 99% used [0x00000000eaf80000,0x00000000eb17f518,0x00000000eb180000)
  to   space 2560K, 0% used [0x00000000eb200000,0x00000000eb200000,0x00000000eb480000)
 ParOldGen       total 172544K, used 144881K [0x00000000c0000000, 0x00000000ca880000, 0x00000000eab00000)
  object space 172544K, 83% used [0x00000000c0000000,0x00000000c8d7c500,0x00000000ca880000)
 Metaspace       used 63104K, committed 64128K, reserved 1114112K
  class space    used 6621K, committed 7040K, reserved 1048576K
}
Event: 6.992 GC heap before
{Heap before GC invocations=100 (full 6):
 PSYoungGen      total 6656K, used 6653K [0x00000000eab00000, 0x00000000eb480000, 0x0000000100000000)
  eden space 4608K, 100% used [0x00000000eab00000,0x00000000eaf80000,0x00000000eaf80000)
  from space 2048K, 99% used [0x00000000eaf80000,0x00000000eb17f518,0x00000000eb180000)
  to   space 2560K, 0% used [0x00000000eb200000,0x00000000eb200000,0x00000000eb480000)
 ParOldGen       total 172544K, used 144881K [0x00000000c0000000, 0x00000000ca880000, 0x00000000eab00000)
  object space 172544K, 83% used [0x00000000c0000000,0x00000000c8d7c500,0x00000000ca880000)
 Metaspace       used 63195K, committed 64192K, reserved 1114112K
  class space    used 6632K, committed 7040K, reserved 1048576K
}
Event: 6.994 GC heap after
{Heap after GC invocations=100 (full 6):
 PSYoungGen      total 7168K, used 1867K [0x00000000eab00000, 0x00000000eb500000, 0x0000000100000000)
  eden space 4608K, 0% used [0x00000000eab00000,0x00000000eab00000,0x00000000eaf80000)
  from space 2560K, 72% used [0x00000000eb200000,0x00000000eb3d2fd0,0x00000000eb480000)
  to   space 2560K, 0% used [0x00000000eaf80000,0x00000000eaf80000,0x00000000eb200000)
 ParOldGen       total 172544K, used 146162K [0x00000000c0000000, 0x00000000ca880000, 0x00000000eab00000)
  object space 172544K, 84% used [0x00000000c0000000,0x00000000c8ebc8e8,0x00000000ca880000)
 Metaspace       used 63195K, committed 64192K, reserved 1114112K
  class space    used 6632K, committed 7040K, reserved 1048576K
}
Event: 7.004 GC heap before
{Heap before GC invocations=101 (full 6):
 PSYoungGen      total 7168K, used 6475K [0x00000000eab00000, 0x00000000eb500000, 0x0000000100000000)
  eden space 4608K, 100% used [0x00000000eab00000,0x00000000eaf80000,0x00000000eaf80000)
  from space 2560K, 72% used [0x00000000eb200000,0x00000000eb3d2fd0,0x00000000eb480000)
  to   space 2560K, 0% used [0x00000000eaf80000,0x00000000eaf80000,0x00000000eb200000)
 ParOldGen       total 172544K, used 146162K [0x00000000c0000000, 0x00000000ca880000, 0x00000000eab00000)
  object space 172544K, 84% used [0x00000000c0000000,0x00000000c8ebc8e8,0x00000000ca880000)
 Metaspace       used 63245K, committed 64192K, reserved 1114112K
  class space    used 6638K, committed 7040K, reserved 1048576K
}
Event: 7.006 GC heap after
{Heap after GC invocations=101 (full 6):
 PSYoungGen      total 7168K, used 2548K [0x00000000eab00000, 0x00000000eb600000, 0x0000000100000000)
  eden space 4608K, 0% used [0x00000000eab00000,0x00000000eab00000,0x00000000eaf80000)
  from space 2560K, 99% used [0x00000000eaf80000,0x00000000eb1fd068,0x00000000eb200000)
  to   space 3072K, 0% used [0x00000000eb300000,0x00000000eb300000,0x00000000eb600000)
 ParOldGen       total 172544K, used 146331K [0x00000000c0000000, 0x00000000ca880000, 0x00000000eab00000)
  object space 172544K, 84% used [0x00000000c0000000,0x00000000c8ee6cc8,0x00000000ca880000)
 Metaspace       used 63245K, committed 64192K, reserved 1114112K
  class space    used 6638K, committed 7040K, reserved 1048576K
}
Event: 7.018 GC heap before
{Heap before GC invocations=102 (full 6):
 PSYoungGen      total 7168K, used 7156K [0x00000000eab00000, 0x00000000eb600000, 0x0000000100000000)
  eden space 4608K, 100% used [0x00000000eab00000,0x00000000eaf80000,0x00000000eaf80000)
  from space 2560K, 99% used [0x00000000eaf80000,0x00000000eb1fd068,0x00000000eb200000)
  to   space 3072K, 0% used [0x00000000eb300000,0x00000000eb300000,0x00000000eb600000)
 ParOldGen       total 172544K, used 146331K [0x00000000c0000000, 0x00000000ca880000, 0x00000000eab00000)
  object space 172544K, 84% used [0x00000000c0000000,0x00000000c8ee6cc8,0x00000000ca880000)
 Metaspace       used 63284K, committed 64256K, reserved 1114112K
  class space    used 6643K, committed 7040K, reserved 1048576K
}
Event: 7.020 GC heap after
{Heap after GC invocations=102 (full 6):
 PSYoungGen      total 7168K, used 1934K [0x00000000eab00000, 0x00000000eb500000, 0x0000000100000000)
  eden space 5120K, 0% used [0x00000000eab00000,0x00000000eab00000,0x00000000eb000000)
  from space 2048K, 94% used [0x00000000eb300000,0x00000000eb4e38f0,0x00000000eb500000)
  to   space 2560K, 0% used [0x00000000eb000000,0x00000000eb000000,0x00000000eb280000)
 ParOldGen       total 172544K, used 147984K [0x00000000c0000000, 0x00000000ca880000, 0x00000000eab00000)
  object space 172544K, 85% used [0x00000000c0000000,0x00000000c90842c8,0x00000000ca880000)
 Metaspace       used 63284K, committed 64256K, reserved 1114112K
  class space    used 6643K, committed 7040K, reserved 1048576K
}
Event: 7.032 GC heap before
{Heap before GC invocations=103 (full 6):
 PSYoungGen      total 7168K, used 7054K [0x00000000eab00000, 0x00000000eb500000, 0x0000000100000000)
  eden space 5120K, 100% used [0x00000000eab00000,0x00000000eb000000,0x00000000eb000000)
  from space 2048K, 94% used [0x00000000eb300000,0x00000000eb4e38f0,0x00000000eb500000)
  to   space 2560K, 0% used [0x00000000eb000000,0x00000000eb000000,0x00000000eb280000)
 ParOldGen       total 172544K, used 147984K [0x00000000c0000000, 0x00000000ca880000, 0x00000000eab00000)
  object space 172544K, 85% used [0x00000000c0000000,0x00000000c90842c8,0x00000000ca880000)
 Metaspace       used 63349K, committed 64384K, reserved 1114112K
  class space    used 6648K, committed 7104K, reserved 1048576K
}
Event: 7.034 GC heap after
{Heap after GC invocations=103 (full 6):
 PSYoungGen      total 7680K, used 2555K [0x00000000eab00000, 0x00000000eb680000, 0x0000000100000000)
  eden space 5120K, 0% used [0x00000000eab00000,0x00000000eab00000,0x00000000eb000000)
  from space 2560K, 99% used [0x00000000eb000000,0x00000000eb27eee8,0x00000000eb280000)
  to   space 3072K, 0% used [0x00000000eb380000,0x00000000eb380000,0x00000000eb680000)
 ParOldGen       total 172544K, used 148189K [0x00000000c0000000, 0x00000000ca880000, 0x00000000eab00000)
  object space 172544K, 85% used [0x00000000c0000000,0x00000000c90b77c0,0x00000000ca880000)
 Metaspace       used 63349K, committed 64384K, reserved 1114112K
  class space    used 6648K, committed 7104K, reserved 1048576K
}
Event: 7.047 GC heap before
{Heap before GC invocations=104 (full 6):
 PSYoungGen      total 7680K, used 7675K [0x00000000eab00000, 0x00000000eb680000, 0x0000000100000000)
  eden space 5120K, 100% used [0x00000000eab00000,0x00000000eb000000,0x00000000eb000000)
  from space 2560K, 99% used [0x00000000eb000000,0x00000000eb27eee8,0x00000000eb280000)
  to   space 3072K, 0% used [0x00000000eb380000,0x00000000eb380000,0x00000000eb680000)
 ParOldGen       total 172544K, used 148189K [0x00000000c0000000, 0x00000000ca880000, 0x00000000eab00000)
  object space 172544K, 85% used [0x00000000c0000000,0x00000000c90b77c0,0x00000000ca880000)
 Metaspace       used 63379K, committed 64448K, reserved 1114112K
  class space    used 6651K, committed 7104K, reserved 1048576K
}
Event: 7.050 GC heap after
{Heap after GC invocations=104 (full 6):
 PSYoungGen      total 8192K, used 2244K [0x00000000eab00000, 0x00000000eb600000, 0x0000000100000000)
  eden space 5632K, 0% used [0x00000000eab00000,0x00000000eab00000,0x00000000eb080000)
  from space 2560K, 87% used [0x00000000eb380000,0x00000000eb5b1068,0x00000000eb600000)
  to   space 2560K, 0% used [0x00000000eb100000,0x00000000eb100000,0x00000000eb380000)
 ParOldGen       total 172544K, used 149827K [0x00000000c0000000, 0x00000000ca880000, 0x00000000eab00000)
  object space 172544K, 86% used [0x00000000c0000000,0x00000000c9250d18,0x00000000ca880000)
 Metaspace       used 63379K, committed 64448K, reserved 1114112K
  class space    used 6651K, committed 7104K, reserved 1048576K
}
Event: 7.069 GC heap before
{Heap before GC invocations=105 (full 6):
 PSYoungGen      total 8192K, used 7876K [0x00000000eab00000, 0x00000000eb600000, 0x0000000100000000)
  eden space 5632K, 100% used [0x00000000eab00000,0x00000000eb080000,0x00000000eb080000)
  from space 2560K, 87% used [0x00000000eb380000,0x00000000eb5b1068,0x00000000eb600000)
  to   space 2560K, 0% used [0x00000000eb100000,0x00000000eb100000,0x00000000eb380000)
 ParOldGen       total 172544K, used 149827K [0x00000000c0000000, 0x00000000ca880000, 0x00000000eab00000)
  object space 172544K, 86% used [0x00000000c0000000,0x00000000c9250d18,0x00000000ca880000)
 Metaspace       used 63567K, committed 64576K, reserved 1114112K
  class space    used 6676K, committed 7104K, reserved 1048576K
}
Event: 7.071 GC heap after
{Heap after GC invocations=105 (full 6):
 PSYoungGen      total 8704K, used 2551K [0x00000000eab00000, 0x00000000eb880000, 0x0000000100000000)
  eden space 6144K, 0% used [0x00000000eab00000,0x00000000eab00000,0x00000000eb100000)
  from space 2560K, 99% used [0x00000000eb100000,0x00000000eb37ddf0,0x00000000eb380000)
  to   space 3584K, 0% used [0x00000000eb500000,0x00000000eb500000,0x00000000eb880000)
 ParOldGen       total 172544K, used 150414K [0x00000000c0000000, 0x00000000ca880000, 0x00000000eab00000)
  object space 172544K, 87% used [0x00000000c0000000,0x00000000c92e3bc0,0x00000000ca880000)
 Metaspace       used 63567K, committed 64576K, reserved 1114112K
  class space    used 6676K, committed 7104K, reserved 1048576K
}

