# JRE version: OpenJDK Runtime Environment Temurin-17.0.13+11 (17.0.13+11) (build 17.0.13+11)
# Java VM: OpenJDK 64-Bit Server VM Temurin-17.0.13+11 (17.0.13+11, mixed mode, tiered, compressed oops, compressed class ptrs, parallel gc, windows-amd64)
GC Precious Log:
 CPUs: 12 total, 12 available
 Memory: 7365M
 Large Page Support: Disabled
 NUMA Support: Disabled
 Compressed Oops: Enabled (32-bit)
 Alignments: Space 512K, Generation 512K, Heap 2M
 Heap Min Capacity: 100M
 Heap Initial Capacity: 100M
 Heap Max Capacity: 1G
 Pre-touch: Disabled
 Parallel Workers: 10
Heap:
 PSYoungGen      total 24064K, used 10324K [0x00000000eab00000, 0x00000000ec680000, 0x0000000100000000)
  eden space 22016K, 37% used [0x00000000eab00000,0x00000000eb315510,0x00000000ec080000)
  from space 2048K, 99% used [0x00000000ec480000,0x00000000ec67fbd8,0x00000000ec680000)
  to   space 1536K, 0% used [0x00000000ec300000,0x00000000ec300000,0x00000000ec480000)
 ParOldGen       total 68608K, used 20810K [0x00000000c0000000, 0x00000000c4300000, 0x00000000eab00000)
  object space 68608K, 30% used [0x00000000c0000000,0x00000000c1452848,0x00000000c4300000)
 Metaspace       used 42576K, committed 43456K, reserved 1114112K
  class space    used 4315K, committed 4672K, reserved 1048576K
GC Heap History (20 events):
Event: 2.943 GC heap before
{Heap before GC invocations=7 (full 1):
 PSYoungGen      total 29696K, used 25600K [0x00000000eab00000, 0x00000000ece00000, 0x0000000100000000)
  eden space 25600K, 100% used [0x00000000eab00000,0x00000000ec400000,0x00000000ec400000)
  from space 4096K, 0% used [0x00000000ec400000,0x00000000ec400000,0x00000000ec800000)
  to   space 5120K, 0% used [0x00000000ec900000,0x00000000ec900000,0x00000000ece00000)
 ParOldGen       total 68608K, used 10633K [0x00000000c0000000, 0x00000000c4300000, 0x00000000eab00000)
  object space 68608K, 15% used [0x00000000c0000000,0x00000000c0a62790,0x00000000c4300000)
 Metaspace       used 23976K, committed 24448K, reserved 1114112K
  class space    used 2427K, committed 2624K, reserved 1048576K
}
Event: 2.947 GC heap after
{Heap after GC invocations=7 (full 1):
 PSYoungGen      total 29184K, used 3939K [0x00000000eab00000, 0x00000000ecd00000, 0x0000000100000000)
  eden space 25088K, 0% used [0x00000000eab00000,0x00000000eab00000,0x00000000ec380000)
  from space 4096K, 96% used [0x00000000ec900000,0x00000000eccd8e70,0x00000000ecd00000)
  to   space 4608K, 0% used [0x00000000ec400000,0x00000000ec400000,0x00000000ec880000)
 ParOldGen       total 68608K, used 10641K [0x00000000c0000000, 0x00000000c4300000, 0x00000000eab00000)
  object space 68608K, 15% used [0x00000000c0000000,0x00000000c0a64790,0x00000000c4300000)
 Metaspace       used 23976K, committed 24448K, reserved 1114112K
  class space    used 2427K, committed 2624K, reserved 1048576K
}
Event: 3.214 GC heap before
{Heap before GC invocations=8 (full 1):
 PSYoungGen      total 29184K, used 29027K [0x00000000eab00000, 0x00000000ecd00000, 0x0000000100000000)
  eden space 25088K, 100% used [0x00000000eab00000,0x00000000ec380000,0x00000000ec380000)
  from space 4096K, 96% used [0x00000000ec900000,0x00000000eccd8e70,0x00000000ecd00000)
  to   space 4608K, 0% used [0x00000000ec400000,0x00000000ec400000,0x00000000ec880000)
 ParOldGen       total 68608K, used 10641K [0x00000000c0000000, 0x00000000c4300000, 0x00000000eab00000)
  object space 68608K, 15% used [0x00000000c0000000,0x00000000c0a64790,0x00000000c4300000)
 Metaspace       used 26550K, committed 27072K, reserved 1114112K
  class space    used 2709K, committed 2944K, reserved 1048576K
}
Event: 3.216 GC heap after
{Heap after GC invocations=8 (full 1):
 PSYoungGen      total 29184K, used 4594K [0x00000000eab00000, 0x00000000ece00000, 0x0000000100000000)
  eden space 24576K, 0% used [0x00000000eab00000,0x00000000eab00000,0x00000000ec300000)
  from space 4608K, 99% used [0x00000000ec400000,0x00000000ec87ca38,0x00000000ec880000)
  to   space 5632K, 0% used [0x00000000ec880000,0x00000000ec880000,0x00000000ece00000)
 ParOldGen       total 68608K, used 11407K [0x00000000c0000000, 0x00000000c4300000, 0x00000000eab00000)
  object space 68608K, 16% used [0x00000000c0000000,0x00000000c0b23e58,0x00000000c4300000)
 Metaspace       used 26550K, committed 27072K, reserved 1114112K
  class space    used 2709K, committed 2944K, reserved 1048576K
}
Event: 3.422 GC heap before
{Heap before GC invocations=9 (full 1):
 PSYoungGen      total 29184K, used 29170K [0x00000000eab00000, 0x00000000ece00000, 0x0000000100000000)
  eden space 24576K, 100% used [0x00000000eab00000,0x00000000ec300000,0x00000000ec300000)
  from space 4608K, 99% used [0x00000000ec400000,0x00000000ec87ca38,0x00000000ec880000)
  to   space 5632K, 0% used [0x00000000ec880000,0x00000000ec880000,0x00000000ece00000)
 ParOldGen       total 68608K, used 11407K [0x00000000c0000000, 0x00000000c4300000, 0x00000000eab00000)
  object space 68608K, 16% used [0x00000000c0000000,0x00000000c0b23e58,0x00000000c4300000)
 Metaspace       used 29081K, committed 29760K, reserved 1114112K
  class space    used 2946K, committed 3200K, reserved 1048576K
}
Event: 3.426 GC heap after
{Heap after GC invocations=9 (full 1):
 PSYoungGen      total 28160K, used 5603K [0x00000000eab00000, 0x00000000ed180000, 0x0000000100000000)
  eden space 22528K, 0% used [0x00000000eab00000,0x00000000eab00000,0x00000000ec100000)
  from space 5632K, 99% used [0x00000000ec880000,0x00000000ecdf8e38,0x00000000ece00000)
  to   space 7680K, 0% used [0x00000000ec100000,0x00000000ec100000,0x00000000ec880000)
 ParOldGen       total 68608K, used 13005K [0x00000000c0000000, 0x00000000c4300000, 0x00000000eab00000)
  object space 68608K, 18% used [0x00000000c0000000,0x00000000c0cb3788,0x00000000c4300000)
 Metaspace       used 29081K, committed 29760K, reserved 1114112K
  class space    used 2946K, committed 3200K, reserved 1048576K
}
Event: 3.601 GC heap before
{Heap before GC invocations=10 (full 1):
 PSYoungGen      total 28160K, used 28131K [0x00000000eab00000, 0x00000000ed180000, 0x0000000100000000)
  eden space 22528K, 100% used [0x00000000eab00000,0x00000000ec100000,0x00000000ec100000)
  from space 5632K, 99% used [0x00000000ec880000,0x00000000ecdf8e38,0x00000000ece00000)
  to   space 7680K, 0% used [0x00000000ec100000,0x00000000ec100000,0x00000000ec880000)
 ParOldGen       total 68608K, used 13005K [0x00000000c0000000, 0x00000000c4300000, 0x00000000eab00000)
  object space 68608K, 18% used [0x00000000c0000000,0x00000000c0cb3788,0x00000000c4300000)
 Metaspace       used 32331K, committed 33024K, reserved 1114112K
  class space    used 3187K, committed 3456K, reserved 1048576K
}
Event: 3.604 GC heap after
{Heap after GC invocations=10 (full 1):
 PSYoungGen      total 26112K, used 3999K [0x00000000eab00000, 0x00000000ecb80000, 0x0000000100000000)
  eden space 22016K, 0% used [0x00000000eab00000,0x00000000eab00000,0x00000000ec080000)
  from space 4096K, 97% used [0x00000000ec100000,0x00000000ec4e7e28,0x00000000ec500000)
  to   space 5632K, 0% used [0x00000000ec600000,0x00000000ec600000,0x00000000ecb80000)
 ParOldGen       total 68608K, used 14888K [0x00000000c0000000, 0x00000000c4300000, 0x00000000eab00000)
  object space 68608K, 21% used [0x00000000c0000000,0x00000000c0e8a090,0x00000000c4300000)
 Metaspace       used 32331K, committed 33024K, reserved 1114112K
  class space    used 3187K, committed 3456K, reserved 1048576K
}
Event: 3.730 GC heap before
{Heap before GC invocations=11 (full 1):
 PSYoungGen      total 26112K, used 26015K [0x00000000eab00000, 0x00000000ecb80000, 0x0000000100000000)
  eden space 22016K, 100% used [0x00000000eab00000,0x00000000ec080000,0x00000000ec080000)
  from space 4096K, 97% used [0x00000000ec100000,0x00000000ec4e7e28,0x00000000ec500000)
  to   space 5632K, 0% used [0x00000000ec600000,0x00000000ec600000,0x00000000ecb80000)
 ParOldGen       total 68608K, used 14888K [0x00000000c0000000, 0x00000000c4300000, 0x00000000eab00000)
  object space 68608K, 21% used [0x00000000c0000000,0x00000000c0e8a090,0x00000000c4300000)
 Metaspace       used 33566K, committed 34240K, reserved 1114112K
  class space    used 3263K, committed 3520K, reserved 1048576K
}
Event: 3.732 GC heap after
{Heap after GC invocations=11 (full 1):
 PSYoungGen      total 24576K, used 2527K [0x00000000eab00000, 0x00000000ec880000, 0x0000000100000000)
  eden space 22016K, 0% used [0x00000000eab00000,0x00000000eab00000,0x00000000ec080000)
  from space 2560K, 98% used [0x00000000ec600000,0x00000000ec877e68,0x00000000ec880000)
  to   space 3584K, 0% used [0x00000000ec180000,0x00000000ec180000,0x00000000ec500000)
 ParOldGen       total 68608K, used 17298K [0x00000000c0000000, 0x00000000c4300000, 0x00000000eab00000)
  object space 68608K, 25% used [0x00000000c0000000,0x00000000c10e4a30,0x00000000c4300000)
 Metaspace       used 33566K, committed 34240K, reserved 1114112K
  class space    used 3263K, committed 3520K, reserved 1048576K
}
Event: 3.865 GC heap before
{Heap before GC invocations=12 (full 1):
 PSYoungGen      total 24576K, used 12180K [0x00000000eab00000, 0x00000000ec880000, 0x0000000100000000)
  eden space 22016K, 43% used [0x00000000eab00000,0x00000000eb46d480,0x00000000ec080000)
  from space 2560K, 98% used [0x00000000ec600000,0x00000000ec877e68,0x00000000ec880000)
  to   space 3584K, 0% used [0x00000000ec180000,0x00000000ec180000,0x00000000ec500000)
 ParOldGen       total 68608K, used 17298K [0x00000000c0000000, 0x00000000c4300000, 0x00000000eab00000)
  object space 68608K, 25% used [0x00000000c0000000,0x00000000c10e4a30,0x00000000c4300000)
 Metaspace       used 35199K, committed 35840K, reserved 1114112K
  class space    used 3413K, committed 3648K, reserved 1048576K
}
Event: 3.867 GC heap after
{Heap after GC invocations=12 (full 1):
 PSYoungGen      total 23040K, used 983K [0x00000000eab00000, 0x00000000ec680000, 0x0000000100000000)
  eden space 22016K, 0% used [0x00000000eab00000,0x00000000eab00000,0x00000000ec080000)
  from space 1024K, 95% used [0x00000000ec180000,0x00000000ec275c10,0x00000000ec280000)
  to   space 2048K, 0% used [0x00000000ec480000,0x00000000ec480000,0x00000000ec680000)
 ParOldGen       total 68608K, used 19259K [0x00000000c0000000, 0x00000000c4300000, 0x00000000eab00000)
  object space 68608K, 28% used [0x00000000c0000000,0x00000000c12ced30,0x00000000c4300000)
 Metaspace       used 35199K, committed 35840K, reserved 1114112K
  class space    used 3413K, committed 3648K, reserved 1048576K
}
Event: 3.867 GC heap before
{Heap before GC invocations=13 (full 2):
 PSYoungGen      total 23040K, used 983K [0x00000000eab00000, 0x00000000ec680000, 0x0000000100000000)
  eden space 22016K, 0% used [0x00000000eab00000,0x00000000eab00000,0x00000000ec080000)
  from space 1024K, 95% used [0x00000000ec180000,0x00000000ec275c10,0x00000000ec280000)
  to   space 2048K, 0% used [0x00000000ec480000,0x00000000ec480000,0x00000000ec680000)
 ParOldGen       total 68608K, used 19259K [0x00000000c0000000, 0x00000000c4300000, 0x00000000eab00000)
  object space 68608K, 28% used [0x00000000c0000000,0x00000000c12ced30,0x00000000c4300000)
 Metaspace       used 35199K, committed 35840K, reserved 1114112K
  class space    used 3413K, committed 3648K, reserved 1048576K
}
Event: 3.892 GC heap after
{Heap after GC invocations=13 (full 2):
 PSYoungGen      total 23040K, used 0K [0x00000000eab00000, 0x00000000ec680000, 0x0000000100000000)
  eden space 22016K, 0% used [0x00000000eab00000,0x00000000eab00000,0x00000000ec080000)
  from space 1024K, 0% used [0x00000000ec180000,0x00000000ec180000,0x00000000ec280000)
  to   space 2048K, 0% used [0x00000000ec480000,0x00000000ec480000,0x00000000ec680000)
 ParOldGen       total 68608K, used 17959K [0x00000000c0000000, 0x00000000c4300000, 0x00000000eab00000)
  object space 68608K, 26% used [0x00000000c0000000,0x00000000c1189ce0,0x00000000c4300000)
 Metaspace       used 35186K, committed 35840K, reserved 1114112K
  class space    used 3410K, committed 3648K, reserved 1048576K
}
Event: 4.158 GC heap before
{Heap before GC invocations=14 (full 2):
 PSYoungGen      total 23040K, used 22016K [0x00000000eab00000, 0x00000000ec680000, 0x0000000100000000)
  eden space 22016K, 100% used [0x00000000eab00000,0x00000000ec080000,0x00000000ec080000)
  from space 1024K, 0% used [0x00000000ec180000,0x00000000ec180000,0x00000000ec280000)
  to   space 2048K, 0% used [0x00000000ec480000,0x00000000ec480000,0x00000000ec680000)
 ParOldGen       total 68608K, used 17959K [0x00000000c0000000, 0x00000000c4300000, 0x00000000eab00000)
  object space 68608K, 26% used [0x00000000c0000000,0x00000000c1189ce0,0x00000000c4300000)
 Metaspace       used 37817K, committed 38592K, reserved 1114112K
  class space    used 3727K, committed 4032K, reserved 1048576K
}
Event: 4.159 GC heap after
{Heap after GC invocations=14 (full 2):
 PSYoungGen      total 23552K, used 1131K [0x00000000eab00000, 0x00000000ec600000, 0x0000000100000000)
  eden space 22016K, 0% used [0x00000000eab00000,0x00000000eab00000,0x00000000ec080000)
  from space 1536K, 73% used [0x00000000ec480000,0x00000000ec59af78,0x00000000ec600000)
  to   space 1536K, 0% used [0x00000000ec300000,0x00000000ec300000,0x00000000ec480000)
 ParOldGen       total 68608K, used 17967K [0x00000000c0000000, 0x00000000c4300000, 0x00000000eab00000)
  object space 68608K, 26% used [0x00000000c0000000,0x00000000c118bce0,0x00000000c4300000)
 Metaspace       used 37817K, committed 38592K, reserved 1114112K
  class space    used 3727K, committed 4032K, reserved 1048576K
}
Event: 4.274 GC heap before
{Heap before GC invocations=15 (full 2):
 PSYoungGen      total 23552K, used 23147K [0x00000000eab00000, 0x00000000ec600000, 0x0000000100000000)
  eden space 22016K, 100% used [0x00000000eab00000,0x00000000ec080000,0x00000000ec080000)
  from space 1536K, 73% used [0x00000000ec480000,0x00000000ec59af78,0x00000000ec600000)
  to   space 1536K, 0% used [0x00000000ec300000,0x00000000ec300000,0x00000000ec480000)
 ParOldGen       total 68608K, used 17967K [0x00000000c0000000, 0x00000000c4300000, 0x00000000eab00000)
  object space 68608K, 26% used [0x00000000c0000000,0x00000000c118bce0,0x00000000c4300000)
 Metaspace       used 40088K, committed 40896K, reserved 1114112K
  class space    used 4037K, committed 4352K, reserved 1048576K
}
Event: 4.275 GC heap after
{Heap after GC invocations=15 (full 2):
 PSYoungGen      total 23552K, used 1515K [0x00000000eab00000, 0x00000000ec680000, 0x0000000100000000)
  eden space 22016K, 0% used [0x00000000eab00000,0x00000000eab00000,0x00000000ec080000)
  from space 1536K, 98% used [0x00000000ec300000,0x00000000ec47af00,0x00000000ec480000)
  to   space 2048K, 0% used [0x00000000ec480000,0x00000000ec480000,0x00000000ec680000)
 ParOldGen       total 68608K, used 19051K [0x00000000c0000000, 0x00000000c4300000, 0x00000000eab00000)
  object space 68608K, 27% used [0x00000000c0000000,0x00000000c129afd8,0x00000000c4300000)
 Metaspace       used 40088K, committed 40896K, reserved 1114112K
  class space    used 4037K, committed 4352K, reserved 1048576K
}
Event: 4.395 GC heap before
{Heap before GC invocations=16 (full 2):
 PSYoungGen      total 23552K, used 23531K [0x00000000eab00000, 0x00000000ec680000, 0x0000000100000000)
  eden space 22016K, 100% used [0x00000000eab00000,0x00000000ec080000,0x00000000ec080000)
  from space 1536K, 98% used [0x00000000ec300000,0x00000000ec47af00,0x00000000ec480000)
  to   space 2048K, 0% used [0x00000000ec480000,0x00000000ec480000,0x00000000ec680000)
 ParOldGen       total 68608K, used 19051K [0x00000000c0000000, 0x00000000c4300000, 0x00000000eab00000)
  object space 68608K, 27% used [0x00000000c0000000,0x00000000c129afd8,0x00000000c4300000)
 Metaspace       used 42329K, committed 43264K, reserved 1114112K
  class space    used 4288K, committed 4672K, reserved 1048576K
}
Event: 4.398 GC heap after
{Heap after GC invocations=16 (full 2):
 PSYoungGen      total 24064K, used 2046K [0x00000000eab00000, 0x00000000ec680000, 0x0000000100000000)
  eden space 22016K, 0% used [0x00000000eab00000,0x00000000eab00000,0x00000000ec080000)
  from space 2048K, 99% used [0x00000000ec480000,0x00000000ec67fbd8,0x00000000ec680000)
  to   space 1536K, 0% used [0x00000000ec300000,0x00000000ec300000,0x00000000ec480000)
 ParOldGen       total 68608K, used 20810K [0x00000000c0000000, 0x00000000c4300000, 0x00000000eab00000)
  object space 68608K, 30% used [0x00000000c0000000,0x00000000c1452848,0x00000000c4300000)
 Metaspace       used 42329K, committed 43264K, reserved 1114112K
  class space    used 4288K, committed 4672K, reserved 1048576K
}

