# JRE version: OpenJDK Runtime Environment Temurin-17.0.13+11 (17.0.13+11) (build 17.0.13+11)
# Java VM: OpenJDK 64-Bit Server VM Temurin-17.0.13+11 (17.0.13+11, mixed mode, tiered, compressed oops, compressed class ptrs, parallel gc, windows-amd64)
GC Precious Log:
 CPUs: 12 total, 12 available
 Memory: 7365M
 Large Page Support: Disabled
 NUMA Support: Disabled
 Compressed Oops: Enabled (32-bit)
 Alignments: Space 512K, Generation 512K, Heap 2M
 Heap Min Capacity: 100M
 Heap Initial Capacity: 100M
 Heap Max Capacity: 1G
 Pre-touch: Disabled
 Parallel Workers: 10
Heap:
 PSYoungGen      total 12800K, used 11621K [0x00000000eab00000, 0x00000000ebb00000, 0x0000000100000000)
  eden space 9728K, 88% used [0x00000000eab00000,0x00000000eb35efc8,0x00000000eb480000)
  from space 3072K, 99% used [0x00000000eb800000,0x00000000ebafa4c8,0x00000000ebb00000)
  to   space 2560K, 0% used [0x00000000eb480000,0x00000000eb480000,0x00000000eb700000)
 ParOldGen       total 119296K, used 87314K [0x00000000c0000000, 0x00000000c7480000, 0x00000000eab00000)
  object space 119296K, 73% used [0x00000000c0000000,0x00000000c5544898,0x00000000c7480000)
 Metaspace       used 62131K, committed 63232K, reserved 1114112K
  class space    used 6519K, committed 6976K, reserved 1048576K
GC Heap History (20 events):
Event: 6.175 GC heap before
{Heap before GC invocations=40 (full 4):
 PSYoungGen      total 17408K, used 14848K [0x00000000eab00000, 0x00000000ebf00000, 0x0000000100000000)
  eden space 14848K, 100% used [0x00000000eab00000,0x00000000eb980000,0x00000000eb980000)
  from space 2560K, 0% used [0x00000000ebc00000,0x00000000ebc00000,0x00000000ebe80000)
  to   space 2560K, 0% used [0x00000000eb980000,0x00000000eb980000,0x00000000ebc00000)
 ParOldGen       total 119296K, used 67913K [0x00000000c0000000, 0x00000000c7480000, 0x00000000eab00000)
  object space 119296K, 56% used [0x00000000c0000000,0x00000000c42525f0,0x00000000c7480000)
 Metaspace       used 59741K, committed 60800K, reserved 1114112K
  class space    used 6329K, committed 6784K, reserved 1048576K
}
Event: 6.177 GC heap after
{Heap after GC invocations=40 (full 4):
 PSYoungGen      total 17408K, used 1861K [0x00000000eab00000, 0x00000000ebe00000, 0x0000000100000000)
  eden space 14848K, 0% used [0x00000000eab00000,0x00000000eab00000,0x00000000eb980000)
  from space 2560K, 72% used [0x00000000eb980000,0x00000000ebb51418,0x00000000ebc00000)
  to   space 2048K, 0% used [0x00000000ebc00000,0x00000000ebc00000,0x00000000ebe00000)
 ParOldGen       total 119296K, used 67913K [0x00000000c0000000, 0x00000000c7480000, 0x00000000eab00000)
  object space 119296K, 56% used [0x00000000c0000000,0x00000000c42525f0,0x00000000c7480000)
 Metaspace       used 59741K, committed 60800K, reserved 1114112K
  class space    used 6329K, committed 6784K, reserved 1048576K
}
Event: 6.221 GC heap before
{Heap before GC invocations=41 (full 4):
 PSYoungGen      total 17408K, used 16709K [0x00000000eab00000, 0x00000000ebe00000, 0x0000000100000000)
  eden space 14848K, 100% used [0x00000000eab00000,0x00000000eb980000,0x00000000eb980000)
  from space 2560K, 72% used [0x00000000eb980000,0x00000000ebb51418,0x00000000ebc00000)
  to   space 2048K, 0% used [0x00000000ebc00000,0x00000000ebc00000,0x00000000ebe00000)
 ParOldGen       total 119296K, used 67913K [0x00000000c0000000, 0x00000000c7480000, 0x00000000eab00000)
  object space 119296K, 56% used [0x00000000c0000000,0x00000000c42525f0,0x00000000c7480000)
 Metaspace       used 60402K, committed 61440K, reserved 1114112K
  class space    used 6403K, committed 6848K, reserved 1048576K
}
Event: 6.223 GC heap after
{Heap after GC invocations=41 (full 4):
 PSYoungGen      total 14336K, used 2028K [0x00000000eab00000, 0x00000000ec400000, 0x0000000100000000)
  eden space 12288K, 0% used [0x00000000eab00000,0x00000000eab00000,0x00000000eb700000)
  from space 2048K, 99% used [0x00000000ebc00000,0x00000000ebdfb2f8,0x00000000ebe00000)
  to   space 5120K, 0% used [0x00000000eb700000,0x00000000eb700000,0x00000000ebc00000)
 ParOldGen       total 119296K, used 70276K [0x00000000c0000000, 0x00000000c7480000, 0x00000000eab00000)
  object space 119296K, 58% used [0x00000000c0000000,0x00000000c44a13a8,0x00000000c7480000)
 Metaspace       used 60402K, committed 61440K, reserved 1114112K
  class space    used 6403K, committed 6848K, reserved 1048576K
}
Event: 6.273 GC heap before
{Heap before GC invocations=42 (full 4):
 PSYoungGen      total 14336K, used 14316K [0x00000000eab00000, 0x00000000ec400000, 0x0000000100000000)
  eden space 12288K, 100% used [0x00000000eab00000,0x00000000eb700000,0x00000000eb700000)
  from space 2048K, 99% used [0x00000000ebc00000,0x00000000ebdfb2f8,0x00000000ebe00000)
  to   space 5120K, 0% used [0x00000000eb700000,0x00000000eb700000,0x00000000ebc00000)
 ParOldGen       total 119296K, used 70276K [0x00000000c0000000, 0x00000000c7480000, 0x00000000eab00000)
  object space 119296K, 58% used [0x00000000c0000000,0x00000000c44a13a8,0x00000000c7480000)
 Metaspace       used 60571K, committed 61632K, reserved 1114112K
  class space    used 6415K, committed 6912K, reserved 1048576K
}
Event: 6.275 GC heap after
{Heap after GC invocations=42 (full 4):
 PSYoungGen      total 15360K, used 2810K [0x00000000eab00000, 0x00000000ebf00000, 0x0000000100000000)
  eden space 12288K, 0% used [0x00000000eab00000,0x00000000eab00000,0x00000000eb700000)
  from space 3072K, 91% used [0x00000000eb700000,0x00000000eb9beaf8,0x00000000eba00000)
  to   space 3584K, 0% used [0x00000000ebb80000,0x00000000ebb80000,0x00000000ebf00000)
 ParOldGen       total 119296K, used 72267K [0x00000000c0000000, 0x00000000c7480000, 0x00000000eab00000)
  object space 119296K, 60% used [0x00000000c0000000,0x00000000c4692f80,0x00000000c7480000)
 Metaspace       used 60571K, committed 61632K, reserved 1114112K
  class space    used 6415K, committed 6912K, reserved 1048576K
}
Event: 6.345 GC heap before
{Heap before GC invocations=43 (full 4):
 PSYoungGen      total 15360K, used 15098K [0x00000000eab00000, 0x00000000ebf00000, 0x0000000100000000)
  eden space 12288K, 100% used [0x00000000eab00000,0x00000000eb700000,0x00000000eb700000)
  from space 3072K, 91% used [0x00000000eb700000,0x00000000eb9beaf8,0x00000000eba00000)
  to   space 3584K, 0% used [0x00000000ebb80000,0x00000000ebb80000,0x00000000ebf00000)
 ParOldGen       total 119296K, used 72267K [0x00000000c0000000, 0x00000000c7480000, 0x00000000eab00000)
  object space 119296K, 60% used [0x00000000c0000000,0x00000000c4692f80,0x00000000c7480000)
 Metaspace       used 60842K, committed 61888K, reserved 1114112K
  class space    used 6438K, committed 6912K, reserved 1048576K
}
Event: 6.348 GC heap after
{Heap after GC invocations=43 (full 4):
 PSYoungGen      total 14336K, used 3568K [0x00000000eab00000, 0x00000000ec400000, 0x0000000100000000)
  eden space 10752K, 0% used [0x00000000eab00000,0x00000000eab00000,0x00000000eb580000)
  from space 3584K, 99% used [0x00000000ebb80000,0x00000000ebefc0d0,0x00000000ebf00000)
  to   space 6144K, 0% used [0x00000000eb580000,0x00000000eb580000,0x00000000ebb80000)
 ParOldGen       total 119296K, used 73994K [0x00000000c0000000, 0x00000000c7480000, 0x00000000eab00000)
  object space 119296K, 62% used [0x00000000c0000000,0x00000000c4842a30,0x00000000c7480000)
 Metaspace       used 60842K, committed 61888K, reserved 1114112K
  class space    used 6438K, committed 6912K, reserved 1048576K
}
Event: 6.395 GC heap before
{Heap before GC invocations=44 (full 4):
 PSYoungGen      total 14336K, used 14320K [0x00000000eab00000, 0x00000000ec400000, 0x0000000100000000)
  eden space 10752K, 100% used [0x00000000eab00000,0x00000000eb580000,0x00000000eb580000)
  from space 3584K, 99% used [0x00000000ebb80000,0x00000000ebefc0d0,0x00000000ebf00000)
  to   space 6144K, 0% used [0x00000000eb580000,0x00000000eb580000,0x00000000ebb80000)
 ParOldGen       total 119296K, used 73994K [0x00000000c0000000, 0x00000000c7480000, 0x00000000eab00000)
  object space 119296K, 62% used [0x00000000c0000000,0x00000000c4842a30,0x00000000c7480000)
 Metaspace       used 60960K, committed 62016K, reserved 1114112K
  class space    used 6444K, committed 6912K, reserved 1048576K
}
Event: 6.398 GC heap after
{Heap after GC invocations=44 (full 4):
 PSYoungGen      total 13824K, used 2934K [0x00000000eab00000, 0x00000000ebe80000, 0x0000000100000000)
  eden space 10752K, 0% used [0x00000000eab00000,0x00000000eab00000,0x00000000eb580000)
  from space 3072K, 95% used [0x00000000eb580000,0x00000000eb85da58,0x00000000eb880000)
  to   space 4096K, 0% used [0x00000000eba80000,0x00000000eba80000,0x00000000ebe80000)
 ParOldGen       total 119296K, used 77586K [0x00000000c0000000, 0x00000000c7480000, 0x00000000eab00000)
  object space 119296K, 65% used [0x00000000c0000000,0x00000000c4bc4840,0x00000000c7480000)
 Metaspace       used 60960K, committed 62016K, reserved 1114112K
  class space    used 6444K, committed 6912K, reserved 1048576K
}
Event: 6.467 GC heap before
{Heap before GC invocations=45 (full 4):
 PSYoungGen      total 13824K, used 13686K [0x00000000eab00000, 0x00000000ebe80000, 0x0000000100000000)
  eden space 10752K, 100% used [0x00000000eab00000,0x00000000eb580000,0x00000000eb580000)
  from space 3072K, 95% used [0x00000000eb580000,0x00000000eb85da58,0x00000000eb880000)
  to   space 4096K, 0% used [0x00000000eba80000,0x00000000eba80000,0x00000000ebe80000)
 ParOldGen       total 119296K, used 77586K [0x00000000c0000000, 0x00000000c7480000, 0x00000000eab00000)
  object space 119296K, 65% used [0x00000000c0000000,0x00000000c4bc4840,0x00000000c7480000)
 Metaspace       used 61326K, committed 62400K, reserved 1114112K
  class space    used 6471K, committed 6912K, reserved 1048576K
}
Event: 6.470 GC heap after
{Heap after GC invocations=45 (full 4):
 PSYoungGen      total 14336K, used 4084K [0x00000000eab00000, 0x00000000ec100000, 0x0000000100000000)
  eden space 10240K, 0% used [0x00000000eab00000,0x00000000eab00000,0x00000000eb500000)
  from space 4096K, 99% used [0x00000000eba80000,0x00000000ebe7d180,0x00000000ebe80000)
  to   space 5632K, 0% used [0x00000000eb500000,0x00000000eb500000,0x00000000eba80000)
 ParOldGen       total 119296K, used 78503K [0x00000000c0000000, 0x00000000c7480000, 0x00000000eab00000)
  object space 119296K, 65% used [0x00000000c0000000,0x00000000c4ca9f58,0x00000000c7480000)
 Metaspace       used 61326K, committed 62400K, reserved 1114112K
  class space    used 6471K, committed 6912K, reserved 1048576K
}
Event: 6.545 GC heap before
{Heap before GC invocations=46 (full 4):
 PSYoungGen      total 14336K, used 14324K [0x00000000eab00000, 0x00000000ec100000, 0x0000000100000000)
  eden space 10240K, 100% used [0x00000000eab00000,0x00000000eb500000,0x00000000eb500000)
  from space 4096K, 99% used [0x00000000eba80000,0x00000000ebe7d180,0x00000000ebe80000)
  to   space 5632K, 0% used [0x00000000eb500000,0x00000000eb500000,0x00000000eba80000)
 ParOldGen       total 119296K, used 78503K [0x00000000c0000000, 0x00000000c7480000, 0x00000000eab00000)
  object space 119296K, 65% used [0x00000000c0000000,0x00000000c4ca9f58,0x00000000c7480000)
 Metaspace       used 61666K, committed 62720K, reserved 1114112K
  class space    used 6517K, committed 6976K, reserved 1048576K
}
Event: 6.549 GC heap after
{Heap after GC invocations=46 (full 4):
 PSYoungGen      total 12288K, used 1989K [0x00000000eab00000, 0x00000000ebc80000, 0x0000000100000000)
  eden space 10240K, 0% used [0x00000000eab00000,0x00000000eab00000,0x00000000eb500000)
  from space 2048K, 97% used [0x00000000eb500000,0x00000000eb6f1508,0x00000000eb700000)
  to   space 3584K, 0% used [0x00000000eb900000,0x00000000eb900000,0x00000000ebc80000)
 ParOldGen       total 119296K, used 82509K [0x00000000c0000000, 0x00000000c7480000, 0x00000000eab00000)
  object space 119296K, 69% used [0x00000000c0000000,0x00000000c5093530,0x00000000c7480000)
 Metaspace       used 61666K, committed 62720K, reserved 1114112K
  class space    used 6517K, committed 6976K, reserved 1048576K
}
Event: 6.604 GC heap before
{Heap before GC invocations=47 (full 4):
 PSYoungGen      total 12288K, used 12229K [0x00000000eab00000, 0x00000000ebc80000, 0x0000000100000000)
  eden space 10240K, 100% used [0x00000000eab00000,0x00000000eb500000,0x00000000eb500000)
  from space 2048K, 97% used [0x00000000eb500000,0x00000000eb6f1508,0x00000000eb700000)
  to   space 3584K, 0% used [0x00000000eb900000,0x00000000eb900000,0x00000000ebc80000)
 ParOldGen       total 119296K, used 82509K [0x00000000c0000000, 0x00000000c7480000, 0x00000000eab00000)
  object space 119296K, 69% used [0x00000000c0000000,0x00000000c5093530,0x00000000c7480000)
 Metaspace       used 61783K, committed 62784K, reserved 1114112K
  class space    used 6517K, committed 6976K, reserved 1048576K
}
Event: 6.607 GC heap after
{Heap after GC invocations=47 (full 4):
 PSYoungGen      total 13312K, used 3556K [0x00000000eab00000, 0x00000000ebe80000, 0x0000000100000000)
  eden space 9728K, 0% used [0x00000000eab00000,0x00000000eab00000,0x00000000eb480000)
  from space 3584K, 99% used [0x00000000eb900000,0x00000000ebc793a0,0x00000000ebc80000)
  to   space 4608K, 0% used [0x00000000eb480000,0x00000000eb480000,0x00000000eb900000)
 ParOldGen       total 119296K, used 82859K [0x00000000c0000000, 0x00000000c7480000, 0x00000000eab00000)
  object space 119296K, 69% used [0x00000000c0000000,0x00000000c50eade0,0x00000000c7480000)
 Metaspace       used 61783K, committed 62784K, reserved 1114112K
  class space    used 6517K, committed 6976K, reserved 1048576K
}
Event: 6.689 GC heap before
{Heap before GC invocations=48 (full 4):
 PSYoungGen      total 13312K, used 13284K [0x00000000eab00000, 0x00000000ebe80000, 0x0000000100000000)
  eden space 9728K, 100% used [0x00000000eab00000,0x00000000eb480000,0x00000000eb480000)
  from space 3584K, 99% used [0x00000000eb900000,0x00000000ebc793a0,0x00000000ebc80000)
  to   space 4608K, 0% used [0x00000000eb480000,0x00000000eb480000,0x00000000eb900000)
 ParOldGen       total 119296K, used 82859K [0x00000000c0000000, 0x00000000c7480000, 0x00000000eab00000)
  object space 119296K, 69% used [0x00000000c0000000,0x00000000c50eade0,0x00000000c7480000)
 Metaspace       used 61969K, committed 63040K, reserved 1114112K
  class space    used 6519K, committed 6976K, reserved 1048576K
}
Event: 6.693 GC heap after
{Heap after GC invocations=48 (full 4):
 PSYoungGen      total 12288K, used 2112K [0x00000000eab00000, 0x00000000ebb00000, 0x0000000100000000)
  eden space 9728K, 0% used [0x00000000eab00000,0x00000000eab00000,0x00000000eb480000)
  from space 2560K, 82% used [0x00000000eb480000,0x00000000eb690000,0x00000000eb700000)
  to   space 3072K, 0% used [0x00000000eb800000,0x00000000eb800000,0x00000000ebb00000)
 ParOldGen       total 119296K, used 86407K [0x00000000c0000000, 0x00000000c7480000, 0x00000000eab00000)
  object space 119296K, 72% used [0x00000000c0000000,0x00000000c5461f68,0x00000000c7480000)
 Metaspace       used 61969K, committed 63040K, reserved 1114112K
  class space    used 6519K, committed 6976K, reserved 1048576K
}
Event: 6.744 GC heap before
{Heap before GC invocations=49 (full 4):
 PSYoungGen      total 12288K, used 11840K [0x00000000eab00000, 0x00000000ebb00000, 0x0000000100000000)
  eden space 9728K, 100% used [0x00000000eab00000,0x00000000eb480000,0x00000000eb480000)
  from space 2560K, 82% used [0x00000000eb480000,0x00000000eb690000,0x00000000eb700000)
  to   space 3072K, 0% used [0x00000000eb800000,0x00000000eb800000,0x00000000ebb00000)
 ParOldGen       total 119296K, used 86407K [0x00000000c0000000, 0x00000000c7480000, 0x00000000eab00000)
  object space 119296K, 72% used [0x00000000c0000000,0x00000000c5461f68,0x00000000c7480000)
 Metaspace       used 62041K, committed 63104K, reserved 1114112K
  class space    used 6519K, committed 6976K, reserved 1048576K
}
Event: 6.746 GC heap after
{Heap after GC invocations=49 (full 4):
 PSYoungGen      total 12800K, used 3049K [0x00000000eab00000, 0x00000000ebb00000, 0x0000000100000000)
  eden space 9728K, 0% used [0x00000000eab00000,0x00000000eab00000,0x00000000eb480000)
  from space 3072K, 99% used [0x00000000eb800000,0x00000000ebafa4c8,0x00000000ebb00000)
  to   space 2560K, 0% used [0x00000000eb480000,0x00000000eb480000,0x00000000eb700000)
 ParOldGen       total 119296K, used 87314K [0x00000000c0000000, 0x00000000c7480000, 0x00000000eab00000)
  object space 119296K, 73% used [0x00000000c0000000,0x00000000c5544898,0x00000000c7480000)
 Metaspace       used 62041K, committed 63104K, reserved 1114112K
  class space    used 6519K, committed 6976K, reserved 1048576K
}

