# JRE version: OpenJDK Runtime Environment Temurin-17.0.13+11 (17.0.13+11) (build 17.0.13+11)
# Java VM: OpenJDK 64-Bit Server VM Temurin-17.0.13+11 (17.0.13+11, mixed mode, tiered, compressed oops, compressed class ptrs, parallel gc, windows-amd64)
GC Precious Log:
 CPUs: 12 total, 12 available
 Memory: 7365M
 Large Page Support: Disabled
 NUMA Support: Disabled
 Compressed Oops: Enabled (32-bit)
 Alignments: Space 512K, Generation 512K, Heap 2M
 Heap Min Capacity: 100M
 Heap Initial Capacity: 100M
 Heap Max Capacity: 1G
 Pre-touch: Disabled
 Parallel Workers: 10
Heap:
 PSYoungGen      total 6144K, used 6035K [0x00000000eab00000, 0x00000000eb380000, 0x0000000100000000)
  eden space 3584K, 98% used [0x00000000eab00000,0x00000000eae7dde8,0x00000000eae80000)
  from space 2560K, 97% used [0x00000000eb100000,0x00000000eb36f940,0x00000000eb380000)
  to   space 2560K, 0% used [0x00000000eae80000,0x00000000eae80000,0x00000000eb100000)
 ParOldGen       total 178688K, used 151487K [0x00000000c0000000, 0x00000000cae80000, 0x00000000eab00000)
  object space 178688K, 84% used [0x00000000c0000000,0x00000000c93efdb8,0x00000000cae80000)
 Metaspace       used 69175K, committed 70400K, reserved 1114112K
  class space    used 7410K, committed 7936K, reserved 1048576K
GC Heap History (20 events):
Event: 12.268 GC heap before
{Heap before GC invocations=146 (full 7):
 PSYoungGen      total 5632K, used 5612K [0x00000000eab00000, 0x00000000eb680000, 0x0000000100000000)
  eden space 2560K, 100% used [0x00000000eab00000,0x00000000ead80000,0x00000000ead80000)
  from space 3072K, 99% used [0x00000000eb180000,0x00000000eb47b2a0,0x00000000eb480000)
  to   space 4096K, 0% used [0x00000000ead80000,0x00000000ead80000,0x00000000eb180000)
 ParOldGen       total 151040K, used 148381K [0x00000000c0000000, 0x00000000c9380000, 0x00000000eab00000)
  object space 151040K, 98% used [0x00000000c0000000,0x00000000c90e75b8,0x00000000c9380000)
 Metaspace       used 68970K, committed 70080K, reserved 1114112K
  class space    used 7385K, committed 7872K, reserved 1048576K
}
Event: 12.269 GC heap after
{Heap after GC invocations=146 (full 7):
 PSYoungGen      total 5632K, used 2661K [0x00000000eab00000, 0x00000000eb400000, 0x0000000100000000)
  eden space 2560K, 0% used [0x00000000eab00000,0x00000000eab00000,0x00000000ead80000)
  from space 3072K, 86% used [0x00000000ead80000,0x00000000eb019500,0x00000000eb080000)
  to   space 3072K, 0% used [0x00000000eb100000,0x00000000eb100000,0x00000000eb400000)
 ParOldGen       total 151040K, used 149347K [0x00000000c0000000, 0x00000000c9380000, 0x00000000eab00000)
  object space 151040K, 98% used [0x00000000c0000000,0x00000000c91d8dd0,0x00000000c9380000)
 Metaspace       used 68970K, committed 70080K, reserved 1114112K
  class space    used 7385K, committed 7872K, reserved 1048576K
}
Event: 12.283 GC heap before
{Heap before GC invocations=147 (full 7):
 PSYoungGen      total 5632K, used 5221K [0x00000000eab00000, 0x00000000eb400000, 0x0000000100000000)
  eden space 2560K, 100% used [0x00000000eab00000,0x00000000ead80000,0x00000000ead80000)
  from space 3072K, 86% used [0x00000000ead80000,0x00000000eb019500,0x00000000eb080000)
  to   space 3072K, 0% used [0x00000000eb100000,0x00000000eb100000,0x00000000eb400000)
 ParOldGen       total 151040K, used 149347K [0x00000000c0000000, 0x00000000c9380000, 0x00000000eab00000)
  object space 151040K, 98% used [0x00000000c0000000,0x00000000c91d8dd0,0x00000000c9380000)
 Metaspace       used 69040K, committed 70144K, reserved 1114112K
  class space    used 7396K, committed 7872K, reserved 1048576K
}
Event: 12.285 GC heap after
{Heap after GC invocations=147 (full 7):
 PSYoungGen      total 6144K, used 2605K [0x00000000eab00000, 0x00000000eb400000, 0x0000000100000000)
  eden space 3072K, 0% used [0x00000000eab00000,0x00000000eab00000,0x00000000eae00000)
  from space 3072K, 84% used [0x00000000eb100000,0x00000000eb38b780,0x00000000eb400000)
  to   space 3072K, 0% used [0x00000000eae00000,0x00000000eae00000,0x00000000eb100000)
 ParOldGen       total 151040K, used 149864K [0x00000000c0000000, 0x00000000c9380000, 0x00000000eab00000)
  object space 151040K, 99% used [0x00000000c0000000,0x00000000c925a0c8,0x00000000c9380000)
 Metaspace       used 69040K, committed 70144K, reserved 1114112K
  class space    used 7396K, committed 7872K, reserved 1048576K
}
Event: 12.308 GC heap before
{Heap before GC invocations=148 (full 7):
 PSYoungGen      total 6144K, used 5677K [0x00000000eab00000, 0x00000000eb400000, 0x0000000100000000)
  eden space 3072K, 100% used [0x00000000eab00000,0x00000000eae00000,0x00000000eae00000)
  from space 3072K, 84% used [0x00000000eb100000,0x00000000eb38b780,0x00000000eb400000)
  to   space 3072K, 0% used [0x00000000eae00000,0x00000000eae00000,0x00000000eb100000)
 ParOldGen       total 151040K, used 149864K [0x00000000c0000000, 0x00000000c9380000, 0x00000000eab00000)
  object space 151040K, 99% used [0x00000000c0000000,0x00000000c925a0c8,0x00000000c9380000)
 Metaspace       used 69156K, committed 70336K, reserved 1114112K
  class space    used 7409K, committed 7936K, reserved 1048576K
}
Event: 12.310 GC heap after
{Heap after GC invocations=148 (full 7):
 PSYoungGen      total 6144K, used 2569K [0x00000000eab00000, 0x00000000eb480000, 0x0000000100000000)
  eden space 3072K, 0% used [0x00000000eab00000,0x00000000eab00000,0x00000000eae00000)
  from space 3072K, 83% used [0x00000000eae00000,0x00000000eb082688,0x00000000eb100000)
  to   space 3072K, 0% used [0x00000000eb180000,0x00000000eb180000,0x00000000eb480000)
 ParOldGen       total 151040K, used 150405K [0x00000000c0000000, 0x00000000c9380000, 0x00000000eab00000)
  object space 151040K, 99% used [0x00000000c0000000,0x00000000c92e1548,0x00000000c9380000)
 Metaspace       used 69156K, committed 70336K, reserved 1114112K
  class space    used 7409K, committed 7936K, reserved 1048576K
}
Event: 12.322 GC heap before
{Heap before GC invocations=149 (full 7):
 PSYoungGen      total 6144K, used 5641K [0x00000000eab00000, 0x00000000eb480000, 0x0000000100000000)
  eden space 3072K, 100% used [0x00000000eab00000,0x00000000eae00000,0x00000000eae00000)
  from space 3072K, 83% used [0x00000000eae00000,0x00000000eb082688,0x00000000eb100000)
  to   space 3072K, 0% used [0x00000000eb180000,0x00000000eb180000,0x00000000eb480000)
 ParOldGen       total 151040K, used 150405K [0x00000000c0000000, 0x00000000c9380000, 0x00000000eab00000)
  object space 151040K, 99% used [0x00000000c0000000,0x00000000c92e1548,0x00000000c9380000)
 Metaspace       used 69163K, committed 70336K, reserved 1114112K
  class space    used 7409K, committed 7936K, reserved 1048576K
}
Event: 12.324 GC heap after
{Heap after GC invocations=149 (full 7):
 PSYoungGen      total 6656K, used 2586K [0x00000000eab00000, 0x00000000eb480000, 0x0000000100000000)
  eden space 3584K, 0% used [0x00000000eab00000,0x00000000eab00000,0x00000000eae80000)
  from space 3072K, 84% used [0x00000000eb180000,0x00000000eb4068e0,0x00000000eb480000)
  to   space 3072K, 0% used [0x00000000eae80000,0x00000000eae80000,0x00000000eb180000)
 ParOldGen       total 151040K, used 150949K [0x00000000c0000000, 0x00000000c9380000, 0x00000000eab00000)
  object space 151040K, 99% used [0x00000000c0000000,0x00000000c93696f8,0x00000000c9380000)
 Metaspace       used 69163K, committed 70336K, reserved 1114112K
  class space    used 7409K, committed 7936K, reserved 1048576K
}
Event: 12.339 GC heap before
{Heap before GC invocations=150 (full 8):
 PSYoungGen      total 6656K, used 6170K [0x00000000eab00000, 0x00000000eb480000, 0x0000000100000000)
  eden space 3584K, 100% used [0x00000000eab00000,0x00000000eae80000,0x00000000eae80000)
  from space 3072K, 84% used [0x00000000eb180000,0x00000000eb4068e0,0x00000000eb480000)
  to   space 3072K, 0% used [0x00000000eae80000,0x00000000eae80000,0x00000000eb180000)
 ParOldGen       total 151040K, used 150949K [0x00000000c0000000, 0x00000000c9380000, 0x00000000eab00000)
  object space 151040K, 99% used [0x00000000c0000000,0x00000000c93696f8,0x00000000c9380000)
 Metaspace       used 69164K, committed 70336K, reserved 1114112K
  class space    used 7409K, committed 7936K, reserved 1048576K
}
Event: 12.412 GC heap after
{Heap after GC invocations=150 (full 8):
 PSYoungGen      total 6656K, used 420K [0x00000000eab00000, 0x00000000eb580000, 0x0000000100000000)
  eden space 3584K, 0% used [0x00000000eab00000,0x00000000eab00000,0x00000000eae80000)
  from space 3072K, 13% used [0x00000000eb180000,0x00000000eb1e9080,0x00000000eb480000)
  to   space 3072K, 0% used [0x00000000eae80000,0x00000000eae80000,0x00000000eb180000)
 ParOldGen       total 178688K, used 150655K [0x00000000c0000000, 0x00000000cae80000, 0x00000000eab00000)
  object space 178688K, 84% used [0x00000000c0000000,0x00000000c931fd48,0x00000000cae80000)
 Metaspace       used 69164K, committed 70336K, reserved 1114112K
  class space    used 7409K, committed 7936K, reserved 1048576K
}
Event: 12.432 GC heap before
{Heap before GC invocations=151 (full 8):
 PSYoungGen      total 6656K, used 4001K [0x00000000eab00000, 0x00000000eb580000, 0x0000000100000000)
  eden space 3584K, 99% used [0x00000000eab00000,0x00000000eae7f618,0x00000000eae80000)
  from space 3072K, 13% used [0x00000000eb180000,0x00000000eb1e9080,0x00000000eb480000)
  to   space 3072K, 0% used [0x00000000eae80000,0x00000000eae80000,0x00000000eb180000)
 ParOldGen       total 178688K, used 150655K [0x00000000c0000000, 0x00000000cae80000, 0x00000000eab00000)
  object space 178688K, 84% used [0x00000000c0000000,0x00000000c931fd48,0x00000000cae80000)
 Metaspace       used 69164K, committed 70336K, reserved 1114112K
  class space    used 7409K, committed 7936K, reserved 1048576K
}
Event: 12.440 GC heap after
{Heap after GC invocations=151 (full 8):
 PSYoungGen      total 4608K, used 854K [0x00000000eab00000, 0x00000000eb200000, 0x0000000100000000)
  eden space 3584K, 0% used [0x00000000eab00000,0x00000000eab00000,0x00000000eae80000)
  from space 1024K, 83% used [0x00000000eae80000,0x00000000eaf55940,0x00000000eaf80000)
  to   space 1536K, 0% used [0x00000000eb080000,0x00000000eb080000,0x00000000eb200000)
 ParOldGen       total 178688K, used 150755K [0x00000000c0000000, 0x00000000cae80000, 0x00000000eab00000)
  object space 178688K, 84% used [0x00000000c0000000,0x00000000c9338fa0,0x00000000cae80000)
 Metaspace       used 69164K, committed 70336K, reserved 1114112K
  class space    used 7409K, committed 7936K, reserved 1048576K
}
Event: 12.461 GC heap before
{Heap before GC invocations=152 (full 8):
 PSYoungGen      total 4608K, used 4438K [0x00000000eab00000, 0x00000000eb200000, 0x0000000100000000)
  eden space 3584K, 100% used [0x00000000eab00000,0x00000000eae80000,0x00000000eae80000)
  from space 1024K, 83% used [0x00000000eae80000,0x00000000eaf55940,0x00000000eaf80000)
  to   space 1536K, 0% used [0x00000000eb080000,0x00000000eb080000,0x00000000eb200000)
 ParOldGen       total 178688K, used 150755K [0x00000000c0000000, 0x00000000cae80000, 0x00000000eab00000)
  object space 178688K, 84% used [0x00000000c0000000,0x00000000c9338fa0,0x00000000cae80000)
 Metaspace       used 69164K, committed 70336K, reserved 1114112K
  class space    used 7409K, committed 7936K, reserved 1048576K
}
Event: 12.462 GC heap after
{Heap after GC invocations=152 (full 8):
 PSYoungGen      total 5120K, used 1409K [0x00000000eab00000, 0x00000000eb200000, 0x0000000100000000)
  eden space 3584K, 0% used [0x00000000eab00000,0x00000000eab00000,0x00000000eae80000)
  from space 1536K, 91% used [0x00000000eb080000,0x00000000eb1e0510,0x00000000eb200000)
  to   space 1536K, 0% used [0x00000000eaf00000,0x00000000eaf00000,0x00000000eb080000)
 ParOldGen       total 178688K, used 150755K [0x00000000c0000000, 0x00000000cae80000, 0x00000000eab00000)
  object space 178688K, 84% used [0x00000000c0000000,0x00000000c9338fa0,0x00000000cae80000)
 Metaspace       used 69164K, committed 70336K, reserved 1114112K
  class space    used 7409K, committed 7936K, reserved 1048576K
}
Event: 12.486 GC heap before
{Heap before GC invocations=153 (full 8):
 PSYoungGen      total 5120K, used 4993K [0x00000000eab00000, 0x00000000eb200000, 0x0000000100000000)
  eden space 3584K, 100% used [0x00000000eab00000,0x00000000eae80000,0x00000000eae80000)
  from space 1536K, 91% used [0x00000000eb080000,0x00000000eb1e0510,0x00000000eb200000)
  to   space 1536K, 0% used [0x00000000eaf00000,0x00000000eaf00000,0x00000000eb080000)
 ParOldGen       total 178688K, used 150755K [0x00000000c0000000, 0x00000000cae80000, 0x00000000eab00000)
  object space 178688K, 84% used [0x00000000c0000000,0x00000000c9338fa0,0x00000000cae80000)
 Metaspace       used 69164K, committed 70336K, reserved 1114112K
  class space    used 7409K, committed 7936K, reserved 1048576K
}
Event: 12.488 GC heap after
{Heap after GC invocations=153 (full 8):
 PSYoungGen      total 5120K, used 1506K [0x00000000eab00000, 0x00000000eb280000, 0x0000000100000000)
  eden space 3584K, 0% used [0x00000000eab00000,0x00000000eab00000,0x00000000eae80000)
  from space 1536K, 98% used [0x00000000eaf00000,0x00000000eb078af0,0x00000000eb080000)
  to   space 2048K, 0% used [0x00000000eb080000,0x00000000eb080000,0x00000000eb280000)
 ParOldGen       total 178688K, used 150934K [0x00000000c0000000, 0x00000000cae80000, 0x00000000eab00000)
  object space 178688K, 84% used [0x00000000c0000000,0x00000000c93659c0,0x00000000cae80000)
 Metaspace       used 69164K, committed 70336K, reserved 1114112K
  class space    used 7409K, committed 7936K, reserved 1048576K
}
Event: 12.515 GC heap before
{Heap before GC invocations=154 (full 8):
 PSYoungGen      total 5120K, used 5090K [0x00000000eab00000, 0x00000000eb280000, 0x0000000100000000)
  eden space 3584K, 100% used [0x00000000eab00000,0x00000000eae80000,0x00000000eae80000)
  from space 1536K, 98% used [0x00000000eaf00000,0x00000000eb078af0,0x00000000eb080000)
  to   space 2048K, 0% used [0x00000000eb080000,0x00000000eb080000,0x00000000eb280000)
 ParOldGen       total 178688K, used 150934K [0x00000000c0000000, 0x00000000cae80000, 0x00000000eab00000)
  object space 178688K, 84% used [0x00000000c0000000,0x00000000c93659c0,0x00000000cae80000)
 Metaspace       used 69171K, committed 70336K, reserved 1114112K
  class space    used 7410K, committed 7936K, reserved 1048576K
}
Event: 12.516 GC heap after
{Heap after GC invocations=154 (full 8):
 PSYoungGen      total 5632K, used 1906K [0x00000000eab00000, 0x00000000eb280000, 0x0000000100000000)
  eden space 3584K, 0% used [0x00000000eab00000,0x00000000eab00000,0x00000000eae80000)
  from space 2048K, 93% used [0x00000000eb080000,0x00000000eb25c978,0x00000000eb280000)
  to   space 2048K, 0% used [0x00000000eae80000,0x00000000eae80000,0x00000000eb080000)
 ParOldGen       total 178688K, used 151164K [0x00000000c0000000, 0x00000000cae80000, 0x00000000eab00000)
  object space 178688K, 84% used [0x00000000c0000000,0x00000000c939f368,0x00000000cae80000)
 Metaspace       used 69171K, committed 70336K, reserved 1114112K
  class space    used 7410K, committed 7936K, reserved 1048576K
}
Event: 12.543 GC heap before
{Heap before GC invocations=155 (full 8):
 PSYoungGen      total 5632K, used 5490K [0x00000000eab00000, 0x00000000eb280000, 0x0000000100000000)
  eden space 3584K, 100% used [0x00000000eab00000,0x00000000eae80000,0x00000000eae80000)
  from space 2048K, 93% used [0x00000000eb080000,0x00000000eb25c978,0x00000000eb280000)
  to   space 2048K, 0% used [0x00000000eae80000,0x00000000eae80000,0x00000000eb080000)
 ParOldGen       total 178688K, used 151164K [0x00000000c0000000, 0x00000000cae80000, 0x00000000eab00000)
  object space 178688K, 84% used [0x00000000c0000000,0x00000000c939f368,0x00000000cae80000)
 Metaspace       used 69171K, committed 70336K, reserved 1114112K
  class space    used 7410K, committed 7936K, reserved 1048576K
}
Event: 12.545 GC heap after
{Heap after GC invocations=155 (full 8):
 PSYoungGen      total 5632K, used 2046K [0x00000000eab00000, 0x00000000eb380000, 0x0000000100000000)
  eden space 3584K, 0% used [0x00000000eab00000,0x00000000eab00000,0x00000000eae80000)
  from space 2048K, 99% used [0x00000000eae80000,0x00000000eb07f950,0x00000000eb080000)
  to   space 2560K, 0% used [0x00000000eb100000,0x00000000eb100000,0x00000000eb380000)
 ParOldGen       total 178688K, used 151337K [0x00000000c0000000, 0x00000000cae80000, 0x00000000eab00000)
  object space 178688K, 84% used [0x00000000c0000000,0x00000000c93ca470,0x00000000cae80000)
 Metaspace       used 69171K, committed 70336K, reserved 1114112K
  class space    used 7410K, committed 7936K, reserved 1048576K
}

