# JRE version: OpenJDK Runtime Environment Temurin-17.0.13+11 (17.0.13+11) (build 17.0.13+11)
# Java VM: OpenJDK 64-Bit Server VM Temurin-17.0.13+11 (17.0.13+11, mixed mode, tiered, compressed oops, compressed class ptrs, parallel gc, windows-amd64)
GC Precious Log:
 CPUs: 12 total, 12 available
 Memory: 7365M
 Large Page Support: Disabled
 NUMA Support: Disabled
 Compressed Oops: Enabled (32-bit)
 Alignments: Space 512K, Generation 512K, Heap 2M
 Heap Min Capacity: 100M
 Heap Initial Capacity: 100M
 Heap Max Capacity: 1G
 Pre-touch: Disabled
 Parallel Workers: 10
Heap:
 PSYoungGen      total 2560K, used 2452K [0x00000000eab00000, 0x00000000eaf00000, 0x0000000100000000)
  eden space 1536K, 100% used [0x00000000eab00000,0x00000000eac80000,0x00000000eac80000)
  from space 1024K, 89% used [0x00000000eae00000,0x00000000eaee52c8,0x00000000eaf00000)
  to   space 1024K, 0% used [0x00000000eac80000,0x00000000eac80000,0x00000000ead80000)
 ParOldGen       total 254464K, used 254174K [0x00000000c0000000, 0x00000000cf880000, 0x00000000eab00000)
  object space 254464K, 99% used [0x00000000c0000000,0x00000000cf837a78,0x00000000cf880000)
 Metaspace       used 68774K, committed 69952K, reserved 1114112K
  class space    used 7580K, committed 8128K, reserved 1048576K
GC Heap History (20 events):
Event: 18.609 GC heap after
{Heap after GC invocations=305 (full 10):
 PSYoungGen      total 3072K, used 541K [0x00000000eab00000, 0x00000000eaf00000, 0x0000000100000000)
  eden space 2048K, 0% used [0x00000000eab00000,0x00000000eab00000,0x00000000ead00000)
  from space 1024K, 52% used [0x00000000ead00000,0x00000000ead874b8,0x00000000eae00000)
  to   space 1024K, 0% used [0x00000000eae00000,0x00000000eae00000,0x00000000eaf00000)
 ParOldGen       total 254464K, used 251552K [0x00000000c0000000, 0x00000000cf880000, 0x00000000eab00000)
  object space 254464K, 98% used [0x00000000c0000000,0x00000000cf5a8220,0x00000000cf880000)
 Metaspace       used 68299K, committed 69504K, reserved 1114112K
  class space    used 7499K, committed 8064K, reserved 1048576K
}
Event: 18.629 GC heap before
{Heap before GC invocations=306 (full 10):
 PSYoungGen      total 3072K, used 2589K [0x00000000eab00000, 0x00000000eaf00000, 0x0000000100000000)
  eden space 2048K, 100% used [0x00000000eab00000,0x00000000ead00000,0x00000000ead00000)
  from space 1024K, 52% used [0x00000000ead00000,0x00000000ead874b8,0x00000000eae00000)
  to   space 1024K, 0% used [0x00000000eae00000,0x00000000eae00000,0x00000000eaf00000)
 ParOldGen       total 254464K, used 251552K [0x00000000c0000000, 0x00000000cf880000, 0x00000000eab00000)
  object space 254464K, 98% used [0x00000000c0000000,0x00000000cf5a8220,0x00000000cf880000)
 Metaspace       used 68328K, committed 69504K, reserved 1114112K
  class space    used 7507K, committed 8064K, reserved 1048576K
}
Event: 18.630 GC heap after
{Heap after GC invocations=306 (full 10):
 PSYoungGen      total 3072K, used 480K [0x00000000eab00000, 0x00000000eaf00000, 0x0000000100000000)
  eden space 2048K, 0% used [0x00000000eab00000,0x00000000eab00000,0x00000000ead00000)
  from space 1024K, 46% used [0x00000000eae00000,0x00000000eae78000,0x00000000eaf00000)
  to   space 1024K, 0% used [0x00000000ead00000,0x00000000ead00000,0x00000000eae00000)
 ParOldGen       total 254464K, used 251983K [0x00000000c0000000, 0x00000000cf880000, 0x00000000eab00000)
  object space 254464K, 99% used [0x00000000c0000000,0x00000000cf613f10,0x00000000cf880000)
 Metaspace       used 68328K, committed 69504K, reserved 1114112K
  class space    used 7507K, committed 8064K, reserved 1048576K
}
Event: 18.643 GC heap before
{Heap before GC invocations=307 (full 10):
 PSYoungGen      total 3072K, used 2528K [0x00000000eab00000, 0x00000000eaf00000, 0x0000000100000000)
  eden space 2048K, 100% used [0x00000000eab00000,0x00000000ead00000,0x00000000ead00000)
  from space 1024K, 46% used [0x00000000eae00000,0x00000000eae78000,0x00000000eaf00000)
  to   space 1024K, 0% used [0x00000000ead00000,0x00000000ead00000,0x00000000eae00000)
 ParOldGen       total 254464K, used 251983K [0x00000000c0000000, 0x00000000cf880000, 0x00000000eab00000)
  object space 254464K, 99% used [0x00000000c0000000,0x00000000cf613f10,0x00000000cf880000)
 Metaspace       used 68348K, committed 69568K, reserved 1114112K
  class space    used 7512K, committed 8064K, reserved 1048576K
}
Event: 18.644 GC heap after
{Heap after GC invocations=307 (full 10):
 PSYoungGen      total 3072K, used 531K [0x00000000eab00000, 0x00000000eaf00000, 0x0000000100000000)
  eden space 2048K, 0% used [0x00000000eab00000,0x00000000eab00000,0x00000000ead00000)
  from space 1024K, 51% used [0x00000000ead00000,0x00000000ead84ec0,0x00000000eae00000)
  to   space 1024K, 0% used [0x00000000eae00000,0x00000000eae00000,0x00000000eaf00000)
 ParOldGen       total 254464K, used 252353K [0x00000000c0000000, 0x00000000cf880000, 0x00000000eab00000)
  object space 254464K, 99% used [0x00000000c0000000,0x00000000cf670430,0x00000000cf880000)
 Metaspace       used 68348K, committed 69568K, reserved 1114112K
  class space    used 7512K, committed 8064K, reserved 1048576K
}
Event: 18.695 GC heap before
{Heap before GC invocations=308 (full 10):
 PSYoungGen      total 3072K, used 2579K [0x00000000eab00000, 0x00000000eaf00000, 0x0000000100000000)
  eden space 2048K, 100% used [0x00000000eab00000,0x00000000ead00000,0x00000000ead00000)
  from space 1024K, 51% used [0x00000000ead00000,0x00000000ead84ec0,0x00000000eae00000)
  to   space 1024K, 0% used [0x00000000eae00000,0x00000000eae00000,0x00000000eaf00000)
 ParOldGen       total 254464K, used 252353K [0x00000000c0000000, 0x00000000cf880000, 0x00000000eab00000)
  object space 254464K, 99% used [0x00000000c0000000,0x00000000cf670430,0x00000000cf880000)
 Metaspace       used 68387K, committed 69568K, reserved 1114112K
  class space    used 7516K, committed 8064K, reserved 1048576K
}
Event: 18.697 GC heap after
{Heap after GC invocations=308 (full 10):
 PSYoungGen      total 3072K, used 605K [0x00000000eab00000, 0x00000000eaf00000, 0x0000000100000000)
  eden space 2048K, 0% used [0x00000000eab00000,0x00000000eab00000,0x00000000ead00000)
  from space 1024K, 59% used [0x00000000eae00000,0x00000000eae97620,0x00000000eaf00000)
  to   space 1024K, 0% used [0x00000000ead00000,0x00000000ead00000,0x00000000eae00000)
 ParOldGen       total 254464K, used 252773K [0x00000000c0000000, 0x00000000cf880000, 0x00000000eab00000)
  object space 254464K, 99% used [0x00000000c0000000,0x00000000cf6d94e0,0x00000000cf880000)
 Metaspace       used 68387K, committed 69568K, reserved 1114112K
  class space    used 7516K, committed 8064K, reserved 1048576K
}
Event: 18.727 GC heap before
{Heap before GC invocations=309 (full 10):
 PSYoungGen      total 3072K, used 2653K [0x00000000eab00000, 0x00000000eaf00000, 0x0000000100000000)
  eden space 2048K, 100% used [0x00000000eab00000,0x00000000ead00000,0x00000000ead00000)
  from space 1024K, 59% used [0x00000000eae00000,0x00000000eae97620,0x00000000eaf00000)
  to   space 1024K, 0% used [0x00000000ead00000,0x00000000ead00000,0x00000000eae00000)
 ParOldGen       total 254464K, used 252773K [0x00000000c0000000, 0x00000000cf880000, 0x00000000eab00000)
  object space 254464K, 99% used [0x00000000c0000000,0x00000000cf6d94e0,0x00000000cf880000)
 Metaspace       used 68420K, committed 69632K, reserved 1114112K
  class space    used 7522K, committed 8064K, reserved 1048576K
}
Event: 18.729 GC heap after
{Heap after GC invocations=309 (full 10):
 PSYoungGen      total 3072K, used 921K [0x00000000eab00000, 0x00000000eaf00000, 0x0000000100000000)
  eden space 2048K, 0% used [0x00000000eab00000,0x00000000eab00000,0x00000000ead00000)
  from space 1024K, 89% used [0x00000000ead00000,0x00000000eade6648,0x00000000eae00000)
  to   space 1024K, 0% used [0x00000000eae00000,0x00000000eae00000,0x00000000eaf00000)
 ParOldGen       total 254464K, used 252773K [0x00000000c0000000, 0x00000000cf880000, 0x00000000eab00000)
  object space 254464K, 99% used [0x00000000c0000000,0x00000000cf6d94e0,0x00000000cf880000)
 Metaspace       used 68420K, committed 69632K, reserved 1114112K
  class space    used 7522K, committed 8064K, reserved 1048576K
}
Event: 18.769 GC heap before
{Heap before GC invocations=310 (full 10):
 PSYoungGen      total 3072K, used 2969K [0x00000000eab00000, 0x00000000eaf00000, 0x0000000100000000)
  eden space 2048K, 100% used [0x00000000eab00000,0x00000000ead00000,0x00000000ead00000)
  from space 1024K, 89% used [0x00000000ead00000,0x00000000eade6648,0x00000000eae00000)
  to   space 1024K, 0% used [0x00000000eae00000,0x00000000eae00000,0x00000000eaf00000)
 ParOldGen       total 254464K, used 252773K [0x00000000c0000000, 0x00000000cf880000, 0x00000000eab00000)
  object space 254464K, 99% used [0x00000000c0000000,0x00000000cf6d94e0,0x00000000cf880000)
 Metaspace       used 68450K, committed 69632K, reserved 1114112K
  class space    used 7528K, committed 8064K, reserved 1048576K
}
Event: 18.770 GC heap after
{Heap after GC invocations=310 (full 10):
 PSYoungGen      total 2560K, used 1017K [0x00000000eab00000, 0x00000000eb000000, 0x0000000100000000)
  eden space 1536K, 0% used [0x00000000eab00000,0x00000000eab00000,0x00000000eac80000)
  from space 1024K, 99% used [0x00000000eae00000,0x00000000eaefe448,0x00000000eaf00000)
  to   space 1536K, 0% used [0x00000000eac80000,0x00000000eac80000,0x00000000eae00000)
 ParOldGen       total 254464K, used 252997K [0x00000000c0000000, 0x00000000cf880000, 0x00000000eab00000)
  object space 254464K, 99% used [0x00000000c0000000,0x00000000cf7117a8,0x00000000cf880000)
 Metaspace       used 68450K, committed 69632K, reserved 1114112K
  class space    used 7528K, committed 8064K, reserved 1048576K
}
Event: 18.814 GC heap before
{Heap before GC invocations=311 (full 10):
 PSYoungGen      total 2560K, used 2553K [0x00000000eab00000, 0x00000000eb000000, 0x0000000100000000)
  eden space 1536K, 100% used [0x00000000eab00000,0x00000000eac80000,0x00000000eac80000)
  from space 1024K, 99% used [0x00000000eae00000,0x00000000eaefe448,0x00000000eaf00000)
  to   space 1536K, 0% used [0x00000000eac80000,0x00000000eac80000,0x00000000eae00000)
 ParOldGen       total 254464K, used 252997K [0x00000000c0000000, 0x00000000cf880000, 0x00000000eab00000)
  object space 254464K, 99% used [0x00000000c0000000,0x00000000cf7117a8,0x00000000cf880000)
 Metaspace       used 68579K, committed 69760K, reserved 1114112K
  class space    used 7549K, committed 8064K, reserved 1048576K
}
Event: 18.816 GC heap after
{Heap after GC invocations=311 (full 10):
 PSYoungGen      total 2560K, used 612K [0x00000000eab00000, 0x00000000eae80000, 0x0000000100000000)
  eden space 1536K, 0% used [0x00000000eab00000,0x00000000eab00000,0x00000000eac80000)
  from space 1024K, 59% used [0x00000000eac80000,0x00000000ead19040,0x00000000ead80000)
  to   space 1024K, 0% used [0x00000000ead80000,0x00000000ead80000,0x00000000eae80000)
 ParOldGen       total 254464K, used 253669K [0x00000000c0000000, 0x00000000cf880000, 0x00000000eab00000)
  object space 254464K, 99% used [0x00000000c0000000,0x00000000cf7b9760,0x00000000cf880000)
 Metaspace       used 68579K, committed 69760K, reserved 1114112K
  class space    used 7549K, committed 8064K, reserved 1048576K
}
Event: 18.844 GC heap before
{Heap before GC invocations=312 (full 10):
 PSYoungGen      total 2560K, used 2148K [0x00000000eab00000, 0x00000000eae80000, 0x0000000100000000)
  eden space 1536K, 100% used [0x00000000eab00000,0x00000000eac80000,0x00000000eac80000)
  from space 1024K, 59% used [0x00000000eac80000,0x00000000ead19040,0x00000000ead80000)
  to   space 1024K, 0% used [0x00000000ead80000,0x00000000ead80000,0x00000000eae80000)
 ParOldGen       total 254464K, used 253669K [0x00000000c0000000, 0x00000000cf880000, 0x00000000eab00000)
  object space 254464K, 99% used [0x00000000c0000000,0x00000000cf7b9760,0x00000000cf880000)
 Metaspace       used 68626K, committed 69824K, reserved 1114112K
  class space    used 7558K, committed 8128K, reserved 1048576K
}
Event: 18.846 GC heap after
{Heap after GC invocations=312 (full 10):
 PSYoungGen      total 2560K, used 868K [0x00000000eab00000, 0x00000000eae80000, 0x0000000100000000)
  eden space 1536K, 0% used [0x00000000eab00000,0x00000000eab00000,0x00000000eac80000)
  from space 1024K, 84% used [0x00000000ead80000,0x00000000eae59040,0x00000000eae80000)
  to   space 1024K, 0% used [0x00000000eac80000,0x00000000eac80000,0x00000000ead80000)
 ParOldGen       total 254464K, used 253669K [0x00000000c0000000, 0x00000000cf880000, 0x00000000eab00000)
  object space 254464K, 99% used [0x00000000c0000000,0x00000000cf7b9760,0x00000000cf880000)
 Metaspace       used 68626K, committed 69824K, reserved 1114112K
  class space    used 7558K, committed 8128K, reserved 1048576K
}
Event: 18.870 GC heap before
{Heap before GC invocations=313 (full 10):
 PSYoungGen      total 2560K, used 2404K [0x00000000eab00000, 0x00000000eae80000, 0x0000000100000000)
  eden space 1536K, 100% used [0x00000000eab00000,0x00000000eac80000,0x00000000eac80000)
  from space 1024K, 84% used [0x00000000ead80000,0x00000000eae59040,0x00000000eae80000)
  to   space 1024K, 0% used [0x00000000eac80000,0x00000000eac80000,0x00000000ead80000)
 ParOldGen       total 254464K, used 253669K [0x00000000c0000000, 0x00000000cf880000, 0x00000000eab00000)
  object space 254464K, 99% used [0x00000000c0000000,0x00000000cf7b9760,0x00000000cf880000)
 Metaspace       used 68632K, committed 69824K, reserved 1114112K
  class space    used 7559K, committed 8128K, reserved 1048576K
}
Event: 18.872 GC heap after
{Heap after GC invocations=313 (full 10):
 PSYoungGen      total 2560K, used 1012K [0x00000000eab00000, 0x00000000eaf80000, 0x0000000100000000)
  eden space 1536K, 0% used [0x00000000eab00000,0x00000000eab00000,0x00000000eac80000)
  from space 1024K, 98% used [0x00000000eac80000,0x00000000ead7d050,0x00000000ead80000)
  to   space 1536K, 0% used [0x00000000eae00000,0x00000000eae00000,0x00000000eaf80000)
 ParOldGen       total 254464K, used 253766K [0x00000000c0000000, 0x00000000cf880000, 0x00000000eab00000)
  object space 254464K, 99% used [0x00000000c0000000,0x00000000cf7d1be0,0x00000000cf880000)
 Metaspace       used 68632K, committed 69824K, reserved 1114112K
  class space    used 7559K, committed 8128K, reserved 1048576K
}
Event: 18.939 GC heap before
{Heap before GC invocations=314 (full 10):
 PSYoungGen      total 2560K, used 2548K [0x00000000eab00000, 0x00000000eaf80000, 0x0000000100000000)
  eden space 1536K, 100% used [0x00000000eab00000,0x00000000eac80000,0x00000000eac80000)
  from space 1024K, 98% used [0x00000000eac80000,0x00000000ead7d050,0x00000000ead80000)
  to   space 1536K, 0% used [0x00000000eae00000,0x00000000eae00000,0x00000000eaf80000)
 ParOldGen       total 254464K, used 253766K [0x00000000c0000000, 0x00000000cf880000, 0x00000000eab00000)
  object space 254464K, 99% used [0x00000000c0000000,0x00000000cf7d1be0,0x00000000cf880000)
 Metaspace       used 68752K, committed 69952K, reserved 1114112K
  class space    used 7576K, committed 8128K, reserved 1048576K
}
Event: 18.941 GC heap after
{Heap after GC invocations=314 (full 10):
 PSYoungGen      total 2560K, used 916K [0x00000000eab00000, 0x00000000eaf00000, 0x0000000100000000)
  eden space 1536K, 0% used [0x00000000eab00000,0x00000000eab00000,0x00000000eac80000)
  from space 1024K, 89% used [0x00000000eae00000,0x00000000eaee52c8,0x00000000eaf00000)
  to   space 1024K, 0% used [0x00000000eac80000,0x00000000eac80000,0x00000000ead80000)
 ParOldGen       total 254464K, used 254174K [0x00000000c0000000, 0x00000000cf880000, 0x00000000eab00000)
  object space 254464K, 99% used [0x00000000c0000000,0x00000000cf837a78,0x00000000cf880000)
 Metaspace       used 68752K, committed 69952K, reserved 1114112K
  class space    used 7576K, committed 8128K, reserved 1048576K
}
Event: 18.952 GC heap before
{Heap before GC invocations=315 (full 11):
 PSYoungGen      total 2560K, used 2452K [0x00000000eab00000, 0x00000000eaf00000, 0x0000000100000000)
  eden space 1536K, 100% used [0x00000000eab00000,0x00000000eac80000,0x00000000eac80000)
  from space 1024K, 89% used [0x00000000eae00000,0x00000000eaee52c8,0x00000000eaf00000)
  to   space 1024K, 0% used [0x00000000eac80000,0x00000000eac80000,0x00000000ead80000)
 ParOldGen       total 254464K, used 254174K [0x00000000c0000000, 0x00000000cf880000, 0x00000000eab00000)
  object space 254464K, 99% used [0x00000000c0000000,0x00000000cf837a78,0x00000000cf880000)
 Metaspace       used 68774K, committed 69952K, reserved 1114112K
  class space    used 7580K, committed 8128K, reserved 1048576K
}

