# JRE version: OpenJDK Runtime Environment Temurin-17.0.13+11 (17.0.13+11) (build 17.0.13+11)
# Java VM: OpenJDK 64-Bit Server VM Temurin-17.0.13+11 (17.0.13+11, mixed mode, tiered, compressed oops, compressed class ptrs, parallel gc, windows-amd64)
GC Precious Log:
 CPUs: 12 total, 12 available
 Memory: 7365M
 Large Page Support: Disabled
 NUMA Support: Disabled
 Compressed Oops: Enabled (32-bit)
 Alignments: Space 512K, Generation 512K, Heap 2M
 Heap Min Capacity: 100M
 Heap Initial Capacity: 100M
 Heap Max Capacity: 1G
 Pre-touch: Disabled
 Parallel Workers: 10
Heap:
 PSYoungGen      total 11264K, used 8310K [0x00000000eab00000, 0x00000000eb900000, 0x0000000100000000)
  eden space 9216K, 68% used [0x00000000eab00000,0x00000000eb11fc48,0x00000000eb400000)
  from space 2048K, 99% used [0x00000000eb500000,0x00000000eb6fdc60,0x00000000eb700000)
  to   space 2048K, 0% used [0x00000000eb700000,0x00000000eb700000,0x00000000eb900000)
 ParOldGen       total 119808K, used 114391K [0x00000000c0000000, 0x00000000c7500000, 0x00000000eab00000)
  object space 119808K, 95% used [0x00000000c0000000,0x00000000c6fb5dd0,0x00000000c7500000)
 Metaspace       used 61829K, committed 62912K, reserved 1114112K
  class space    used 6540K, committed 6976K, reserved 1048576K
GC Heap History (20 events):
Event: 6.184 GC heap before
{Heap before GC invocations=45 (full 4):
 PSYoungGen      total 18944K, used 15872K [0x00000000eab00000, 0x00000000ec080000, 0x0000000100000000)
  eden space 15872K, 100% used [0x00000000eab00000,0x00000000eba80000,0x00000000eba80000)
  from space 3072K, 0% used [0x00000000ebd80000,0x00000000ebd80000,0x00000000ec080000)
  to   space 3072K, 0% used [0x00000000eba80000,0x00000000eba80000,0x00000000ebd80000)
 ParOldGen       total 119808K, used 91670K [0x00000000c0000000, 0x00000000c7500000, 0x00000000eab00000)
  object space 119808K, 76% used [0x00000000c0000000,0x00000000c5985a08,0x00000000c7500000)
 Metaspace       used 59604K, committed 60736K, reserved 1114112K
  class space    used 6332K, committed 6784K, reserved 1048576K
}
Event: 6.186 GC heap after
{Heap after GC invocations=45 (full 4):
 PSYoungGen      total 17920K, used 1802K [0x00000000eab00000, 0x00000000ebf80000, 0x0000000100000000)
  eden space 15872K, 0% used [0x00000000eab00000,0x00000000eab00000,0x00000000eba80000)
  from space 2048K, 88% used [0x00000000eba80000,0x00000000ebc42a60,0x00000000ebc80000)
  to   space 2560K, 0% used [0x00000000ebd00000,0x00000000ebd00000,0x00000000ebf80000)
 ParOldGen       total 119808K, used 91670K [0x00000000c0000000, 0x00000000c7500000, 0x00000000eab00000)
  object space 119808K, 76% used [0x00000000c0000000,0x00000000c5985a08,0x00000000c7500000)
 Metaspace       used 59604K, committed 60736K, reserved 1114112K
  class space    used 6332K, committed 6784K, reserved 1048576K
}
Event: 6.241 GC heap before
{Heap before GC invocations=46 (full 4):
 PSYoungGen      total 17920K, used 17674K [0x00000000eab00000, 0x00000000ebf80000, 0x0000000100000000)
  eden space 15872K, 100% used [0x00000000eab00000,0x00000000eba80000,0x00000000eba80000)
  from space 2048K, 88% used [0x00000000eba80000,0x00000000ebc42a60,0x00000000ebc80000)
  to   space 2560K, 0% used [0x00000000ebd00000,0x00000000ebd00000,0x00000000ebf80000)
 ParOldGen       total 119808K, used 91670K [0x00000000c0000000, 0x00000000c7500000, 0x00000000eab00000)
  object space 119808K, 76% used [0x00000000c0000000,0x00000000c5985a08,0x00000000c7500000)
 Metaspace       used 60323K, committed 61440K, reserved 1114112K
  class space    used 6410K, committed 6848K, reserved 1048576K
}
Event: 6.244 GC heap after
{Heap after GC invocations=46 (full 4):
 PSYoungGen      total 15872K, used 2532K [0x00000000eab00000, 0x00000000ec480000, 0x0000000100000000)
  eden space 13312K, 0% used [0x00000000eab00000,0x00000000eab00000,0x00000000eb800000)
  from space 2560K, 98% used [0x00000000ebd00000,0x00000000ebf790d8,0x00000000ebf80000)
  to   space 5120K, 0% used [0x00000000eb800000,0x00000000eb800000,0x00000000ebd00000)
 ParOldGen       total 119808K, used 93539K [0x00000000c0000000, 0x00000000c7500000, 0x00000000eab00000)
  object space 119808K, 78% used [0x00000000c0000000,0x00000000c5b58e78,0x00000000c7500000)
 Metaspace       used 60323K, committed 61440K, reserved 1114112K
  class space    used 6410K, committed 6848K, reserved 1048576K
}
Event: 6.301 GC heap before
{Heap before GC invocations=47 (full 4):
 PSYoungGen      total 15872K, used 15844K [0x00000000eab00000, 0x00000000ec480000, 0x0000000100000000)
  eden space 13312K, 100% used [0x00000000eab00000,0x00000000eb800000,0x00000000eb800000)
  from space 2560K, 98% used [0x00000000ebd00000,0x00000000ebf790d8,0x00000000ebf80000)
  to   space 5120K, 0% used [0x00000000eb800000,0x00000000eb800000,0x00000000ebd00000)
 ParOldGen       total 119808K, used 93539K [0x00000000c0000000, 0x00000000c7500000, 0x00000000eab00000)
  object space 119808K, 78% used [0x00000000c0000000,0x00000000c5b58e78,0x00000000c7500000)
 Metaspace       used 60513K, committed 61632K, reserved 1114112K
  class space    used 6421K, committed 6848K, reserved 1048576K
}
Event: 6.304 GC heap after
{Heap after GC invocations=47 (full 4):
 PSYoungGen      total 16896K, used 3197K [0x00000000eab00000, 0x00000000ec000000, 0x0000000100000000)
  eden space 13312K, 0% used [0x00000000eab00000,0x00000000eab00000,0x00000000eb800000)
  from space 3584K, 89% used [0x00000000eb800000,0x00000000ebb1f7f8,0x00000000ebb80000)
  to   space 4096K, 0% used [0x00000000ebc00000,0x00000000ebc00000,0x00000000ec000000)
 ParOldGen       total 119808K, used 95922K [0x00000000c0000000, 0x00000000c7500000, 0x00000000eab00000)
  object space 119808K, 80% used [0x00000000c0000000,0x00000000c5dacad8,0x00000000c7500000)
 Metaspace       used 60513K, committed 61632K, reserved 1114112K
  class space    used 6421K, committed 6848K, reserved 1048576K
}
Event: 6.378 GC heap before
{Heap before GC invocations=48 (full 4):
 PSYoungGen      total 16896K, used 16509K [0x00000000eab00000, 0x00000000ec000000, 0x0000000100000000)
  eden space 13312K, 100% used [0x00000000eab00000,0x00000000eb800000,0x00000000eb800000)
  from space 3584K, 89% used [0x00000000eb800000,0x00000000ebb1f7f8,0x00000000ebb80000)
  to   space 4096K, 0% used [0x00000000ebc00000,0x00000000ebc00000,0x00000000ec000000)
 ParOldGen       total 119808K, used 95922K [0x00000000c0000000, 0x00000000c7500000, 0x00000000eab00000)
  object space 119808K, 80% used [0x00000000c0000000,0x00000000c5dacad8,0x00000000c7500000)
 Metaspace       used 60807K, committed 61824K, reserved 1114112K
  class space    used 6447K, committed 6848K, reserved 1048576K
}
Event: 6.383 GC heap after
{Heap after GC invocations=48 (full 4):
 PSYoungGen      total 13312K, used 4094K [0x00000000eab00000, 0x00000000ec800000, 0x0000000100000000)
  eden space 9216K, 0% used [0x00000000eab00000,0x00000000eab00000,0x00000000eb400000)
  from space 4096K, 99% used [0x00000000ebc00000,0x00000000ebfffb08,0x00000000ec000000)
  to   space 8192K, 0% used [0x00000000eb400000,0x00000000eb400000,0x00000000ebc00000)
 ParOldGen       total 119808K, used 98877K [0x00000000c0000000, 0x00000000c7500000, 0x00000000eab00000)
  object space 119808K, 82% used [0x00000000c0000000,0x00000000c608f688,0x00000000c7500000)
 Metaspace       used 60807K, committed 61824K, reserved 1114112K
  class space    used 6447K, committed 6848K, reserved 1048576K
}
Event: 6.408 GC heap before
{Heap before GC invocations=49 (full 4):
 PSYoungGen      total 13312K, used 13310K [0x00000000eab00000, 0x00000000ec800000, 0x0000000100000000)
  eden space 9216K, 100% used [0x00000000eab00000,0x00000000eb400000,0x00000000eb400000)
  from space 4096K, 99% used [0x00000000ebc00000,0x00000000ebfffb08,0x00000000ec000000)
  to   space 8192K, 0% used [0x00000000eb400000,0x00000000eb400000,0x00000000ebc00000)
 ParOldGen       total 119808K, used 98877K [0x00000000c0000000, 0x00000000c7500000, 0x00000000eab00000)
  object space 119808K, 82% used [0x00000000c0000000,0x00000000c608f688,0x00000000c7500000)
 Metaspace       used 60935K, committed 61952K, reserved 1114112K
  class space    used 6454K, committed 6848K, reserved 1048576K
}
Event: 6.411 GC heap after
{Heap after GC invocations=49 (full 4):
 PSYoungGen      total 11776K, used 2347K [0x00000000eab00000, 0x00000000ebc80000, 0x0000000100000000)
  eden space 9216K, 0% used [0x00000000eab00000,0x00000000eab00000,0x00000000eb400000)
  from space 2560K, 91% used [0x00000000eb400000,0x00000000eb64aef0,0x00000000eb680000)
  to   space 4096K, 0% used [0x00000000eb880000,0x00000000eb880000,0x00000000ebc80000)
 ParOldGen       total 119808K, used 102867K [0x00000000c0000000, 0x00000000c7500000, 0x00000000eab00000)
  object space 119808K, 85% used [0x00000000c0000000,0x00000000c6474c30,0x00000000c7500000)
 Metaspace       used 60935K, committed 61952K, reserved 1114112K
  class space    used 6454K, committed 6848K, reserved 1048576K
}
Event: 6.442 GC heap before
{Heap before GC invocations=50 (full 4):
 PSYoungGen      total 11776K, used 11563K [0x00000000eab00000, 0x00000000ebc80000, 0x0000000100000000)
  eden space 9216K, 100% used [0x00000000eab00000,0x00000000eb400000,0x00000000eb400000)
  from space 2560K, 91% used [0x00000000eb400000,0x00000000eb64aef0,0x00000000eb680000)
  to   space 4096K, 0% used [0x00000000eb880000,0x00000000eb880000,0x00000000ebc80000)
 ParOldGen       total 119808K, used 102867K [0x00000000c0000000, 0x00000000c7500000, 0x00000000eab00000)
  object space 119808K, 85% used [0x00000000c0000000,0x00000000c6474c30,0x00000000c7500000)
 Metaspace       used 61096K, committed 62144K, reserved 1114112K
  class space    used 6464K, committed 6848K, reserved 1048576K
}
Event: 6.445 GC heap after
{Heap after GC invocations=50 (full 4):
 PSYoungGen      total 11776K, used 2262K [0x00000000eab00000, 0x00000000ebb00000, 0x0000000100000000)
  eden space 9216K, 0% used [0x00000000eab00000,0x00000000eab00000,0x00000000eb400000)
  from space 2560K, 88% used [0x00000000eb880000,0x00000000ebab5910,0x00000000ebb00000)
  to   space 3072K, 0% used [0x00000000eb500000,0x00000000eb500000,0x00000000eb800000)
 ParOldGen       total 119808K, used 105087K [0x00000000c0000000, 0x00000000c7500000, 0x00000000eab00000)
  object space 119808K, 87% used [0x00000000c0000000,0x00000000c669fc28,0x00000000c7500000)
 Metaspace       used 61096K, committed 62144K, reserved 1114112K
  class space    used 6464K, committed 6848K, reserved 1048576K
}
Event: 6.468 GC heap before
{Heap before GC invocations=51 (full 4):
 PSYoungGen      total 11776K, used 11478K [0x00000000eab00000, 0x00000000ebb00000, 0x0000000100000000)
  eden space 9216K, 100% used [0x00000000eab00000,0x00000000eb400000,0x00000000eb400000)
  from space 2560K, 88% used [0x00000000eb880000,0x00000000ebab5910,0x00000000ebb00000)
  to   space 3072K, 0% used [0x00000000eb500000,0x00000000eb500000,0x00000000eb800000)
 ParOldGen       total 119808K, used 105087K [0x00000000c0000000, 0x00000000c7500000, 0x00000000eab00000)
  object space 119808K, 87% used [0x00000000c0000000,0x00000000c669fc28,0x00000000c7500000)
 Metaspace       used 61361K, committed 62464K, reserved 1114112K
  class space    used 6505K, committed 6912K, reserved 1048576K
}
Event: 6.471 GC heap after
{Heap after GC invocations=51 (full 4):
 PSYoungGen      total 11264K, used 1912K [0x00000000eab00000, 0x00000000eb900000, 0x0000000100000000)
  eden space 9216K, 0% used [0x00000000eab00000,0x00000000eab00000,0x00000000eb400000)
  from space 2048K, 93% used [0x00000000eb500000,0x00000000eb6de120,0x00000000eb700000)
  to   space 2048K, 0% used [0x00000000eb700000,0x00000000eb700000,0x00000000eb900000)
 ParOldGen       total 119808K, used 107106K [0x00000000c0000000, 0x00000000c7500000, 0x00000000eab00000)
  object space 119808K, 89% used [0x00000000c0000000,0x00000000c6898b70,0x00000000c7500000)
 Metaspace       used 61361K, committed 62464K, reserved 1114112K
  class space    used 6505K, committed 6912K, reserved 1048576K
}
Event: 6.499 GC heap before
{Heap before GC invocations=52 (full 4):
 PSYoungGen      total 11264K, used 11128K [0x00000000eab00000, 0x00000000eb900000, 0x0000000100000000)
  eden space 9216K, 100% used [0x00000000eab00000,0x00000000eb400000,0x00000000eb400000)
  from space 2048K, 93% used [0x00000000eb500000,0x00000000eb6de120,0x00000000eb700000)
  to   space 2048K, 0% used [0x00000000eb700000,0x00000000eb700000,0x00000000eb900000)
 ParOldGen       total 119808K, used 107106K [0x00000000c0000000, 0x00000000c7500000, 0x00000000eab00000)
  object space 119808K, 89% used [0x00000000c0000000,0x00000000c6898bc8,0x00000000c7500000)
 Metaspace       used 61545K, committed 62592K, reserved 1114112K
  class space    used 6534K, committed 6912K, reserved 1048576K
}
Event: 6.501 GC heap after
{Heap after GC invocations=52 (full 4):
 PSYoungGen      total 11264K, used 1930K [0x00000000eab00000, 0x00000000eb900000, 0x0000000100000000)
  eden space 9216K, 0% used [0x00000000eab00000,0x00000000eab00000,0x00000000eb400000)
  from space 2048K, 94% used [0x00000000eb700000,0x00000000eb8e2978,0x00000000eb900000)
  to   space 2048K, 0% used [0x00000000eb500000,0x00000000eb500000,0x00000000eb700000)
 ParOldGen       total 119808K, used 108812K [0x00000000c0000000, 0x00000000c7500000, 0x00000000eab00000)
  object space 119808K, 90% used [0x00000000c0000000,0x00000000c6a431e0,0x00000000c7500000)
 Metaspace       used 61545K, committed 62592K, reserved 1114112K
  class space    used 6534K, committed 6912K, reserved 1048576K
}
Event: 6.531 GC heap before
{Heap before GC invocations=53 (full 4):
 PSYoungGen      total 11264K, used 11146K [0x00000000eab00000, 0x00000000eb900000, 0x0000000100000000)
  eden space 9216K, 100% used [0x00000000eab00000,0x00000000eb400000,0x00000000eb400000)
  from space 2048K, 94% used [0x00000000eb700000,0x00000000eb8e2978,0x00000000eb900000)
  to   space 2048K, 0% used [0x00000000eb500000,0x00000000eb500000,0x00000000eb700000)
 ParOldGen       total 119808K, used 108815K [0x00000000c0000000, 0x00000000c7500000, 0x00000000eab00000)
  object space 119808K, 90% used [0x00000000c0000000,0x00000000c6a43da8,0x00000000c7500000)
 Metaspace       used 61666K, committed 62720K, reserved 1114112K
  class space    used 6540K, committed 6976K, reserved 1048576K
}
Event: 6.534 GC heap after
{Heap after GC invocations=53 (full 4):
 PSYoungGen      total 11264K, used 2047K [0x00000000eab00000, 0x00000000eb900000, 0x0000000100000000)
  eden space 9216K, 0% used [0x00000000eab00000,0x00000000eab00000,0x00000000eb400000)
  from space 2048K, 99% used [0x00000000eb500000,0x00000000eb6ffe90,0x00000000eb700000)
  to   space 2048K, 0% used [0x00000000eb700000,0x00000000eb700000,0x00000000eb900000)
 ParOldGen       total 119808K, used 110573K [0x00000000c0000000, 0x00000000c7500000, 0x00000000eab00000)
  object space 119808K, 92% used [0x00000000c0000000,0x00000000c6bfb638,0x00000000c7500000)
 Metaspace       used 61666K, committed 62720K, reserved 1114112K
  class space    used 6540K, committed 6976K, reserved 1048576K
}
Event: 6.564 GC heap before
{Heap before GC invocations=54 (full 4):
 PSYoungGen      total 11264K, used 11263K [0x00000000eab00000, 0x00000000eb900000, 0x0000000100000000)
  eden space 9216K, 100% used [0x00000000eab00000,0x00000000eb400000,0x00000000eb400000)
  from space 2048K, 99% used [0x00000000eb500000,0x00000000eb6ffe90,0x00000000eb700000)
  to   space 2048K, 0% used [0x00000000eb700000,0x00000000eb700000,0x00000000eb900000)
 ParOldGen       total 119808K, used 110573K [0x00000000c0000000, 0x00000000c7500000, 0x00000000eab00000)
  object space 119808K, 92% used [0x00000000c0000000,0x00000000c6bfb638,0x00000000c7500000)
 Metaspace       used 61709K, committed 62784K, reserved 1114112K
  class space    used 6540K, committed 6976K, reserved 1048576K
}
Event: 6.566 GC heap after
{Heap after GC invocations=54 (full 4):
 PSYoungGen      total 11264K, used 2025K [0x00000000eab00000, 0x00000000eb900000, 0x0000000100000000)
  eden space 9216K, 0% used [0x00000000eab00000,0x00000000eab00000,0x00000000eb400000)
  from space 2048K, 98% used [0x00000000eb700000,0x00000000eb8fa5a0,0x00000000eb900000)
  to   space 2048K, 0% used [0x00000000eb500000,0x00000000eb500000,0x00000000eb700000)
 ParOldGen       total 119808K, used 112461K [0x00000000c0000000, 0x00000000c7500000, 0x00000000eab00000)
  object space 119808K, 93% used [0x00000000c0000000,0x00000000c6dd3528,0x00000000c7500000)
 Metaspace       used 61709K, committed 62784K, reserved 1114112K
  class space    used 6540K, committed 6976K, reserved 1048576K
}

