# JRE version: OpenJDK Runtime Environment Temurin-17.0.13+11 (17.0.13+11) (build 17.0.13+11)
# Java VM: OpenJDK 64-Bit Server VM Temurin-17.0.13+11 (17.0.13+11, mixed mode, tiered, compressed oops, compressed class ptrs, parallel gc, windows-amd64)
GC Precious Log:
 CPUs: 12 total, 12 available
 Memory: 7365M
 Large Page Support: Disabled
 NUMA Support: Disabled
 Compressed Oops: Enabled (32-bit)
 Alignments: Space 512K, Generation 512K, Heap 2M
 Heap Min Capacity: 100M
 Heap Initial Capacity: 100M
 Heap Max Capacity: 1G
 Pre-touch: Disabled
 Parallel Workers: 10
Heap:
 PSYoungGen      total 30208K, used 19653K [0x00000000eab00000, 0x00000000ed480000, 0x0000000100000000)
  eden space 18944K, 46% used [0x00000000eab00000,0x00000000eb385a18,0x00000000ebd80000)
  from space 11264K, 97% used [0x00000000ec080000,0x00000000ecb2bae8,0x00000000ecb80000)
  to   space 9216K, 0% used [0x00000000ecb80000,0x00000000ecb80000,0x00000000ed480000)
 ParOldGen       total 388096K, used 328934K [0x00000000c0000000, 0x00000000d7b00000, 0x00000000eab00000)
  object space 388096K, 84% used [0x00000000c0000000,0x00000000d4139b00,0x00000000d7b00000)
 Metaspace       used 74670K, committed 75840K, reserved 1179648K
  class space    used 8367K, committed 8832K, reserved 1048576K
GC Heap History (20 events):
Event: 8.442 GC heap before
{Heap before GC invocations=156 (full 9):
 PSYoungGen      total 25600K, used 21881K [0x00000000eab00000, 0x00000000ec980000, 0x0000000100000000)
  eden space 18432K, 100% used [0x00000000eab00000,0x00000000ebd00000,0x00000000ebd00000)
  from space 7168K, 48% used [0x00000000ebd00000,0x00000000ec05e680,0x00000000ec400000)
  to   space 5120K, 0% used [0x00000000ec480000,0x00000000ec480000,0x00000000ec980000)
 ParOldGen       total 321536K, used 289078K [0x00000000c0000000, 0x00000000d3a00000, 0x00000000eab00000)
  object space 321536K, 89% used [0x00000000c0000000,0x00000000d1a4d880,0x00000000d3a00000)
 Metaspace       used 70241K, committed 71360K, reserved 1114112K
  class space    used 7760K, committed 8256K, reserved 1048576K
}
Event: 8.448 GC heap after
{Heap after GC invocations=156 (full 9):
 PSYoungGen      total 20992K, used 5118K [0x00000000eab00000, 0x00000000ed380000, 0x0000000100000000)
  eden space 15872K, 0% used [0x00000000eab00000,0x00000000eab00000,0x00000000eba80000)
  from space 5120K, 99% used [0x00000000ec480000,0x00000000ec97f800,0x00000000ec980000)
  to   space 10240K, 0% used [0x00000000eba80000,0x00000000eba80000,0x00000000ec480000)
 ParOldGen       total 321536K, used 293112K [0x00000000c0000000, 0x00000000d3a00000, 0x00000000eab00000)
  object space 321536K, 91% used [0x00000000c0000000,0x00000000d1e3e128,0x00000000d3a00000)
 Metaspace       used 70241K, committed 71360K, reserved 1114112K
  class space    used 7760K, committed 8256K, reserved 1048576K
}
Event: 8.565 GC heap before
{Heap before GC invocations=157 (full 9):
 PSYoungGen      total 20992K, used 20990K [0x00000000eab00000, 0x00000000ed380000, 0x0000000100000000)
  eden space 15872K, 100% used [0x00000000eab00000,0x00000000eba80000,0x00000000eba80000)
  from space 5120K, 99% used [0x00000000ec480000,0x00000000ec97f800,0x00000000ec980000)
  to   space 10240K, 0% used [0x00000000eba80000,0x00000000eba80000,0x00000000ec480000)
 ParOldGen       total 321536K, used 293112K [0x00000000c0000000, 0x00000000d3a00000, 0x00000000eab00000)
  object space 321536K, 91% used [0x00000000c0000000,0x00000000d1e3e128,0x00000000d3a00000)
 Metaspace       used 71148K, committed 72320K, reserved 1114112K
  class space    used 7916K, committed 8448K, reserved 1048576K
}
Event: 8.570 GC heap after
{Heap after GC invocations=157 (full 9):
 PSYoungGen      total 22528K, used 6587K [0x00000000eab00000, 0x00000000ecb80000, 0x0000000100000000)
  eden space 15872K, 0% used [0x00000000eab00000,0x00000000eab00000,0x00000000eba80000)
  from space 6656K, 98% used [0x00000000eba80000,0x00000000ec0eedb0,0x00000000ec100000)
  to   space 7680K, 0% used [0x00000000ec400000,0x00000000ec400000,0x00000000ecb80000)
 ParOldGen       total 321536K, used 296700K [0x00000000c0000000, 0x00000000d3a00000, 0x00000000eab00000)
  object space 321536K, 92% used [0x00000000c0000000,0x00000000d21bf3c0,0x00000000d3a00000)
 Metaspace       used 71148K, committed 72320K, reserved 1114112K
  class space    used 7916K, committed 8448K, reserved 1048576K
}
Event: 8.704 GC heap before
{Heap before GC invocations=158 (full 9):
 PSYoungGen      total 22528K, used 22459K [0x00000000eab00000, 0x00000000ecb80000, 0x0000000100000000)
  eden space 15872K, 100% used [0x00000000eab00000,0x00000000eba80000,0x00000000eba80000)
  from space 6656K, 98% used [0x00000000eba80000,0x00000000ec0eedb0,0x00000000ec100000)
  to   space 7680K, 0% used [0x00000000ec400000,0x00000000ec400000,0x00000000ecb80000)
 ParOldGen       total 321536K, used 296700K [0x00000000c0000000, 0x00000000d3a00000, 0x00000000eab00000)
  object space 321536K, 92% used [0x00000000c0000000,0x00000000d21bf3c0,0x00000000d3a00000)
 Metaspace       used 72141K, committed 73280K, reserved 1114112K
  class space    used 8092K, committed 8576K, reserved 1048576K
}
Event: 8.711 GC heap after
{Heap after GC invocations=158 (full 9):
 PSYoungGen      total 24576K, used 6383K [0x00000000eab00000, 0x00000000eca80000, 0x0000000100000000)
  eden space 17920K, 0% used [0x00000000eab00000,0x00000000eab00000,0x00000000ebc80000)
  from space 6656K, 95% used [0x00000000ec400000,0x00000000eca3bda8,0x00000000eca80000)
  to   space 6656K, 0% used [0x00000000ebd80000,0x00000000ebd80000,0x00000000ec400000)
 ParOldGen       total 321536K, used 302310K [0x00000000c0000000, 0x00000000d3a00000, 0x00000000eab00000)
  object space 321536K, 94% used [0x00000000c0000000,0x00000000d2739b28,0x00000000d3a00000)
 Metaspace       used 72141K, committed 73280K, reserved 1114112K
  class space    used 8092K, committed 8576K, reserved 1048576K
}
Event: 8.910 GC heap before
{Heap before GC invocations=159 (full 9):
 PSYoungGen      total 24576K, used 24201K [0x00000000eab00000, 0x00000000eca80000, 0x0000000100000000)
  eden space 17920K, 99% used [0x00000000eab00000,0x00000000ebc66710,0x00000000ebc80000)
  from space 6656K, 95% used [0x00000000ec400000,0x00000000eca3bda8,0x00000000eca80000)
  to   space 6656K, 0% used [0x00000000ebd80000,0x00000000ebd80000,0x00000000ec400000)
 ParOldGen       total 321536K, used 302310K [0x00000000c0000000, 0x00000000d3a00000, 0x00000000eab00000)
  object space 321536K, 94% used [0x00000000c0000000,0x00000000d2739b28,0x00000000d3a00000)
 Metaspace       used 72999K, committed 74176K, reserved 1179648K
  class space    used 8175K, committed 8704K, reserved 1048576K
}
Event: 8.917 GC heap after
{Heap after GC invocations=159 (full 9):
 PSYoungGen      total 25600K, used 6638K [0x00000000eab00000, 0x00000000ee600000, 0x0000000100000000)
  eden space 18944K, 0% used [0x00000000eab00000,0x00000000eab00000,0x00000000ebd80000)
  from space 6656K, 99% used [0x00000000ebd80000,0x00000000ec3fbb40,0x00000000ec400000)
  to   space 20480K, 0% used [0x00000000ed200000,0x00000000ed200000,0x00000000ee600000)
 ParOldGen       total 321536K, used 313803K [0x00000000c0000000, 0x00000000d3a00000, 0x00000000eab00000)
  object space 321536K, 97% used [0x00000000c0000000,0x00000000d3272fe0,0x00000000d3a00000)
 Metaspace       used 72999K, committed 74176K, reserved 1179648K
  class space    used 8175K, committed 8704K, reserved 1048576K
}
Event: 9.035 GC heap before
{Heap before GC invocations=160 (full 10):
 PSYoungGen      total 25600K, used 25582K [0x00000000eab00000, 0x00000000ee600000, 0x0000000100000000)
  eden space 18944K, 100% used [0x00000000eab00000,0x00000000ebd80000,0x00000000ebd80000)
  from space 6656K, 99% used [0x00000000ebd80000,0x00000000ec3fbb40,0x00000000ec400000)
  to   space 20480K, 0% used [0x00000000ed200000,0x00000000ed200000,0x00000000ee600000)
 ParOldGen       total 321536K, used 313803K [0x00000000c0000000, 0x00000000d3a00000, 0x00000000eab00000)
  object space 321536K, 97% used [0x00000000c0000000,0x00000000d3272fe0,0x00000000d3a00000)
 Metaspace       used 73117K, committed 74304K, reserved 1179648K
  class space    used 8190K, committed 8704K, reserved 1048576K
}
Event: 9.159 GC heap after
{Heap after GC invocations=160 (full 10):
 PSYoungGen      total 38912K, used 0K [0x00000000eab00000, 0x00000000ee580000, 0x0000000100000000)
  eden space 18944K, 0% used [0x00000000eab00000,0x00000000eab00000,0x00000000ebd80000)
  from space 19968K, 0% used [0x00000000ed200000,0x00000000ed200000,0x00000000ee580000)
  to   space 20480K, 0% used [0x00000000ebd80000,0x00000000ebd80000,0x00000000ed180000)
 ParOldGen       total 388096K, used 317884K [0x00000000c0000000, 0x00000000d7b00000, 0x00000000eab00000)
  object space 388096K, 81% used [0x00000000c0000000,0x00000000d366f158,0x00000000d7b00000)
 Metaspace       used 73117K, committed 74304K, reserved 1179648K
  class space    used 8190K, committed 8704K, reserved 1048576K
}
Event: 9.231 GC heap before
{Heap before GC invocations=161 (full 10):
 PSYoungGen      total 38912K, used 18944K [0x00000000eab00000, 0x00000000ee580000, 0x0000000100000000)
  eden space 18944K, 100% used [0x00000000eab00000,0x00000000ebd80000,0x00000000ebd80000)
  from space 19968K, 0% used [0x00000000ed200000,0x00000000ed200000,0x00000000ee580000)
  to   space 20480K, 0% used [0x00000000ebd80000,0x00000000ebd80000,0x00000000ed180000)
 ParOldGen       total 388096K, used 317884K [0x00000000c0000000, 0x00000000d7b00000, 0x00000000eab00000)
  object space 388096K, 81% used [0x00000000c0000000,0x00000000d366f158,0x00000000d7b00000)
 Metaspace       used 73119K, committed 74304K, reserved 1179648K
  class space    used 8190K, committed 8704K, reserved 1048576K
}
Event: 9.234 GC heap after
{Heap after GC invocations=161 (full 10):
 PSYoungGen      total 24064K, used 5059K [0x00000000eab00000, 0x00000000ed280000, 0x0000000100000000)
  eden space 18944K, 0% used [0x00000000eab00000,0x00000000eab00000,0x00000000ebd80000)
  from space 5120K, 98% used [0x00000000ebd80000,0x00000000ec270cf0,0x00000000ec280000)
  to   space 10240K, 0% used [0x00000000ec880000,0x00000000ec880000,0x00000000ed280000)
 ParOldGen       total 388096K, used 317884K [0x00000000c0000000, 0x00000000d7b00000, 0x00000000eab00000)
  object space 388096K, 81% used [0x00000000c0000000,0x00000000d366f158,0x00000000d7b00000)
 Metaspace       used 73119K, committed 74304K, reserved 1179648K
  class space    used 8190K, committed 8704K, reserved 1048576K
}
Event: 9.324 GC heap before
{Heap before GC invocations=162 (full 10):
 PSYoungGen      total 24064K, used 24003K [0x00000000eab00000, 0x00000000ed280000, 0x0000000100000000)
  eden space 18944K, 100% used [0x00000000eab00000,0x00000000ebd80000,0x00000000ebd80000)
  from space 5120K, 98% used [0x00000000ebd80000,0x00000000ec270cf0,0x00000000ec280000)
  to   space 10240K, 0% used [0x00000000ec880000,0x00000000ec880000,0x00000000ed280000)
 ParOldGen       total 388096K, used 317884K [0x00000000c0000000, 0x00000000d7b00000, 0x00000000eab00000)
  object space 388096K, 81% used [0x00000000c0000000,0x00000000d366f158,0x00000000d7b00000)
 Metaspace       used 73121K, committed 74304K, reserved 1179648K
  class space    used 8190K, committed 8704K, reserved 1048576K
}
Event: 9.330 GC heap after
{Heap after GC invocations=162 (full 10):
 PSYoungGen      total 29184K, used 10073K [0x00000000eab00000, 0x00000000ed380000, 0x0000000100000000)
  eden space 18944K, 0% used [0x00000000eab00000,0x00000000eab00000,0x00000000ebd80000)
  from space 10240K, 98% used [0x00000000ec880000,0x00000000ed256638,0x00000000ed280000)
  to   space 11264K, 0% used [0x00000000ebd80000,0x00000000ebd80000,0x00000000ec880000)
 ParOldGen       total 388096K, used 317884K [0x00000000c0000000, 0x00000000d7b00000, 0x00000000eab00000)
  object space 388096K, 81% used [0x00000000c0000000,0x00000000d366f158,0x00000000d7b00000)
 Metaspace       used 73121K, committed 74304K, reserved 1179648K
  class space    used 8190K, committed 8704K, reserved 1048576K
}
Event: 9.432 GC heap before
{Heap before GC invocations=163 (full 10):
 PSYoungGen      total 29184K, used 29016K [0x00000000eab00000, 0x00000000ed380000, 0x0000000100000000)
  eden space 18944K, 99% used [0x00000000eab00000,0x00000000ebd7fa70,0x00000000ebd80000)
  from space 10240K, 98% used [0x00000000ec880000,0x00000000ed256638,0x00000000ed280000)
  to   space 11264K, 0% used [0x00000000ebd80000,0x00000000ebd80000,0x00000000ec880000)
 ParOldGen       total 388096K, used 317884K [0x00000000c0000000, 0x00000000d7b00000, 0x00000000eab00000)
  object space 388096K, 81% used [0x00000000c0000000,0x00000000d366f158,0x00000000d7b00000)
 Metaspace       used 73297K, committed 74432K, reserved 1179648K
  class space    used 8208K, committed 8704K, reserved 1048576K
}
Event: 9.438 GC heap after
{Heap after GC invocations=163 (full 10):
 PSYoungGen      total 30208K, used 11248K [0x00000000eab00000, 0x00000000ede80000, 0x0000000100000000)
  eden space 18944K, 0% used [0x00000000eab00000,0x00000000eab00000,0x00000000ebd80000)
  from space 11264K, 99% used [0x00000000ebd80000,0x00000000ec87c000,0x00000000ec880000)
  to   space 16896K, 0% used [0x00000000ece00000,0x00000000ece00000,0x00000000ede80000)
 ParOldGen       total 388096K, used 322221K [0x00000000c0000000, 0x00000000d7b00000, 0x00000000eab00000)
  object space 388096K, 83% used [0x00000000c0000000,0x00000000d3aab608,0x00000000d7b00000)
 Metaspace       used 73297K, committed 74432K, reserved 1179648K
  class space    used 8208K, committed 8704K, reserved 1048576K
}
Event: 9.562 GC heap before
{Heap before GC invocations=164 (full 10):
 PSYoungGen      total 30208K, used 30192K [0x00000000eab00000, 0x00000000ede80000, 0x0000000100000000)
  eden space 18944K, 100% used [0x00000000eab00000,0x00000000ebd80000,0x00000000ebd80000)
  from space 11264K, 99% used [0x00000000ebd80000,0x00000000ec87c000,0x00000000ec880000)
  to   space 16896K, 0% used [0x00000000ece00000,0x00000000ece00000,0x00000000ede80000)
 ParOldGen       total 388096K, used 322221K [0x00000000c0000000, 0x00000000d7b00000, 0x00000000eab00000)
  object space 388096K, 83% used [0x00000000c0000000,0x00000000d3aab608,0x00000000d7b00000)
 Metaspace       used 73995K, committed 75136K, reserved 1179648K
  class space    used 8282K, committed 8768K, reserved 1048576K
}
Event: 9.574 GC heap after
{Heap after GC invocations=164 (full 10):
 PSYoungGen      total 27648K, used 8598K [0x00000000eab00000, 0x00000000ed680000, 0x0000000100000000)
  eden space 18944K, 0% used [0x00000000eab00000,0x00000000eab00000,0x00000000ebd80000)
  from space 8704K, 98% used [0x00000000ece00000,0x00000000ed665b08,0x00000000ed680000)
  to   space 11264K, 0% used [0x00000000ec080000,0x00000000ec080000,0x00000000ecb80000)
 ParOldGen       total 388096K, used 328926K [0x00000000c0000000, 0x00000000d7b00000, 0x00000000eab00000)
  object space 388096K, 84% used [0x00000000c0000000,0x00000000d4137b00,0x00000000d7b00000)
 Metaspace       used 73995K, committed 75136K, reserved 1179648K
  class space    used 8282K, committed 8768K, reserved 1048576K
}
Event: 9.624 GC heap before
{Heap before GC invocations=165 (full 10):
 PSYoungGen      total 27648K, used 27542K [0x00000000eab00000, 0x00000000ed680000, 0x0000000100000000)
  eden space 18944K, 100% used [0x00000000eab00000,0x00000000ebd80000,0x00000000ebd80000)
  from space 8704K, 98% used [0x00000000ece00000,0x00000000ed665b08,0x00000000ed680000)
  to   space 11264K, 0% used [0x00000000ec080000,0x00000000ec080000,0x00000000ecb80000)
 ParOldGen       total 388096K, used 328926K [0x00000000c0000000, 0x00000000d7b00000, 0x00000000eab00000)
  object space 388096K, 84% used [0x00000000c0000000,0x00000000d4137b00,0x00000000d7b00000)
 Metaspace       used 74120K, committed 75264K, reserved 1179648K
  class space    used 8293K, committed 8768K, reserved 1048576K
}
Event: 9.629 GC heap after
{Heap after GC invocations=165 (full 10):
 PSYoungGen      total 30208K, used 10926K [0x00000000eab00000, 0x00000000ed480000, 0x0000000100000000)
  eden space 18944K, 0% used [0x00000000eab00000,0x00000000eab00000,0x00000000ebd80000)
  from space 11264K, 97% used [0x00000000ec080000,0x00000000ecb2bae8,0x00000000ecb80000)
  to   space 9216K, 0% used [0x00000000ecb80000,0x00000000ecb80000,0x00000000ed480000)
 ParOldGen       total 388096K, used 328934K [0x00000000c0000000, 0x00000000d7b00000, 0x00000000eab00000)
  object space 388096K, 84% used [0x00000000c0000000,0x00000000d4139b00,0x00000000d7b00000)
 Metaspace       used 74120K, committed 75264K, reserved 1179648K
  class space    used 8293K, committed 8768K, reserved 1048576K
}

