# JRE version: OpenJDK Runtime Environment Temurin-17.0.13+11 (17.0.13+11) (build 17.0.13+11)
# Java VM: OpenJDK 64-Bit Server VM Temurin-17.0.13+11 (17.0.13+11, mixed mode, tiered, compressed oops, compressed class ptrs, parallel gc, windows-amd64)
GC Precious Log:
 CPUs: 12 total, 12 available
 Memory: 7365M
 Large Page Support: Disabled
 NUMA Support: Disabled
 Compressed Oops: Enabled (32-bit)
 Alignments: Space 512K, Generation 512K, Heap 2M
 Heap Min Capacity: 100M
 Heap Initial Capacity: 100M
 Heap Max Capacity: 1G
 Pre-touch: Disabled
 Parallel Workers: 10
Heap:
 PSYoungGen      total 10752K, used 6316K [0x00000000eab00000, 0x00000000ebd00000, 0x0000000100000000)
  eden space 6144K, 28% used [0x00000000eab00000,0x00000000eacb6750,0x00000000eb100000)
  from space 4608K, 99% used [0x00000000eb100000,0x00000000eb57a128,0x00000000eb580000)
  to   space 5632K, 0% used [0x00000000eb780000,0x00000000eb780000,0x00000000ebd00000)
 ParOldGen       total 189952K, used 183532K [0x00000000c0000000, 0x00000000cb980000, 0x00000000eab00000)
  object space 189952K, 96% used [0x00000000c0000000,0x00000000cb33b240,0x00000000cb980000)
 Metaspace       used 67296K, committed 68416K, reserved 1114112K
  class space    used 7192K, committed 7616K, reserved 1048576K
GC Heap History (20 events):
Event: 9.038 GC heap before
{Heap before GC invocations=113 (full 7):
 PSYoungGen      total 7168K, used 6874K [0x00000000eab00000, 0x00000000eb680000, 0x0000000100000000)
  eden space 3072K, 100% used [0x00000000eab00000,0x00000000eae00000,0x00000000eae00000)
  from space 4096K, 92% used [0x00000000eb280000,0x00000000eb636858,0x00000000eb680000)
  to   space 4096K, 0% used [0x00000000eae80000,0x00000000eae80000,0x00000000eb280000)
 ParOldGen       total 189952K, used 175365K [0x00000000c0000000, 0x00000000cb980000, 0x00000000eab00000)
  object space 189952K, 92% used [0x00000000c0000000,0x00000000cab41498,0x00000000cb980000)
 Metaspace       used 66401K, committed 67520K, reserved 1114112K
  class space    used 7051K, committed 7488K, reserved 1048576K
}
Event: 9.040 GC heap after
{Heap after GC invocations=113 (full 7):
 PSYoungGen      total 7680K, used 4080K [0x00000000eab00000, 0x00000000eb780000, 0x0000000100000000)
  eden space 3584K, 0% used [0x00000000eab00000,0x00000000eab00000,0x00000000eae80000)
  from space 4096K, 99% used [0x00000000eae80000,0x00000000eb27c3d8,0x00000000eb280000)
  to   space 4608K, 0% used [0x00000000eb300000,0x00000000eb300000,0x00000000eb780000)
 ParOldGen       total 189952K, used 175611K [0x00000000c0000000, 0x00000000cb980000, 0x00000000eab00000)
  object space 189952K, 92% used [0x00000000c0000000,0x00000000cab7ec70,0x00000000cb980000)
 Metaspace       used 66401K, committed 67520K, reserved 1114112K
  class space    used 7051K, committed 7488K, reserved 1048576K
}
Event: 9.049 GC heap before
{Heap before GC invocations=114 (full 7):
 PSYoungGen      total 7680K, used 7664K [0x00000000eab00000, 0x00000000eb780000, 0x0000000100000000)
  eden space 3584K, 100% used [0x00000000eab00000,0x00000000eae80000,0x00000000eae80000)
  from space 4096K, 99% used [0x00000000eae80000,0x00000000eb27c3d8,0x00000000eb280000)
  to   space 4608K, 0% used [0x00000000eb300000,0x00000000eb300000,0x00000000eb780000)
 ParOldGen       total 189952K, used 175611K [0x00000000c0000000, 0x00000000cb980000, 0x00000000eab00000)
  object space 189952K, 92% used [0x00000000c0000000,0x00000000cab7ec70,0x00000000cb980000)
 Metaspace       used 66457K, committed 67584K, reserved 1114112K
  class space    used 7062K, committed 7488K, reserved 1048576K
}
Event: 9.054 GC heap after
{Heap after GC invocations=114 (full 7):
 PSYoungGen      total 6144K, used 1780K [0x00000000eab00000, 0x00000000eb500000, 0x0000000100000000)
  eden space 4096K, 0% used [0x00000000eab00000,0x00000000eab00000,0x00000000eaf00000)
  from space 2048K, 86% used [0x00000000eb300000,0x00000000eb4bd078,0x00000000eb500000)
  to   space 3072K, 0% used [0x00000000eaf00000,0x00000000eaf00000,0x00000000eb200000)
 ParOldGen       total 189952K, used 178562K [0x00000000c0000000, 0x00000000cb980000, 0x00000000eab00000)
  object space 189952K, 94% used [0x00000000c0000000,0x00000000cae60a50,0x00000000cb980000)
 Metaspace       used 66457K, committed 67584K, reserved 1114112K
  class space    used 7062K, committed 7488K, reserved 1048576K
}
Event: 9.065 GC heap before
{Heap before GC invocations=115 (full 7):
 PSYoungGen      total 6144K, used 5876K [0x00000000eab00000, 0x00000000eb500000, 0x0000000100000000)
  eden space 4096K, 100% used [0x00000000eab00000,0x00000000eaf00000,0x00000000eaf00000)
  from space 2048K, 86% used [0x00000000eb300000,0x00000000eb4bd078,0x00000000eb500000)
  to   space 3072K, 0% used [0x00000000eaf00000,0x00000000eaf00000,0x00000000eb200000)
 ParOldGen       total 189952K, used 178562K [0x00000000c0000000, 0x00000000cb980000, 0x00000000eab00000)
  object space 189952K, 94% used [0x00000000c0000000,0x00000000cae60a50,0x00000000cb980000)
 Metaspace       used 66520K, committed 67648K, reserved 1114112K
  class space    used 7075K, committed 7488K, reserved 1048576K
}
Event: 9.067 GC heap after
{Heap after GC invocations=115 (full 7):
 PSYoungGen      total 7168K, used 2493K [0x00000000eab00000, 0x00000000eb580000, 0x0000000100000000)
  eden space 4096K, 0% used [0x00000000eab00000,0x00000000eab00000,0x00000000eaf00000)
  from space 3072K, 81% used [0x00000000eaf00000,0x00000000eb16f660,0x00000000eb200000)
  to   space 3072K, 0% used [0x00000000eb280000,0x00000000eb280000,0x00000000eb580000)
 ParOldGen       total 189952K, used 178562K [0x00000000c0000000, 0x00000000cb980000, 0x00000000eab00000)
  object space 189952K, 94% used [0x00000000c0000000,0x00000000cae60a50,0x00000000cb980000)
 Metaspace       used 66520K, committed 67648K, reserved 1114112K
  class space    used 7075K, committed 7488K, reserved 1048576K
}
Event: 9.076 GC heap before
{Heap before GC invocations=116 (full 7):
 PSYoungGen      total 7168K, used 6589K [0x00000000eab00000, 0x00000000eb580000, 0x0000000100000000)
  eden space 4096K, 100% used [0x00000000eab00000,0x00000000eaf00000,0x00000000eaf00000)
  from space 3072K, 81% used [0x00000000eaf00000,0x00000000eb16f660,0x00000000eb200000)
  to   space 3072K, 0% used [0x00000000eb280000,0x00000000eb280000,0x00000000eb580000)
 ParOldGen       total 189952K, used 178562K [0x00000000c0000000, 0x00000000cb980000, 0x00000000eab00000)
  object space 189952K, 94% used [0x00000000c0000000,0x00000000cae60a50,0x00000000cb980000)
 Metaspace       used 66603K, committed 67776K, reserved 1114112K
  class space    used 7084K, committed 7552K, reserved 1048576K
}
Event: 9.078 GC heap after
{Heap after GC invocations=116 (full 7):
 PSYoungGen      total 7168K, used 3045K [0x00000000eab00000, 0x00000000eb680000, 0x0000000100000000)
  eden space 4096K, 0% used [0x00000000eab00000,0x00000000eab00000,0x00000000eaf00000)
  from space 3072K, 99% used [0x00000000eb280000,0x00000000eb5796e0,0x00000000eb580000)
  to   space 3584K, 0% used [0x00000000eaf00000,0x00000000eaf00000,0x00000000eb280000)
 ParOldGen       total 189952K, used 178562K [0x00000000c0000000, 0x00000000cb980000, 0x00000000eab00000)
  object space 189952K, 94% used [0x00000000c0000000,0x00000000cae60a50,0x00000000cb980000)
 Metaspace       used 66603K, committed 67776K, reserved 1114112K
  class space    used 7084K, committed 7552K, reserved 1048576K
}
Event: 9.089 GC heap before
{Heap before GC invocations=117 (full 7):
 PSYoungGen      total 7168K, used 7141K [0x00000000eab00000, 0x00000000eb680000, 0x0000000100000000)
  eden space 4096K, 100% used [0x00000000eab00000,0x00000000eaf00000,0x00000000eaf00000)
  from space 3072K, 99% used [0x00000000eb280000,0x00000000eb5796e0,0x00000000eb580000)
  to   space 3584K, 0% used [0x00000000eaf00000,0x00000000eaf00000,0x00000000eb280000)
 ParOldGen       total 189952K, used 178562K [0x00000000c0000000, 0x00000000cb980000, 0x00000000eab00000)
  object space 189952K, 94% used [0x00000000c0000000,0x00000000cae60a50,0x00000000cb980000)
 Metaspace       used 66686K, committed 67840K, reserved 1114112K
  class space    used 7102K, committed 7552K, reserved 1048576K
}
Event: 9.091 GC heap after
{Heap after GC invocations=117 (full 7):
 PSYoungGen      total 7680K, used 3562K [0x00000000eab00000, 0x00000000eb780000, 0x0000000100000000)
  eden space 4096K, 0% used [0x00000000eab00000,0x00000000eab00000,0x00000000eaf00000)
  from space 3584K, 99% used [0x00000000eaf00000,0x00000000eb27a808,0x00000000eb280000)
  to   space 4096K, 0% used [0x00000000eb380000,0x00000000eb380000,0x00000000eb780000)
 ParOldGen       total 189952K, used 178761K [0x00000000c0000000, 0x00000000cb980000, 0x00000000eab00000)
  object space 189952K, 94% used [0x00000000c0000000,0x00000000cae92688,0x00000000cb980000)
 Metaspace       used 66686K, committed 67840K, reserved 1114112K
  class space    used 7102K, committed 7552K, reserved 1048576K
}
Event: 9.103 GC heap before
{Heap before GC invocations=118 (full 7):
 PSYoungGen      total 7680K, used 7658K [0x00000000eab00000, 0x00000000eb780000, 0x0000000100000000)
  eden space 4096K, 100% used [0x00000000eab00000,0x00000000eaf00000,0x00000000eaf00000)
  from space 3584K, 99% used [0x00000000eaf00000,0x00000000eb27a808,0x00000000eb280000)
  to   space 4096K, 0% used [0x00000000eb380000,0x00000000eb380000,0x00000000eb780000)
 ParOldGen       total 189952K, used 178761K [0x00000000c0000000, 0x00000000cb980000, 0x00000000eab00000)
  object space 189952K, 94% used [0x00000000c0000000,0x00000000cae92688,0x00000000cb980000)
 Metaspace       used 66774K, committed 67904K, reserved 1114112K
  class space    used 7120K, committed 7552K, reserved 1048576K
}
Event: 9.107 GC heap after
{Heap after GC invocations=118 (full 7):
 PSYoungGen      total 8704K, used 3549K [0x00000000eab00000, 0x00000000eb780000, 0x0000000100000000)
  eden space 4608K, 0% used [0x00000000eab00000,0x00000000eab00000,0x00000000eaf80000)
  from space 4096K, 86% used [0x00000000eb380000,0x00000000eb6f7470,0x00000000eb780000)
  to   space 4096K, 0% used [0x00000000eaf80000,0x00000000eaf80000,0x00000000eb380000)
 ParOldGen       total 189952K, used 179705K [0x00000000c0000000, 0x00000000cb980000, 0x00000000eab00000)
  object space 189952K, 94% used [0x00000000c0000000,0x00000000caf7e5c0,0x00000000cb980000)
 Metaspace       used 66774K, committed 67904K, reserved 1114112K
  class space    used 7120K, committed 7552K, reserved 1048576K
}
Event: 9.120 GC heap before
{Heap before GC invocations=119 (full 7):
 PSYoungGen      total 8704K, used 8157K [0x00000000eab00000, 0x00000000eb780000, 0x0000000100000000)
  eden space 4608K, 100% used [0x00000000eab00000,0x00000000eaf80000,0x00000000eaf80000)
  from space 4096K, 86% used [0x00000000eb380000,0x00000000eb6f7470,0x00000000eb780000)
  to   space 4096K, 0% used [0x00000000eaf80000,0x00000000eaf80000,0x00000000eb380000)
 ParOldGen       total 189952K, used 179705K [0x00000000c0000000, 0x00000000cb980000, 0x00000000eab00000)
  object space 189952K, 94% used [0x00000000c0000000,0x00000000caf7e5c0,0x00000000cb980000)
 Metaspace       used 66871K, committed 67968K, reserved 1114112K
  class space    used 7132K, committed 7552K, reserved 1048576K
}
Event: 9.122 GC heap after
{Heap after GC invocations=119 (full 7):
 PSYoungGen      total 8704K, used 4082K [0x00000000eab00000, 0x00000000eb900000, 0x0000000100000000)
  eden space 4608K, 0% used [0x00000000eab00000,0x00000000eab00000,0x00000000eaf80000)
  from space 4096K, 99% used [0x00000000eaf80000,0x00000000eb37cae0,0x00000000eb380000)
  to   space 4608K, 0% used [0x00000000eb480000,0x00000000eb480000,0x00000000eb900000)
 ParOldGen       total 189952K, used 179918K [0x00000000c0000000, 0x00000000cb980000, 0x00000000eab00000)
  object space 189952K, 94% used [0x00000000c0000000,0x00000000cafb3830,0x00000000cb980000)
 Metaspace       used 66871K, committed 67968K, reserved 1114112K
  class space    used 7132K, committed 7552K, reserved 1048576K
}
Event: 9.136 GC heap before
{Heap before GC invocations=120 (full 7):
 PSYoungGen      total 8704K, used 8690K [0x00000000eab00000, 0x00000000eb900000, 0x0000000100000000)
  eden space 4608K, 99% used [0x00000000eab00000,0x00000000eaf7ffd8,0x00000000eaf80000)
  from space 4096K, 99% used [0x00000000eaf80000,0x00000000eb37cae0,0x00000000eb380000)
  to   space 4608K, 0% used [0x00000000eb480000,0x00000000eb480000,0x00000000eb900000)
 ParOldGen       total 189952K, used 179918K [0x00000000c0000000, 0x00000000cb980000, 0x00000000eab00000)
  object space 189952K, 94% used [0x00000000c0000000,0x00000000cafb3830,0x00000000cb980000)
 Metaspace       used 66981K, committed 68096K, reserved 1114112K
  class space    used 7144K, committed 7552K, reserved 1048576K
}
Event: 9.140 GC heap after
{Heap after GC invocations=120 (full 7):
 PSYoungGen      total 9216K, used 3956K [0x00000000eab00000, 0x00000000eb880000, 0x0000000100000000)
  eden space 5120K, 0% used [0x00000000eab00000,0x00000000eab00000,0x00000000eb000000)
  from space 4096K, 96% used [0x00000000eb480000,0x00000000eb85d1c8,0x00000000eb880000)
  to   space 4096K, 0% used [0x00000000eb080000,0x00000000eb080000,0x00000000eb480000)
 ParOldGen       total 189952K, used 181074K [0x00000000c0000000, 0x00000000cb980000, 0x00000000eab00000)
  object space 189952K, 95% used [0x00000000c0000000,0x00000000cb0d48f0,0x00000000cb980000)
 Metaspace       used 66981K, committed 68096K, reserved 1114112K
  class space    used 7144K, committed 7552K, reserved 1048576K
}
Event: 9.160 GC heap before
{Heap before GC invocations=121 (full 7):
 PSYoungGen      total 9216K, used 9076K [0x00000000eab00000, 0x00000000eb880000, 0x0000000100000000)
  eden space 5120K, 100% used [0x00000000eab00000,0x00000000eb000000,0x00000000eb000000)
  from space 4096K, 96% used [0x00000000eb480000,0x00000000eb85d1c8,0x00000000eb880000)
  to   space 4096K, 0% used [0x00000000eb080000,0x00000000eb080000,0x00000000eb480000)
 ParOldGen       total 189952K, used 181074K [0x00000000c0000000, 0x00000000cb980000, 0x00000000eab00000)
  object space 189952K, 95% used [0x00000000c0000000,0x00000000cb0d48f0,0x00000000cb980000)
 Metaspace       used 67077K, committed 68224K, reserved 1114112K
  class space    used 7159K, committed 7616K, reserved 1048576K
}
Event: 9.164 GC heap after
{Heap after GC invocations=121 (full 7):
 PSYoungGen      total 9728K, used 4076K [0x00000000eab00000, 0x00000000eba80000, 0x0000000100000000)
  eden space 5632K, 0% used [0x00000000eab00000,0x00000000eab00000,0x00000000eb080000)
  from space 4096K, 99% used [0x00000000eb080000,0x00000000eb47b178,0x00000000eb480000)
  to   space 5120K, 0% used [0x00000000eb580000,0x00000000eb580000,0x00000000eba80000)
 ParOldGen       total 189952K, used 181745K [0x00000000c0000000, 0x00000000cb980000, 0x00000000eab00000)
  object space 189952K, 95% used [0x00000000c0000000,0x00000000cb17c448,0x00000000cb980000)
 Metaspace       used 67077K, committed 68224K, reserved 1114112K
  class space    used 7159K, committed 7616K, reserved 1048576K
}
Event: 9.186 GC heap before
{Heap before GC invocations=122 (full 7):
 PSYoungGen      total 9728K, used 9708K [0x00000000eab00000, 0x00000000eba80000, 0x0000000100000000)
  eden space 5632K, 100% used [0x00000000eab00000,0x00000000eb080000,0x00000000eb080000)
  from space 4096K, 99% used [0x00000000eb080000,0x00000000eb47b178,0x00000000eb480000)
  to   space 5120K, 0% used [0x00000000eb580000,0x00000000eb580000,0x00000000eba80000)
 ParOldGen       total 189952K, used 181745K [0x00000000c0000000, 0x00000000cb980000, 0x00000000eab00000)
  object space 189952K, 95% used [0x00000000c0000000,0x00000000cb17c448,0x00000000cb980000)
 Metaspace       used 67165K, committed 68288K, reserved 1114112K
  class space    used 7166K, committed 7616K, reserved 1048576K
}
Event: 9.190 GC heap after
{Heap after GC invocations=122 (full 7):
 PSYoungGen      total 11264K, used 4213K [0x00000000eab00000, 0x00000000eba80000, 0x0000000100000000)
  eden space 6144K, 0% used [0x00000000eab00000,0x00000000eab00000,0x00000000eb100000)
  from space 5120K, 82% used [0x00000000eb580000,0x00000000eb99d600,0x00000000eba80000)
  to   space 4608K, 0% used [0x00000000eb100000,0x00000000eb100000,0x00000000eb580000)
 ParOldGen       total 189952K, used 182830K [0x00000000c0000000, 0x00000000cb980000, 0x00000000eab00000)
  object space 189952K, 96% used [0x00000000c0000000,0x00000000cb28bb58,0x00000000cb980000)
 Metaspace       used 67165K, committed 68288K, reserved 1114112K
  class space    used 7166K, committed 7616K, reserved 1048576K
}

