# JRE version: OpenJDK Runtime Environment Temurin-17.0.13+11 (17.0.13+11) (build 17.0.13+11)
# Java VM: OpenJDK 64-Bit Server VM Temurin-17.0.13+11 (17.0.13+11, mixed mode, tiered, compressed oops, compressed class ptrs, parallel gc, windows-amd64)
GC Precious Log:
 CPUs: 12 total, 12 available
 Memory: 7365M
 Large Page Support: Disabled
 NUMA Support: Disabled
 Compressed Oops: Enabled (32-bit)
 Alignments: Space 512K, Generation 512K, Heap 2M
 Heap Min Capacity: 100M
 Heap Initial Capacity: 100M
 Heap Max Capacity: 1G
 Pre-touch: Disabled
 Parallel Workers: 10
Heap:
 PSYoungGen      total 7168K, used 6899K [0x00000000eab00000, 0x00000000eb380000, 0x0000000100000000)
  eden space 5632K, 100% used [0x00000000eab00000,0x00000000eb080000,0x00000000eb080000)
  from space 1536K, 82% used [0x00000000eb080000,0x00000000eb1bcc08,0x00000000eb200000)
  to   space 1536K, 0% used [0x00000000eb200000,0x00000000eb200000,0x00000000eb380000)
 ParOldGen       total 118272K, used 111901K [0x00000000c0000000, 0x00000000c7380000, 0x00000000eab00000)
  object space 118272K, 94% used [0x00000000c0000000,0x00000000c6d47748,0x00000000c7380000)
 Metaspace       used 62303K, committed 63360K, reserved 1114112K
  class space    used 6536K, committed 6976K, reserved 1048576K
GC Heap History (20 events):
Event: 8.076 GC heap before
{Heap before GC invocations=65 (full 4):
 PSYoungGen      total 7168K, used 6935K [0x00000000eab00000, 0x00000000eb380000, 0x0000000100000000)
  eden space 5632K, 100% used [0x00000000eab00000,0x00000000eb080000,0x00000000eb080000)
  from space 1536K, 84% used [0x00000000eb200000,0x00000000eb345cc0,0x00000000eb380000)
  to   space 1536K, 0% used [0x00000000eb080000,0x00000000eb080000,0x00000000eb200000)
 ParOldGen       total 118272K, used 106531K [0x00000000c0000000, 0x00000000c7380000, 0x00000000eab00000)
  object space 118272K, 90% used [0x00000000c0000000,0x00000000c6808f30,0x00000000c7380000)
 Metaspace       used 62071K, committed 63040K, reserved 1114112K
  class space    used 6535K, committed 6976K, reserved 1048576K
}
Event: 8.078 GC heap after
{Heap after GC invocations=65 (full 4):
 PSYoungGen      total 7168K, used 1460K [0x00000000eab00000, 0x00000000eb380000, 0x0000000100000000)
  eden space 5632K, 0% used [0x00000000eab00000,0x00000000eab00000,0x00000000eb080000)
  from space 1536K, 95% used [0x00000000eb080000,0x00000000eb1ed068,0x00000000eb200000)
  to   space 1536K, 0% used [0x00000000eb200000,0x00000000eb200000,0x00000000eb380000)
 ParOldGen       total 118272K, used 107663K [0x00000000c0000000, 0x00000000c7380000, 0x00000000eab00000)
  object space 118272K, 91% used [0x00000000c0000000,0x00000000c6923e40,0x00000000c7380000)
 Metaspace       used 62071K, committed 63040K, reserved 1114112K
  class space    used 6535K, committed 6976K, reserved 1048576K
}
Event: 8.096 GC heap before
{Heap before GC invocations=66 (full 4):
 PSYoungGen      total 7168K, used 7092K [0x00000000eab00000, 0x00000000eb380000, 0x0000000100000000)
  eden space 5632K, 100% used [0x00000000eab00000,0x00000000eb080000,0x00000000eb080000)
  from space 1536K, 95% used [0x00000000eb080000,0x00000000eb1ed068,0x00000000eb200000)
  to   space 1536K, 0% used [0x00000000eb200000,0x00000000eb200000,0x00000000eb380000)
 ParOldGen       total 118272K, used 107663K [0x00000000c0000000, 0x00000000c7380000, 0x00000000eab00000)
  object space 118272K, 91% used [0x00000000c0000000,0x00000000c6923e40,0x00000000c7380000)
 Metaspace       used 62094K, committed 63168K, reserved 1114112K
  class space    used 6536K, committed 6976K, reserved 1048576K
}
Event: 8.098 GC heap after
{Heap after GC invocations=66 (full 4):
 PSYoungGen      total 7168K, used 1280K [0x00000000eab00000, 0x00000000eb380000, 0x0000000100000000)
  eden space 5632K, 0% used [0x00000000eab00000,0x00000000eab00000,0x00000000eb080000)
  from space 1536K, 83% used [0x00000000eb200000,0x00000000eb340000,0x00000000eb380000)
  to   space 1536K, 0% used [0x00000000eb080000,0x00000000eb080000,0x00000000eb200000)
 ParOldGen       total 118272K, used 108906K [0x00000000c0000000, 0x00000000c7380000, 0x00000000eab00000)
  object space 118272K, 92% used [0x00000000c0000000,0x00000000c6a5ab48,0x00000000c7380000)
 Metaspace       used 62094K, committed 63168K, reserved 1114112K
  class space    used 6536K, committed 6976K, reserved 1048576K
}
Event: 8.118 GC heap before
{Heap before GC invocations=67 (full 4):
 PSYoungGen      total 7168K, used 6912K [0x00000000eab00000, 0x00000000eb380000, 0x0000000100000000)
  eden space 5632K, 100% used [0x00000000eab00000,0x00000000eb080000,0x00000000eb080000)
  from space 1536K, 83% used [0x00000000eb200000,0x00000000eb340000,0x00000000eb380000)
  to   space 1536K, 0% used [0x00000000eb080000,0x00000000eb080000,0x00000000eb200000)
 ParOldGen       total 118272K, used 108906K [0x00000000c0000000, 0x00000000c7380000, 0x00000000eab00000)
  object space 118272K, 92% used [0x00000000c0000000,0x00000000c6a5ab48,0x00000000c7380000)
 Metaspace       used 62114K, committed 63168K, reserved 1114112K
  class space    used 6536K, committed 6976K, reserved 1048576K
}
Event: 8.119 GC heap after
{Heap after GC invocations=67 (full 4):
 PSYoungGen      total 7168K, used 1344K [0x00000000eab00000, 0x00000000eb380000, 0x0000000100000000)
  eden space 5632K, 0% used [0x00000000eab00000,0x00000000eab00000,0x00000000eb080000)
  from space 1536K, 87% used [0x00000000eb080000,0x00000000eb1d0000,0x00000000eb200000)
  to   space 1536K, 0% used [0x00000000eb200000,0x00000000eb200000,0x00000000eb380000)
 ParOldGen       total 118272K, used 110052K [0x00000000c0000000, 0x00000000c7380000, 0x00000000eab00000)
  object space 118272K, 93% used [0x00000000c0000000,0x00000000c6b79010,0x00000000c7380000)
 Metaspace       used 62114K, committed 63168K, reserved 1114112K
  class space    used 6536K, committed 6976K, reserved 1048576K
}
Event: 8.137 GC heap before
{Heap before GC invocations=68 (full 4):
 PSYoungGen      total 7168K, used 6976K [0x00000000eab00000, 0x00000000eb380000, 0x0000000100000000)
  eden space 5632K, 100% used [0x00000000eab00000,0x00000000eb080000,0x00000000eb080000)
  from space 1536K, 87% used [0x00000000eb080000,0x00000000eb1d0000,0x00000000eb200000)
  to   space 1536K, 0% used [0x00000000eb200000,0x00000000eb200000,0x00000000eb380000)
 ParOldGen       total 118272K, used 110052K [0x00000000c0000000, 0x00000000c7380000, 0x00000000eab00000)
  object space 118272K, 93% used [0x00000000c0000000,0x00000000c6b79010,0x00000000c7380000)
 Metaspace       used 62114K, committed 63168K, reserved 1114112K
  class space    used 6536K, committed 6976K, reserved 1048576K
}
Event: 8.139 GC heap after
{Heap after GC invocations=68 (full 4):
 PSYoungGen      total 7168K, used 1376K [0x00000000eab00000, 0x00000000eb380000, 0x0000000100000000)
  eden space 5632K, 0% used [0x00000000eab00000,0x00000000eab00000,0x00000000eb080000)
  from space 1536K, 89% used [0x00000000eb200000,0x00000000eb358000,0x00000000eb380000)
  to   space 1536K, 0% used [0x00000000eb080000,0x00000000eb080000,0x00000000eb200000)
 ParOldGen       total 118272K, used 111246K [0x00000000c0000000, 0x00000000c7380000, 0x00000000eab00000)
  object space 118272K, 94% used [0x00000000c0000000,0x00000000c6ca3828,0x00000000c7380000)
 Metaspace       used 62114K, committed 63168K, reserved 1114112K
  class space    used 6536K, committed 6976K, reserved 1048576K
}
Event: 8.155 GC heap before
{Heap before GC invocations=69 (full 4):
 PSYoungGen      total 7168K, used 7008K [0x00000000eab00000, 0x00000000eb380000, 0x0000000100000000)
  eden space 5632K, 100% used [0x00000000eab00000,0x00000000eb080000,0x00000000eb080000)
  from space 1536K, 89% used [0x00000000eb200000,0x00000000eb358000,0x00000000eb380000)
  to   space 1536K, 0% used [0x00000000eb080000,0x00000000eb080000,0x00000000eb200000)
 ParOldGen       total 118272K, used 111246K [0x00000000c0000000, 0x00000000c7380000, 0x00000000eab00000)
  object space 118272K, 94% used [0x00000000c0000000,0x00000000c6ca3828,0x00000000c7380000)
 Metaspace       used 62115K, committed 63168K, reserved 1114112K
  class space    used 6536K, committed 6976K, reserved 1048576K
}
Event: 8.157 GC heap after
{Heap after GC invocations=69 (full 4):
 PSYoungGen      total 7168K, used 1304K [0x00000000eab00000, 0x00000000eb380000, 0x0000000100000000)
  eden space 5632K, 0% used [0x00000000eab00000,0x00000000eab00000,0x00000000eb080000)
  from space 1536K, 84% used [0x00000000eb080000,0x00000000eb1c62b0,0x00000000eb200000)
  to   space 1536K, 0% used [0x00000000eb200000,0x00000000eb200000,0x00000000eb380000)
 ParOldGen       total 118272K, used 112474K [0x00000000c0000000, 0x00000000c7380000, 0x00000000eab00000)
  object space 118272K, 95% used [0x00000000c0000000,0x00000000c6dd6a00,0x00000000c7380000)
 Metaspace       used 62115K, committed 63168K, reserved 1114112K
  class space    used 6536K, committed 6976K, reserved 1048576K
}
Event: 8.174 GC heap before
{Heap before GC invocations=70 (full 4):
 PSYoungGen      total 7168K, used 6936K [0x00000000eab00000, 0x00000000eb380000, 0x0000000100000000)
  eden space 5632K, 100% used [0x00000000eab00000,0x00000000eb080000,0x00000000eb080000)
  from space 1536K, 84% used [0x00000000eb080000,0x00000000eb1c62b0,0x00000000eb200000)
  to   space 1536K, 0% used [0x00000000eb200000,0x00000000eb200000,0x00000000eb380000)
 ParOldGen       total 118272K, used 112474K [0x00000000c0000000, 0x00000000c7380000, 0x00000000eab00000)
  object space 118272K, 95% used [0x00000000c0000000,0x00000000c6dd6a00,0x00000000c7380000)
 Metaspace       used 62144K, committed 63168K, reserved 1114112K
  class space    used 6536K, committed 6976K, reserved 1048576K
}
Event: 8.175 GC heap after
{Heap after GC invocations=70 (full 4):
 PSYoungGen      total 7168K, used 1461K [0x00000000eab00000, 0x00000000eb380000, 0x0000000100000000)
  eden space 5632K, 0% used [0x00000000eab00000,0x00000000eab00000,0x00000000eb080000)
  from space 1536K, 95% used [0x00000000eb200000,0x00000000eb36d408,0x00000000eb380000)
  to   space 1536K, 0% used [0x00000000eb080000,0x00000000eb080000,0x00000000eb200000)
 ParOldGen       total 118272K, used 113619K [0x00000000c0000000, 0x00000000c7380000, 0x00000000eab00000)
  object space 118272K, 96% used [0x00000000c0000000,0x00000000c6ef4e28,0x00000000c7380000)
 Metaspace       used 62144K, committed 63168K, reserved 1114112K
  class space    used 6536K, committed 6976K, reserved 1048576K
}
Event: 8.192 GC heap before
{Heap before GC invocations=71 (full 4):
 PSYoungGen      total 7168K, used 7093K [0x00000000eab00000, 0x00000000eb380000, 0x0000000100000000)
  eden space 5632K, 100% used [0x00000000eab00000,0x00000000eb080000,0x00000000eb080000)
  from space 1536K, 95% used [0x00000000eb200000,0x00000000eb36d408,0x00000000eb380000)
  to   space 1536K, 0% used [0x00000000eb080000,0x00000000eb080000,0x00000000eb200000)
 ParOldGen       total 118272K, used 113619K [0x00000000c0000000, 0x00000000c7380000, 0x00000000eab00000)
  object space 118272K, 96% used [0x00000000c0000000,0x00000000c6ef4e28,0x00000000c7380000)
 Metaspace       used 62184K, committed 63232K, reserved 1114112K
  class space    used 6536K, committed 6976K, reserved 1048576K
}
Event: 8.194 GC heap after
{Heap after GC invocations=71 (full 4):
 PSYoungGen      total 7168K, used 1326K [0x00000000eab00000, 0x00000000eb380000, 0x0000000100000000)
  eden space 5632K, 0% used [0x00000000eab00000,0x00000000eab00000,0x00000000eb080000)
  from space 1536K, 86% used [0x00000000eb080000,0x00000000eb1cbb38,0x00000000eb200000)
  to   space 1536K, 0% used [0x00000000eb200000,0x00000000eb200000,0x00000000eb380000)
 ParOldGen       total 118272K, used 114886K [0x00000000c0000000, 0x00000000c7380000, 0x00000000eab00000)
  object space 118272K, 97% used [0x00000000c0000000,0x00000000c7031b50,0x00000000c7380000)
 Metaspace       used 62184K, committed 63232K, reserved 1114112K
  class space    used 6536K, committed 6976K, reserved 1048576K
}
Event: 8.213 GC heap before
{Heap before GC invocations=72 (full 4):
 PSYoungGen      total 7168K, used 6958K [0x00000000eab00000, 0x00000000eb380000, 0x0000000100000000)
  eden space 5632K, 100% used [0x00000000eab00000,0x00000000eb080000,0x00000000eb080000)
  from space 1536K, 86% used [0x00000000eb080000,0x00000000eb1cbb38,0x00000000eb200000)
  to   space 1536K, 0% used [0x00000000eb200000,0x00000000eb200000,0x00000000eb380000)
 ParOldGen       total 118272K, used 114886K [0x00000000c0000000, 0x00000000c7380000, 0x00000000eab00000)
  object space 118272K, 97% used [0x00000000c0000000,0x00000000c7031b50,0x00000000c7380000)
 Metaspace       used 62227K, committed 63296K, reserved 1114112K
  class space    used 6536K, committed 6976K, reserved 1048576K
}
Event: 8.215 GC heap after
{Heap after GC invocations=72 (full 4):
 PSYoungGen      total 7168K, used 1355K [0x00000000eab00000, 0x00000000eb380000, 0x0000000100000000)
  eden space 5632K, 0% used [0x00000000eab00000,0x00000000eab00000,0x00000000eb080000)
  from space 1536K, 88% used [0x00000000eb200000,0x00000000eb352c40,0x00000000eb380000)
  to   space 1536K, 0% used [0x00000000eb080000,0x00000000eb080000,0x00000000eb200000)
 ParOldGen       total 118272K, used 116092K [0x00000000c0000000, 0x00000000c7380000, 0x00000000eab00000)
  object space 118272K, 98% used [0x00000000c0000000,0x00000000c715f0e0,0x00000000c7380000)
 Metaspace       used 62227K, committed 63296K, reserved 1114112K
  class space    used 6536K, committed 6976K, reserved 1048576K
}
Event: 8.236 GC heap before
{Heap before GC invocations=73 (full 4):
 PSYoungGen      total 7168K, used 6987K [0x00000000eab00000, 0x00000000eb380000, 0x0000000100000000)
  eden space 5632K, 100% used [0x00000000eab00000,0x00000000eb080000,0x00000000eb080000)
  from space 1536K, 88% used [0x00000000eb200000,0x00000000eb352c40,0x00000000eb380000)
  to   space 1536K, 0% used [0x00000000eb080000,0x00000000eb080000,0x00000000eb200000)
 ParOldGen       total 118272K, used 116092K [0x00000000c0000000, 0x00000000c7380000, 0x00000000eab00000)
  object space 118272K, 98% used [0x00000000c0000000,0x00000000c715f0e0,0x00000000c7380000)
 Metaspace       used 62257K, committed 63360K, reserved 1114112K
  class space    used 6536K, committed 6976K, reserved 1048576K
}
Event: 8.237 GC heap after
{Heap after GC invocations=73 (full 4):
 PSYoungGen      total 7168K, used 1459K [0x00000000eab00000, 0x00000000eb380000, 0x0000000100000000)
  eden space 5632K, 0% used [0x00000000eab00000,0x00000000eab00000,0x00000000eb080000)
  from space 1536K, 95% used [0x00000000eb080000,0x00000000eb1eccf0,0x00000000eb200000)
  to   space 1536K, 0% used [0x00000000eb200000,0x00000000eb200000,0x00000000eb380000)
 ParOldGen       total 118272K, used 117282K [0x00000000c0000000, 0x00000000c7380000, 0x00000000eab00000)
  object space 118272K, 99% used [0x00000000c0000000,0x00000000c72889d8,0x00000000c7380000)
 Metaspace       used 62257K, committed 63360K, reserved 1114112K
  class space    used 6536K, committed 6976K, reserved 1048576K
}
Event: 8.253 GC heap before
{Heap before GC invocations=74 (full 5):
 PSYoungGen      total 7168K, used 7091K [0x00000000eab00000, 0x00000000eb380000, 0x0000000100000000)
  eden space 5632K, 100% used [0x00000000eab00000,0x00000000eb080000,0x00000000eb080000)
  from space 1536K, 95% used [0x00000000eb080000,0x00000000eb1eccf0,0x00000000eb200000)
  to   space 1536K, 0% used [0x00000000eb200000,0x00000000eb200000,0x00000000eb380000)
 ParOldGen       total 118272K, used 117282K [0x00000000c0000000, 0x00000000c7380000, 0x00000000eab00000)
  object space 118272K, 99% used [0x00000000c0000000,0x00000000c72889d8,0x00000000c7380000)
 Metaspace       used 62274K, committed 63360K, reserved 1114112K
  class space    used 6536K, committed 6976K, reserved 1048576K
}
Event: 8.325 GC heap after
{Heap after GC invocations=74 (full 5):
 PSYoungGen      total 7168K, used 0K [0x00000000eab00000, 0x00000000eb380000, 0x0000000100000000)
  eden space 5632K, 0% used [0x00000000eab00000,0x00000000eab00000,0x00000000eb080000)
  from space 1536K, 0% used [0x00000000eb200000,0x00000000eb200000,0x00000000eb380000)
  to   space 1536K, 0% used [0x00000000eb080000,0x00000000eb080000,0x00000000eb200000)
 ParOldGen       total 118272K, used 111901K [0x00000000c0000000, 0x00000000c7380000, 0x00000000eab00000)
  object space 118272K, 94% used [0x00000000c0000000,0x00000000c6d47748,0x00000000c7380000)
 Metaspace       used 62274K, committed 63360K, reserved 1114112K
  class space    used 6536K, committed 6976K, reserved 1048576K
}

